[32mINFO    [0m juju.model:__init__.py:3254 Waiting for model:
  image-builder-operator-9520019e/0 [idle] active: Building image.
[32mINFO    [0m juju.model:__init__.py:3254 Waiting for model:
  image-builder-operator-9520019e/0 [executing] active: Building image.
[32mINFO    [0m juju.model:__init__.py:3254 Waiting for model:
  image-builder-operator-9520019e/0 [idle] active: Building image.
[32mINFO    [0m tests.integration.conftest:conftest.py:158 Cleaning up test charm.
[32mINFO    [0m tests.integration.conftest:conftest.py:160 Test charm application test2-9520019e removed.
[32mINFO    [0m tests.integration.conftest:conftest.py:142 Test charm application test-9520019e removed.
[32mINFO    [0m pytest_operator.plugin:plugin.py:951 Model status:

Model            Controller           Cloud/Region         Version  SLA          Timestamp
test-charm-bf0h  github-pr-0e037-lxd  localhost/localhost  3.6.12   unsupported  16:43:01Z

App                                            Version  Status   Scale  Charm                        Channel  Rev  Exposed  Message
grafana-agent-image-builder-operator-9520019e           blocked      1  grafana-agent                1/edge   603  no       Missing ['grafana-cloud-config']|['grafana-dashboards-provider']|['logging-consumer']|['send-remote-write'] for cos-a...
image-builder-operator-9520019e                         active       1  github-runner-image-builder             0  no       Building image.
test-9520019e                                           unknown      0  test                                    0  no       

Unit                                                Workload  Agent      Machine  Public address  Ports  Message
image-builder-operator-9520019e/0*                  active    executing  0        10.201.248.155         Building image.
  grafana-agent-image-builder-operator-9520019e/0*  blocked   idle                10.201.248.155         Missing ['grafana-cloud-config']|['grafana-dashboards-provider']|['logging-consumer']|['send-remote-write'] for cos-a...

Machine  State    Address         Inst id        Base          AZ             Message
0        started  10.201.248.155  juju-ac1a79-0  ubuntu@22.04  github-runner  Running
1        stopped  10.201.248.33   juju-ac1a79-1  ubuntu@22.04  github-runner  Running
2        stopped  10.201.248.35   juju-ac1a79-2  ubuntu@22.04  github-runner  Running

[32mINFO    [0m pytest_operator.plugin:plugin.py:957 Juju error logs:

machine-0: 15:24:32 ERROR juju.worker.dependency "kvm-container-provisioner" manifold worker returned unexpected error: container types not yet available
machine-0: 15:24:32 ERROR juju.worker.dependency "lxd-container-provisioner" manifold worker returned unexpected error: container types not yet available
unit-image-builder-operator-9520019e-0: 15:25:48 ERROR unit.image-builder-operator-9520019e/0.juju-log Pipx command failed, code: 1, out: None, err: None
machine-1: 15:34:33 ERROR juju.worker.dependency "kvm-container-provisioner" manifold worker returned unexpected error: container types not yet available
machine-1: 15:34:33 ERROR juju.worker.dependency "lxd-container-provisioner" manifold worker returned unexpected error: container types not yet available
unit-grafana-agent-image-builder-operator-9520019e-0: 15:49:28 ERROR juju.worker.dependency "uniter" manifold worker returned unexpected error: preparing operation "install ch:amd64/grafana-agent-603" for grafana-agent-image-builder-operator-9520019e/0: failed to download charm "ch:amd64/grafana-agent-603" from API server: download request with archiveSha256 length 0 not valid
machine-2: 15:50:57 ERROR juju.worker.dependency "kvm-container-provisioner" manifold worker returned unexpected error: container types not yet available
machine-2: 15:50:57 ERROR juju.worker.dependency "lxd-container-provisioner" manifold worker returned unexpected error: container types not yet available
unit-image-builder-operator-9520019e-0: 15:56:56 ERROR unit.image-builder-operator-9520019e/0.juju-log Image build failed, code: 1, out: hello world
...........................................................................................................................................................................................................................................................................................................................................................................................................................................................................................................................................................................................................................................................................................................................................................................................................................................................................................................status: error
, err: None, stdout: hello world
...........................................................................................................................................................................................................................................................................................................................................................................................................................................................................................................................................................................................................................................................................................................................................................................................................................................................................................................status: error

unit-image-builder-operator-9520019e-0: 16:28:18 ERROR unit.image-builder-operator-9520019e/0.juju-log Image build failed, code: 1, out: hello world
................................................................................................................................................................................................................................................................................................................................................................................................................................................................................................................................................................................................., err: None, stdout: hello world
.................................................................................................................................................................................................................................................................................................................................................................................................................................................................................................................................................................................................
unit-image-builder-operator-9520019e-0: 16:28:24 ERROR unit.image-builder-operator-9520019e/0.juju-log Image build failed, code: 1, out: , err: None, stdout: 
unit-image-builder-operator-9520019e-0: 16:28:33 ERROR unit.image-builder-operator-9520019e/0.juju-log Image build failed, code: 1, out: , err: None, stdout: 
unit-image-builder-operator-9520019e-0: 16:28:50 ERROR unit.image-builder-operator-9520019e/0.juju-log Image build failed, code: 1, out: , err: None, stdout: 
unit-image-builder-operator-9520019e-0: 16:28:50 ERROR unit.image-builder-operator-9520019e/0.juju-log Uncaught exception while in charm code:
multiprocessing.pool.RemoteTraceback: 
"""
Traceback (most recent call last):
  File "/var/lib/juju/agents/unit-image-builder-operator-9520019e-0/charm/src/builder.py", line 523, in _run
    stdout = subprocess.check_output(  # pylint: disable=unexpected-keyword-arg # nosec:B603
  File "/usr/lib/python3.10/subprocess.py", line 421, in check_output
    return run(*popenargs, stdout=PIPE, timeout=timeout, check=True,
  File "/usr/lib/python3.10/subprocess.py", line 526, in run
    raise CalledProcessError(retcode, process.args,
subprocess.CalledProcessError: Command '['/usr/bin/run-one', '/usr/bin/sudo', '--preserve-env', '/home/ubuntu/.local/bin/github-runner-image-builder', '--os-cloud', 'builder', 'run', 'image-builder-operator-9520019e-noble-x64', '--flavor', 'shared.xsmall', '--keep-revisions', '5', '--network', 'net_stg-ps7-github-runner-test-amd64', '--prefix', 'image-builder-operator-9520019e', '--upload-clouds', 'stg-ps7-github-runner-test-amd64_project_stg-ps7-github-runner-test-amd64', '--arch', 'x64', '--base-image', 'noble', '--script-url', 'https://raw.githubusercontent.com/canonical/github-runner-image-builder/refs/heads/main/tests/integration/testdata/test_script.sh', '--proxy', 'egress.ps7.internal:3128']' returned non-zero exit status 1.

The above exception was the direct cause of the following exception:

Traceback (most recent call last):
  File "/usr/lib/python3.10/multiprocessing/pool.py", line 125, in worker
    result = (True, func(*args, **kwds))
  File "/usr/lib/python3.10/multiprocessing/pool.py", line 48, in mapstar
    return list(map(*args))
  File "/var/lib/juju/agents/unit-image-builder-operator-9520019e-0/charm/venv/tenacity/__init__.py", line 338, in wrapped_f
    return copy(f, *args, **kw)
  File "/var/lib/juju/agents/unit-image-builder-operator-9520019e-0/charm/venv/tenacity/__init__.py", line 477, in __call__
    do = self.iter(retry_state=retry_state)
  File "/var/lib/juju/agents/unit-image-builder-operator-9520019e-0/charm/venv/tenacity/__init__.py", line 378, in iter
    result = action(retry_state)
  File "/var/lib/juju/agents/unit-image-builder-operator-9520019e-0/charm/venv/tenacity/__init__.py", line 420, in exc_check
    raise retry_exc.reraise()
  File "/var/lib/juju/agents/unit-image-builder-operator-9520019e-0/charm/venv/tenacity/__init__.py", line 187, in reraise
    raise self.last_attempt.result()
  File "/usr/lib/python3.10/concurrent/futures/_base.py", line 451, in result
    return self.__get_result()
  File "/usr/lib/python3.10/concurrent/futures/_base.py", line 403, in __get_result
    raise self._exception
  File "/var/lib/juju/agents/unit-image-builder-operator-9520019e-0/charm/venv/tenacity/__init__.py", line 480, in __call__
    result = fn(*args, **kwargs)
  File "/var/lib/juju/agents/unit-image-builder-operator-9520019e-0/charm/src/builder.py", line 553, in _run
    raise BuilderRunError from exc
exceptions.BuilderRunError
"""

The above exception was the direct cause of the following exception:

Traceback (most recent call last):
  File "/var/lib/juju/agents/unit-image-builder-operator-9520019e-0/charm/./src/charm.py", line 339, in <module>
    ops.main.main(GithubRunnerImageBuilderCharm)
  File "/var/lib/juju/agents/unit-image-builder-operator-9520019e-0/charm/venv/ops/__init__.py", line 363, in main
    return _legacy_main.main(
  File "/var/lib/juju/agents/unit-image-builder-operator-9520019e-0/charm/venv/ops/main.py", line 39, in main
    return _main.main(charm_class=charm_class, use_juju_for_storage=use_juju_for_storage)
  File "/var/lib/juju/agents/unit-image-builder-operator-9520019e-0/charm/venv/ops/_main.py", line 507, in main
    manager.run()
  File "/var/lib/juju/agents/unit-image-builder-operator-9520019e-0/charm/venv/ops/_main.py", line 491, in run
    self._emit()
  File "/var/lib/juju/agents/unit-image-builder-operator-9520019e-0/charm/venv/ops/_main.py", line 426, in _emit
    self._emit_charm_event(self.dispatcher.event_name)
  File "/var/lib/juju/agents/unit-image-builder-operator-9520019e-0/charm/venv/ops/_main.py", line 470, in _emit_charm_event
    event_to_emit.emit(*args, **kwargs)
  File "/var/lib/juju/agents/unit-image-builder-operator-9520019e-0/charm/venv/ops/framework.py", line 337, in emit
    framework._emit(event)
  File "/var/lib/juju/agents/unit-image-builder-operator-9520019e-0/charm/venv/ops/framework.py", line 910, in _emit
    self._reemit(event_path)
  File "/var/lib/juju/agents/unit-image-builder-operator-9520019e-0/charm/venv/ops/framework.py", line 1028, in _reemit
    custom_handler(event)
  File "/var/lib/juju/agents/unit-image-builder-operator-9520019e-0/charm/src/charm_utils.py", line 68, in wrapper
    return method(instance, event)
  File "/var/lib/juju/agents/unit-image-builder-operator-9520019e-0/charm/./src/charm.py", line 163, in _on_run
    self._run()  # pragma: nocover
  File "/var/lib/juju/agents/unit-image-builder-operator-9520019e-0/charm/./src/charm.py", line 253, in _run
    cloud_images = builder.run(
  File "/var/lib/juju/agents/unit-image-builder-operator-9520019e-0/charm/src/builder.py", line 435, in run
    build_results = pool.map(_run, build_configs)
  File "/usr/lib/python3.10/multiprocessing/pool.py", line 367, in map
    return self._map_async(func, iterable, mapstar, chunksize).get()
  File "/usr/lib/python3.10/multiprocessing/pool.py", line 774, in get
    raise self._value
exceptions.BuilderRunError
unit-image-builder-operator-9520019e-0: 16:29:03 ERROR unit.image-builder-operator-9520019e/0.juju-log Image build failed, code: 1, out: , err: None, stdout: 
unit-image-builder-operator-9520019e-0: 16:29:09 ERROR unit.image-builder-operator-9520019e/0.juju-log Image build failed, code: 1, out: , err: None, stdout: 
unit-image-builder-operator-9520019e-0: 16:29:15 ERROR unit.image-builder-operator-9520019e/0.juju-log Image build failed, code: 1, out: , err: None, stdout: 
unit-image-builder-operator-9520019e-0: 16:29:24 ERROR unit.image-builder-operator-9520019e/0.juju-log Image build failed, code: 1, out: , err: None, stdout: 
unit-image-builder-operator-9520019e-0: 16:29:42 ERROR unit.image-builder-operator-9520019e/0.juju-log Image build failed, code: 1, out: , err: None, stdout: 
unit-image-builder-operator-9520019e-0: 16:29:42 ERROR unit.image-builder-operator-9520019e/0.juju-log Uncaught exception while in charm code:
multiprocessing.pool.RemoteTraceback: 
"""
Traceback (most recent call last):
  File "/var/lib/juju/agents/unit-image-builder-operator-9520019e-0/charm/src/builder.py", line 523, in _run
    stdout = subprocess.check_output(  # pylint: disable=unexpected-keyword-arg # nosec:B603
  File "/usr/lib/python3.10/subprocess.py", line 421, in check_output
    return run(*popenargs, stdout=PIPE, timeout=timeout, check=True,
  File "/usr/lib/python3.10/subprocess.py", line 526, in run
    raise CalledProcessError(retcode, process.args,
subprocess.CalledProcessError: Command '['/usr/bin/run-one', '/usr/bin/sudo', '--preserve-env', '/home/ubuntu/.local/bin/github-runner-image-builder', '--os-cloud', 'builder', 'run', 'image-builder-operator-9520019e-noble-x64', '--flavor', 'shared.xsmall', '--keep-revisions', '5', '--network', 'net_stg-ps7-github-runner-test-amd64', '--prefix', 'image-builder-operator-9520019e', '--upload-clouds', 'stg-ps7-github-runner-test-amd64_project_stg-ps7-github-runner-test-amd64', '--arch', 'x64', '--base-image', 'noble', '--script-url', 'https://raw.githubusercontent.com/canonical/github-runner-image-builder/refs/heads/main/tests/integration/testdata/test_script.sh', '--proxy', 'egress.ps7.internal:3128']' returned non-zero exit status 1.

The above exception was the direct cause of the following exception:

Traceback (most recent call last):
  File "/usr/lib/python3.10/multiprocessing/pool.py", line 125, in worker
    result = (True, func(*args, **kwds))
  File "/usr/lib/python3.10/multiprocessing/pool.py", line 48, in mapstar
    return list(map(*args))
  File "/var/lib/juju/agents/unit-image-builder-operator-9520019e-0/charm/venv/tenacity/__init__.py", line 338, in wrapped_f
    return copy(f, *args, **kw)
  File "/var/lib/juju/agents/unit-image-builder-operator-9520019e-0/charm/venv/tenacity/__init__.py", line 477, in __call__
    do = self.iter(retry_state=retry_state)
  File "/var/lib/juju/agents/unit-image-builder-operator-9520019e-0/charm/venv/tenacity/__init__.py", line 378, in iter
    result = action(retry_state)
  File "/var/lib/juju/agents/unit-image-builder-operator-9520019e-0/charm/venv/tenacity/__init__.py", line 420, in exc_check
    raise retry_exc.reraise()
  File "/var/lib/juju/agents/unit-image-builder-operator-9520019e-0/charm/venv/tenacity/__init__.py", line 187, in reraise
    raise self.last_attempt.result()
  File "/usr/lib/python3.10/concurrent/futures/_base.py", line 451, in result
    return self.__get_result()
  File "/usr/lib/python3.10/concurrent/futures/_base.py", line 403, in __get_result
    raise self._exception
  File "/var/lib/juju/agents/unit-image-builder-operator-9520019e-0/charm/venv/tenacity/__init__.py", line 480, in __call__
    result = fn(*args, **kwargs)
  File "/var/lib/juju/agents/unit-image-builder-operator-9520019e-0/charm/src/builder.py", line 553, in _run
    raise BuilderRunError from exc
exceptions.BuilderRunError
"""

The above exception was the direct cause of the following exception:

Traceback (most recent call last):
  File "/var/lib/juju/agents/unit-image-builder-operator-9520019e-0/charm/./src/charm.py", line 339, in <module>
    ops.main.main(GithubRunnerImageBuilderCharm)
  File "/var/lib/juju/agents/unit-image-builder-operator-9520019e-0/charm/venv/ops/__init__.py", line 363, in main
    return _legacy_main.main(
  File "/var/lib/juju/agents/unit-image-builder-operator-9520019e-0/charm/venv/ops/main.py", line 39, in main
    return _main.main(charm_class=charm_class, use_juju_for_storage=use_juju_for_storage)
  File "/var/lib/juju/agents/unit-image-builder-operator-9520019e-0/charm/venv/ops/_main.py", line 507, in main
    manager.run()
  File "/var/lib/juju/agents/unit-image-builder-operator-9520019e-0/charm/venv/ops/_main.py", line 491, in run
    self._emit()
  File "/var/lib/juju/agents/unit-image-builder-operator-9520019e-0/charm/venv/ops/_main.py", line 426, in _emit
    self._emit_charm_event(self.dispatcher.event_name)
  File "/var/lib/juju/agents/unit-image-builder-operator-9520019e-0/charm/venv/ops/_main.py", line 470, in _emit_charm_event
    event_to_emit.emit(*args, **kwargs)
  File "/var/lib/juju/agents/unit-image-builder-operator-9520019e-0/charm/venv/ops/framework.py", line 337, in emit
    framework._emit(event)
  File "/var/lib/juju/agents/unit-image-builder-operator-9520019e-0/charm/venv/ops/framework.py", line 910, in _emit
    self._reemit(event_path)
  File "/var/lib/juju/agents/unit-image-builder-operator-9520019e-0/charm/venv/ops/framework.py", line 1028, in _reemit
    custom_handler(event)
  File "/var/lib/juju/agents/unit-image-builder-operator-9520019e-0/charm/src/charm_utils.py", line 68, in wrapper
    return method(instance, event)
  File "/var/lib/juju/agents/unit-image-builder-operator-9520019e-0/charm/./src/charm.py", line 163, in _on_run
    self._run()  # pragma: nocover
  File "/var/lib/juju/agents/unit-image-builder-operator-9520019e-0/charm/./src/charm.py", line 253, in _run
    cloud_images = builder.run(
  File "/var/lib/juju/agents/unit-image-builder-operator-9520019e-0/charm/src/builder.py", line 435, in run
    build_results = pool.map(_run, build_configs)
  File "/usr/lib/python3.10/multiprocessing/pool.py", line 367, in map
    return self._map_async(func, iterable, mapstar, chunksize).get()
  File "/usr/lib/python3.10/multiprocessing/pool.py", line 774, in get
    raise self._value
exceptions.BuilderRunError
unit-image-builder-operator-9520019e-0: 16:30:02 ERROR unit.image-builder-operator-9520019e/0.juju-log Image build failed, code: 1, out: , err: None, stdout: 
unit-image-builder-operator-9520019e-0: 16:30:08 ERROR unit.image-builder-operator-9520019e/0.juju-log Image build failed, code: 1, out: , err: None, stdout: 
unit-image-builder-operator-9520019e-0: 16:30:15 ERROR unit.image-builder-operator-9520019e/0.juju-log Image build failed, code: 1, out: , err: None, stdout: 
unit-image-builder-operator-9520019e-0: 16:30:24 ERROR unit.image-builder-operator-9520019e/0.juju-log Image build failed, code: 1, out: , err: None, stdout: 
unit-image-builder-operator-9520019e-0: 16:30:41 ERROR unit.image-builder-operator-9520019e/0.juju-log Image build failed, code: 1, out: , err: None, stdout: 
unit-image-builder-operator-9520019e-0: 16:30:41 ERROR unit.image-builder-operator-9520019e/0.juju-log Uncaught exception while in charm code:
multiprocessing.pool.RemoteTraceback: 
"""
Traceback (most recent call last):
  File "/var/lib/juju/agents/unit-image-builder-operator-9520019e-0/charm/src/builder.py", line 523, in _run
    stdout = subprocess.check_output(  # pylint: disable=unexpected-keyword-arg # nosec:B603
  File "/usr/lib/python3.10/subprocess.py", line 421, in check_output
    return run(*popenargs, stdout=PIPE, timeout=timeout, check=True,
  File "/usr/lib/python3.10/subprocess.py", line 526, in run
    raise CalledProcessError(retcode, process.args,
subprocess.CalledProcessError: Command '['/usr/bin/run-one', '/usr/bin/sudo', '--preserve-env', '/home/ubuntu/.local/bin/github-runner-image-builder', '--os-cloud', 'builder', 'run', 'image-builder-operator-9520019e-noble-x64', '--flavor', 'shared.xsmall', '--keep-revisions', '5', '--network', 'net_stg-ps7-github-runner-test-amd64', '--prefix', 'image-builder-operator-9520019e', '--upload-clouds', 'stg-ps7-github-runner-test-amd64_project_stg-ps7-github-runner-test-amd64', '--arch', 'x64', '--base-image', 'noble', '--script-url', 'https://raw.githubusercontent.com/canonical/github-runner-image-builder/refs/heads/main/tests/integration/testdata/test_script.sh', '--proxy', 'egress.ps7.internal:3128']' returned non-zero exit status 1.

The above exception was the direct cause of the following exception:

Traceback (most recent call last):
  File "/usr/lib/python3.10/multiprocessing/pool.py", line 125, in worker
    result = (True, func(*args, **kwds))
  File "/usr/lib/python3.10/multiprocessing/pool.py", line 48, in mapstar
    return list(map(*args))
  File "/var/lib/juju/agents/unit-image-builder-operator-9520019e-0/charm/venv/tenacity/__init__.py", line 338, in wrapped_f
    return copy(f, *args, **kw)
  File "/var/lib/juju/agents/unit-image-builder-operator-9520019e-0/charm/venv/tenacity/__init__.py", line 477, in __call__
    do = self.iter(retry_state=retry_state)
  File "/var/lib/juju/agents/unit-image-builder-operator-9520019e-0/charm/venv/tenacity/__init__.py", line 378, in iter
    result = action(retry_state)
  File "/var/lib/juju/agents/unit-image-builder-operator-9520019e-0/charm/venv/tenacity/__init__.py", line 420, in exc_check
    raise retry_exc.reraise()
  File "/var/lib/juju/agents/unit-image-builder-operator-9520019e-0/charm/venv/tenacity/__init__.py", line 187, in reraise
    raise self.last_attempt.result()
  File "/usr/lib/python3.10/concurrent/futures/_base.py", line 451, in result
    return self.__get_result()
  File "/usr/lib/python3.10/concurrent/futures/_base.py", line 403, in __get_result
    raise self._exception
  File "/var/lib/juju/agents/unit-image-builder-operator-9520019e-0/charm/venv/tenacity/__init__.py", line 480, in __call__
    result = fn(*args, **kwargs)
  File "/var/lib/juju/agents/unit-image-builder-operator-9520019e-0/charm/src/builder.py", line 553, in _run
    raise BuilderRunError from exc
exceptions.BuilderRunError
"""

The above exception was the direct cause of the following exception:

Traceback (most recent call last):
  File "/var/lib/juju/agents/unit-image-builder-operator-9520019e-0/charm/./src/charm.py", line 339, in <module>
    ops.main.main(GithubRunnerImageBuilderCharm)
  File "/var/lib/juju/agents/unit-image-builder-operator-9520019e-0/charm/venv/ops/__init__.py", line 363, in main
    return _legacy_main.main(
  File "/var/lib/juju/agents/unit-image-builder-operator-9520019e-0/charm/venv/ops/main.py", line 39, in main
    return _main.main(charm_class=charm_class, use_juju_for_storage=use_juju_for_storage)
  File "/var/lib/juju/agents/unit-image-builder-operator-9520019e-0/charm/venv/ops/_main.py", line 507, in main
    manager.run()
  File "/var/lib/juju/agents/unit-image-builder-operator-9520019e-0/charm/venv/ops/_main.py", line 491, in run
    self._emit()
  File "/var/lib/juju/agents/unit-image-builder-operator-9520019e-0/charm/venv/ops/_main.py", line 426, in _emit
    self._emit_charm_event(self.dispatcher.event_name)
  File "/var/lib/juju/agents/unit-image-builder-operator-9520019e-0/charm/venv/ops/_main.py", line 470, in _emit_charm_event
    event_to_emit.emit(*args, **kwargs)
  File "/var/lib/juju/agents/unit-image-builder-operator-9520019e-0/charm/venv/ops/framework.py", line 337, in emit
    framework._emit(event)
  File "/var/lib/juju/agents/unit-image-builder-operator-9520019e-0/charm/venv/ops/framework.py", line 910, in _emit
    self._reemit(event_path)
  File "/var/lib/juju/agents/unit-image-builder-operator-9520019e-0/charm/venv/ops/framework.py", line 1028, in _reemit
    custom_handler(event)
  File "/var/lib/juju/agents/unit-image-builder-operator-9520019e-0/charm/src/charm_utils.py", line 68, in wrapper
    return method(instance, event)
  File "/var/lib/juju/agents/unit-image-builder-operator-9520019e-0/charm/./src/charm.py", line 163, in _on_run
    self._run()  # pragma: nocover
  File "/var/lib/juju/agents/unit-image-builder-operator-9520019e-0/charm/./src/charm.py", line 253, in _run
    cloud_images = builder.run(
  File "/var/lib/juju/agents/unit-image-builder-operator-9520019e-0/charm/src/builder.py", line 435, in run
    build_results = pool.map(_run, build_configs)
  File "/usr/lib/python3.10/multiprocessing/pool.py", line 367, in map
    return self._map_async(func, iterable, mapstar, chunksize).get()
  File "/usr/lib/python3.10/multiprocessing/pool.py", line 774, in get
    raise self._value
exceptions.BuilderRunError
unit-image-builder-operator-9520019e-0: 16:31:03 ERROR unit.image-builder-operator-9520019e/0.juju-log Image build failed, code: 1, out: , err: None, stdout: 
unit-image-builder-operator-9520019e-0: 16:31:11 ERROR unit.image-builder-operator-9520019e/0.juju-log Image build failed, code: 1, out: , err: None, stdout: 
unit-image-builder-operator-9520019e-0: 16:31:17 ERROR unit.image-builder-operator-9520019e/0.juju-log Image build failed, code: 1, out: , err: None, stdout: 
unit-image-builder-operator-9520019e-0: 16:31:26 ERROR unit.image-builder-operator-9520019e/0.juju-log Image build failed, code: 1, out: , err: None, stdout: 
unit-image-builder-operator-9520019e-0: 16:31:44 ERROR unit.image-builder-operator-9520019e/0.juju-log Image build failed, code: 1, out: , err: None, stdout: 
unit-image-builder-operator-9520019e-0: 16:31:44 ERROR unit.image-builder-operator-9520019e/0.juju-log Uncaught exception while in charm code:
multiprocessing.pool.RemoteTraceback: 
"""
Traceback (most recent call last):
  File "/var/lib/juju/agents/unit-image-builder-operator-9520019e-0/charm/src/builder.py", line 523, in _run
    stdout = subprocess.check_output(  # pylint: disable=unexpected-keyword-arg # nosec:B603
  File "/usr/lib/python3.10/subprocess.py", line 421, in check_output
    return run(*popenargs, stdout=PIPE, timeout=timeout, check=True,
  File "/usr/lib/python3.10/subprocess.py", line 526, in run
    raise CalledProcessError(retcode, process.args,
subprocess.CalledProcessError: Command '['/usr/bin/run-one', '/usr/bin/sudo', '--preserve-env', '/home/ubuntu/.local/bin/github-runner-image-builder', '--os-cloud', 'builder', 'run', 'image-builder-operator-9520019e-noble-x64', '--flavor', 'shared.xsmall', '--keep-revisions', '5', '--network', 'net_stg-ps7-github-runner-test-amd64', '--prefix', 'image-builder-operator-9520019e', '--upload-clouds', 'stg-ps7-github-runner-test-amd64_project_stg-ps7-github-runner-test-amd64', '--arch', 'x64', '--base-image', 'noble', '--script-url', 'https://raw.githubusercontent.com/canonical/github-runner-image-builder/refs/heads/main/tests/integration/testdata/test_script.sh', '--proxy', 'egress.ps7.internal:3128']' returned non-zero exit status 1.

The above exception was the direct cause of the following exception:

Traceback (most recent call last):
  File "/usr/lib/python3.10/multiprocessing/pool.py", line 125, in worker
    result = (True, func(*args, **kwds))
  File "/usr/lib/python3.10/multiprocessing/pool.py", line 48, in mapstar
    return list(map(*args))
  File "/var/lib/juju/agents/unit-image-builder-operator-9520019e-0/charm/venv/tenacity/__init__.py", line 338, in wrapped_f
    return copy(f, *args, **kw)
  File "/var/lib/juju/agents/unit-image-builder-operator-9520019e-0/charm/venv/tenacity/__init__.py", line 477, in __call__
    do = self.iter(retry_state=retry_state)
  File "/var/lib/juju/agents/unit-image-builder-operator-9520019e-0/charm/venv/tenacity/__init__.py", line 378, in iter
    result = action(retry_state)
  File "/var/lib/juju/agents/unit-image-builder-operator-9520019e-0/charm/venv/tenacity/__init__.py", line 420, in exc_check
    raise retry_exc.reraise()
  File "/var/lib/juju/agents/unit-image-builder-operator-9520019e-0/charm/venv/tenacity/__init__.py", line 187, in reraise
    raise self.last_attempt.result()
  File "/usr/lib/python3.10/concurrent/futures/_base.py", line 451, in result
    return self.__get_result()
  File "/usr/lib/python3.10/concurrent/futures/_base.py", line 403, in __get_result
    raise self._exception
  File "/var/lib/juju/agents/unit-image-builder-operator-9520019e-0/charm/venv/tenacity/__init__.py", line 480, in __call__
    result = fn(*args, **kwargs)
  File "/var/lib/juju/agents/unit-image-builder-operator-9520019e-0/charm/src/builder.py", line 553, in _run
    raise BuilderRunError from exc
exceptions.BuilderRunError
"""

The above exception was the direct cause of the following exception:

Traceback (most recent call last):
  File "/var/lib/juju/agents/unit-image-builder-operator-9520019e-0/charm/./src/charm.py", line 339, in <module>
    ops.main.main(GithubRunnerImageBuilderCharm)
  File "/var/lib/juju/agents/unit-image-builder-operator-9520019e-0/charm/venv/ops/__init__.py", line 363, in main
    return _legacy_main.main(
  File "/var/lib/juju/agents/unit-image-builder-operator-9520019e-0/charm/venv/ops/main.py", line 39, in main
    return _main.main(charm_class=charm_class, use_juju_for_storage=use_juju_for_storage)
  File "/var/lib/juju/agents/unit-image-builder-operator-9520019e-0/charm/venv/ops/_main.py", line 507, in main
    manager.run()
  File "/var/lib/juju/agents/unit-image-builder-operator-9520019e-0/charm/venv/ops/_main.py", line 491, in run
    self._emit()
  File "/var/lib/juju/agents/unit-image-builder-operator-9520019e-0/charm/venv/ops/_main.py", line 426, in _emit
    self._emit_charm_event(self.dispatcher.event_name)
  File "/var/lib/juju/agents/unit-image-builder-operator-9520019e-0/charm/venv/ops/_main.py", line 470, in _emit_charm_event
    event_to_emit.emit(*args, **kwargs)
  File "/var/lib/juju/agents/unit-image-builder-operator-9520019e-0/charm/venv/ops/framework.py", line 337, in emit
    framework._emit(event)
  File "/var/lib/juju/agents/unit-image-builder-operator-9520019e-0/charm/venv/ops/framework.py", line 910, in _emit
    self._reemit(event_path)
  File "/var/lib/juju/agents/unit-image-builder-operator-9520019e-0/charm/venv/ops/framework.py", line 1028, in _reemit
    custom_handler(event)
  File "/var/lib/juju/agents/unit-image-builder-operator-9520019e-0/charm/src/charm_utils.py", line 68, in wrapper
    return method(instance, event)
  File "/var/lib/juju/agents/unit-image-builder-operator-9520019e-0/charm/./src/charm.py", line 163, in _on_run
    self._run()  # pragma: nocover
  File "/var/lib/juju/agents/unit-image-builder-operator-9520019e-0/charm/./src/charm.py", line 253, in _run
    cloud_images = builder.run(
  File "/var/lib/juju/agents/unit-image-builder-operator-9520019e-0/charm/src/builder.py", line 435, in run
    build_results = pool.map(_run, build_configs)
  File "/usr/lib/python3.10/multiprocessing/pool.py", line 367, in map
    return self._map_async(func, iterable, mapstar, chunksize).get()
  File "/usr/lib/python3.10/multiprocessing/pool.py", line 774, in get
    raise self._value
exceptions.BuilderRunError
unit-image-builder-operator-9520019e-0: 16:32:02 ERROR unit.image-builder-operator-9520019e/0.juju-log Image build failed, code: 1, out: , err: None, stdout: 
unit-image-builder-operator-9520019e-0: 16:32:08 ERROR unit.image-builder-operator-9520019e/0.juju-log Image build failed, code: 1, out: , err: None, stdout: 
unit-image-builder-operator-9520019e-0: 16:32:14 ERROR unit.image-builder-operator-9520019e/0.juju-log Image build failed, code: 1, out: , err: None, stdout: 
unit-image-builder-operator-9520019e-0: 16:32:25 ERROR unit.image-builder-operator-9520019e/0.juju-log Image build failed, code: 1, out: , err: None, stdout: 
unit-image-builder-operator-9520019e-0: 16:32:42 ERROR unit.image-builder-operator-9520019e/0.juju-log Image build failed, code: 1, out: , err: None, stdout: 
unit-image-builder-operator-9520019e-0: 16:32:42 ERROR unit.image-builder-operator-9520019e/0.juju-log Uncaught exception while in charm code:
multiprocessing.pool.RemoteTraceback: 
"""
Traceback (most recent call last):
  File "/var/lib/juju/agents/unit-image-builder-operator-9520019e-0/charm/src/builder.py", line 523, in _run
    stdout = subprocess.check_output(  # pylint: disable=unexpected-keyword-arg # nosec:B603
  File "/usr/lib/python3.10/subprocess.py", line 421, in check_output
    return run(*popenargs, stdout=PIPE, timeout=timeout, check=True,
  File "/usr/lib/python3.10/subprocess.py", line 526, in run
    raise CalledProcessError(retcode, process.args,
subprocess.CalledProcessError: Command '['/usr/bin/run-one', '/usr/bin/sudo', '--preserve-env', '/home/ubuntu/.local/bin/github-runner-image-builder', '--os-cloud', 'builder', 'run', 'image-builder-operator-9520019e-noble-x64', '--flavor', 'shared.xsmall', '--keep-revisions', '5', '--network', 'net_stg-ps7-github-runner-test-amd64', '--prefix', 'image-builder-operator-9520019e', '--upload-clouds', 'stg-ps7-github-runner-test-amd64_project_stg-ps7-github-runner-test-amd64', '--arch', 'x64', '--base-image', 'noble', '--script-url', 'https://raw.githubusercontent.com/canonical/github-runner-image-builder/refs/heads/main/tests/integration/testdata/test_script.sh', '--proxy', 'egress.ps7.internal:3128']' returned non-zero exit status 1.

The above exception was the direct cause of the following exception:

Traceback (most recent call last):
  File "/usr/lib/python3.10/multiprocessing/pool.py", line 125, in worker
    result = (True, func(*args, **kwds))
  File "/usr/lib/python3.10/multiprocessing/pool.py", line 48, in mapstar
    return list(map(*args))
  File "/var/lib/juju/agents/unit-image-builder-operator-9520019e-0/charm/venv/tenacity/__init__.py", line 338, in wrapped_f
    return copy(f, *args, **kw)
  File "/var/lib/juju/agents/unit-image-builder-operator-9520019e-0/charm/venv/tenacity/__init__.py", line 477, in __call__
    do = self.iter(retry_state=retry_state)
  File "/var/lib/juju/agents/unit-image-builder-operator-9520019e-0/charm/venv/tenacity/__init__.py", line 378, in iter
    result = action(retry_state)
  File "/var/lib/juju/agents/unit-image-builder-operator-9520019e-0/charm/venv/tenacity/__init__.py", line 420, in exc_check
    raise retry_exc.reraise()
  File "/var/lib/juju/agents/unit-image-builder-operator-9520019e-0/charm/venv/tenacity/__init__.py", line 187, in reraise
    raise self.last_attempt.result()
  File "/usr/lib/python3.10/concurrent/futures/_base.py", line 451, in result
    return self.__get_result()
  File "/usr/lib/python3.10/concurrent/futures/_base.py", line 403, in __get_result
    raise self._exception
  File "/var/lib/juju/agents/unit-image-builder-operator-9520019e-0/charm/venv/tenacity/__init__.py", line 480, in __call__
    result = fn(*args, **kwargs)
  File "/var/lib/juju/agents/unit-image-builder-operator-9520019e-0/charm/src/builder.py", line 553, in _run
    raise BuilderRunError from exc
exceptions.BuilderRunError
"""

The above exception was the direct cause of the following exception:

Traceback (most recent call last):
  File "/var/lib/juju/agents/unit-image-builder-operator-9520019e-0/charm/./src/charm.py", line 339, in <module>
    ops.main.main(GithubRunnerImageBuilderCharm)
  File "/var/lib/juju/agents/unit-image-builder-operator-9520019e-0/charm/venv/ops/__init__.py", line 363, in main
    return _legacy_main.main(
  File "/var/lib/juju/agents/unit-image-builder-operator-9520019e-0/charm/venv/ops/main.py", line 39, in main
    return _main.main(charm_class=charm_class, use_juju_for_storage=use_juju_for_storage)
  File "/var/lib/juju/agents/unit-image-builder-operator-9520019e-0/charm/venv/ops/_main.py", line 507, in main
    manager.run()
  File "/var/lib/juju/agents/unit-image-builder-operator-9520019e-0/charm/venv/ops/_main.py", line 491, in run
    self._emit()
  File "/var/lib/juju/agents/unit-image-builder-operator-9520019e-0/charm/venv/ops/_main.py", line 426, in _emit
    self._emit_charm_event(self.dispatcher.event_name)
  File "/var/lib/juju/agents/unit-image-builder-operator-9520019e-0/charm/venv/ops/_main.py", line 470, in _emit_charm_event
    event_to_emit.emit(*args, **kwargs)
  File "/var/lib/juju/agents/unit-image-builder-operator-9520019e-0/charm/venv/ops/framework.py", line 337, in emit
    framework._emit(event)
  File "/var/lib/juju/agents/unit-image-builder-operator-9520019e-0/charm/venv/ops/framework.py", line 910, in _emit
    self._reemit(event_path)
  File "/var/lib/juju/agents/unit-image-builder-operator-9520019e-0/charm/venv/ops/framework.py", line 1028, in _reemit
    custom_handler(event)
  File "/var/lib/juju/agents/unit-image-builder-operator-9520019e-0/charm/src/charm_utils.py", line 68, in wrapper
    return method(instance, event)
  File "/var/lib/juju/agents/unit-image-builder-operator-9520019e-0/charm/./src/charm.py", line 163, in _on_run
    self._run()  # pragma: nocover
  File "/var/lib/juju/agents/unit-image-builder-operator-9520019e-0/charm/./src/charm.py", line 253, in _run
    cloud_images = builder.run(
  File "/var/lib/juju/agents/unit-image-builder-operator-9520019e-0/charm/src/builder.py", line 435, in run
    build_results = pool.map(_run, build_configs)
  File "/usr/lib/python3.10/multiprocessing/pool.py", line 367, in map
    return self._map_async(func, iterable, mapstar, chunksize).get()
  File "/usr/lib/python3.10/multiprocessing/pool.py", line 774, in get
    raise self._value
exceptions.BuilderRunError
unit-image-builder-operator-9520019e-0: 16:33:02 ERROR unit.image-builder-operator-9520019e/0.juju-log Image build failed, code: 1, out: , err: None, stdout: 
unit-image-builder-operator-9520019e-0: 16:33:09 ERROR unit.image-builder-operator-9520019e/0.juju-log Image build failed, code: 1, out: , err: None, stdout: 
unit-image-builder-operator-9520019e-0: 16:33:15 ERROR unit.image-builder-operator-9520019e/0.juju-log Image build failed, code: 1, out: , err: None, stdout: 
unit-image-builder-operator-9520019e-0: 16:33:24 ERROR unit.image-builder-operator-9520019e/0.juju-log Image build failed, code: 1, out: , err: None, stdout: 
unit-image-builder-operator-9520019e-0: 16:33:41 ERROR unit.image-builder-operator-9520019e/0.juju-log Image build failed, code: 1, out: , err: None, stdout: 
unit-image-builder-operator-9520019e-0: 16:33:41 ERROR unit.image-builder-operator-9520019e/0.juju-log Uncaught exception while in charm code:
multiprocessing.pool.RemoteTraceback: 
"""
Traceback (most recent call last):
  File "/var/lib/juju/agents/unit-image-builder-operator-9520019e-0/charm/src/builder.py", line 523, in _run
    stdout = subprocess.check_output(  # pylint: disable=unexpected-keyword-arg # nosec:B603
  File "/usr/lib/python3.10/subprocess.py", line 421, in check_output
    return run(*popenargs, stdout=PIPE, timeout=timeout, check=True,
  File "/usr/lib/python3.10/subprocess.py", line 526, in run
    raise CalledProcessError(retcode, process.args,
subprocess.CalledProcessError: Command '['/usr/bin/run-one', '/usr/bin/sudo', '--preserve-env', '/home/ubuntu/.local/bin/github-runner-image-builder', '--os-cloud', 'builder', 'run', 'image-builder-operator-9520019e-noble-x64', '--flavor', 'shared.xsmall', '--keep-revisions', '5', '--network', 'net_stg-ps7-github-runner-test-amd64', '--prefix', 'image-builder-operator-9520019e', '--upload-clouds', 'stg-ps7-github-runner-test-amd64_project_stg-ps7-github-runner-test-amd64', '--arch', 'x64', '--base-image', 'noble', '--script-url', 'https://raw.githubusercontent.com/canonical/github-runner-image-builder/refs/heads/main/tests/integration/testdata/test_script.sh', '--proxy', 'egress.ps7.internal:3128']' returned non-zero exit status 1.

The above exception was the direct cause of the following exception:

Traceback (most recent call last):
  File "/usr/lib/python3.10/multiprocessing/pool.py", line 125, in worker
    result = (True, func(*args, **kwds))
  File "/usr/lib/python3.10/multiprocessing/pool.py", line 48, in mapstar
    return list(map(*args))
  File "/var/lib/juju/agents/unit-image-builder-operator-9520019e-0/charm/venv/tenacity/__init__.py", line 338, in wrapped_f
    return copy(f, *args, **kw)
  File "/var/lib/juju/agents/unit-image-builder-operator-9520019e-0/charm/venv/tenacity/__init__.py", line 477, in __call__
    do = self.iter(retry_state=retry_state)
  File "/var/lib/juju/agents/unit-image-builder-operator-9520019e-0/charm/venv/tenacity/__init__.py", line 378, in iter
    result = action(retry_state)
  File "/var/lib/juju/agents/unit-image-builder-operator-9520019e-0/charm/venv/tenacity/__init__.py", line 420, in exc_check
    raise retry_exc.reraise()
  File "/var/lib/juju/agents/unit-image-builder-operator-9520019e-0/charm/venv/tenacity/__init__.py", line 187, in reraise
    raise self.last_attempt.result()
  File "/usr/lib/python3.10/concurrent/futures/_base.py", line 451, in result
    return self.__get_result()
  File "/usr/lib/python3.10/concurrent/futures/_base.py", line 403, in __get_result
    raise self._exception
  File "/var/lib/juju/agents/unit-image-builder-operator-9520019e-0/charm/venv/tenacity/__init__.py", line 480, in __call__
    result = fn(*args, **kwargs)
  File "/var/lib/juju/agents/unit-image-builder-operator-9520019e-0/charm/src/builder.py", line 553, in _run
    raise BuilderRunError from exc
exceptions.BuilderRunError
"""

The above exception was the direct cause of the following exception:

Traceback (most recent call last):
  File "/var/lib/juju/agents/unit-image-builder-operator-9520019e-0/charm/./src/charm.py", line 339, in <module>
    ops.main.main(GithubRunnerImageBuilderCharm)
  File "/var/lib/juju/agents/unit-image-builder-operator-9520019e-0/charm/venv/ops/__init__.py", line 363, in main
    return _legacy_main.main(
  File "/var/lib/juju/agents/unit-image-builder-operator-9520019e-0/charm/venv/ops/main.py", line 39, in main
    return _main.main(charm_class=charm_class, use_juju_for_storage=use_juju_for_storage)
  File "/var/lib/juju/agents/unit-image-builder-operator-9520019e-0/charm/venv/ops/_main.py", line 507, in main
    manager.run()
  File "/var/lib/juju/agents/unit-image-builder-operator-9520019e-0/charm/venv/ops/_main.py", line 491, in run
    self._emit()
  File "/var/lib/juju/agents/unit-image-builder-operator-9520019e-0/charm/venv/ops/_main.py", line 426, in _emit
    self._emit_charm_event(self.dispatcher.event_name)
  File "/var/lib/juju/agents/unit-image-builder-operator-9520019e-0/charm/venv/ops/_main.py", line 470, in _emit_charm_event
    event_to_emit.emit(*args, **kwargs)
  File "/var/lib/juju/agents/unit-image-builder-operator-9520019e-0/charm/venv/ops/framework.py", line 337, in emit
    framework._emit(event)
  File "/var/lib/juju/agents/unit-image-builder-operator-9520019e-0/charm/venv/ops/framework.py", line 910, in _emit
    self._reemit(event_path)
  File "/var/lib/juju/agents/unit-image-builder-operator-9520019e-0/charm/venv/ops/framework.py", line 1028, in _reemit
    custom_handler(event)
  File "/var/lib/juju/agents/unit-image-builder-operator-9520019e-0/charm/src/charm_utils.py", line 68, in wrapper
    return method(instance, event)
  File "/var/lib/juju/agents/unit-image-builder-operator-9520019e-0/charm/./src/charm.py", line 163, in _on_run
    self._run()  # pragma: nocover
  File "/var/lib/juju/agents/unit-image-builder-operator-9520019e-0/charm/./src/charm.py", line 253, in _run
    cloud_images = builder.run(
  File "/var/lib/juju/agents/unit-image-builder-operator-9520019e-0/charm/src/builder.py", line 435, in run
    build_results = pool.map(_run, build_configs)
  File "/usr/lib/python3.10/multiprocessing/pool.py", line 367, in map
    return self._map_async(func, iterable, mapstar, chunksize).get()
  File "/usr/lib/python3.10/multiprocessing/pool.py", line 774, in get
    raise self._value
exceptions.BuilderRunError
unit-image-builder-operator-9520019e-0: 16:34:03 ERROR unit.image-builder-operator-9520019e/0.juju-log Image build failed, code: 1, out: , err: None, stdout: 
unit-image-builder-operator-9520019e-0: 16:34:09 ERROR unit.image-builder-operator-9520019e/0.juju-log Image build failed, code: 1, out: , err: None, stdout: 
unit-image-builder-operator-9520019e-0: 16:34:15 ERROR unit.image-builder-operator-9520019e/0.juju-log Image build failed, code: 1, out: , err: None, stdout: 
unit-image-builder-operator-9520019e-0: 16:34:24 ERROR unit.image-builder-operator-9520019e/0.juju-log Image build failed, code: 1, out: , err: None, stdout: 
unit-image-builder-operator-9520019e-0: 16:34:41 ERROR unit.image-builder-operator-9520019e/0.juju-log Image build failed, code: 1, out: , err: None, stdout: 
unit-image-builder-operator-9520019e-0: 16:34:41 ERROR unit.image-builder-operator-9520019e/0.juju-log Uncaught exception while in charm code:
multiprocessing.pool.RemoteTraceback: 
"""
Traceback (most recent call last):
  File "/var/lib/juju/agents/unit-image-builder-operator-9520019e-0/charm/src/builder.py", line 523, in _run
    stdout = subprocess.check_output(  # pylint: disable=unexpected-keyword-arg # nosec:B603
  File "/usr/lib/python3.10/subprocess.py", line 421, in check_output
    return run(*popenargs, stdout=PIPE, timeout=timeout, check=True,
  File "/usr/lib/python3.10/subprocess.py", line 526, in run
    raise CalledProcessError(retcode, process.args,
subprocess.CalledProcessError: Command '['/usr/bin/run-one', '/usr/bin/sudo', '--preserve-env', '/home/ubuntu/.local/bin/github-runner-image-builder', '--os-cloud', 'builder', 'run', 'image-builder-operator-9520019e-noble-x64', '--flavor', 'shared.xsmall', '--keep-revisions', '5', '--network', 'net_stg-ps7-github-runner-test-amd64', '--prefix', 'image-builder-operator-9520019e', '--upload-clouds', 'stg-ps7-github-runner-test-amd64_project_stg-ps7-github-runner-test-amd64', '--arch', 'x64', '--base-image', 'noble', '--script-url', 'https://raw.githubusercontent.com/canonical/github-runner-image-builder/refs/heads/main/tests/integration/testdata/test_script.sh', '--proxy', 'egress.ps7.internal:3128']' returned non-zero exit status 1.

The above exception was the direct cause of the following exception:

Traceback (most recent call last):
  File "/usr/lib/python3.10/multiprocessing/pool.py", line 125, in worker
    result = (True, func(*args, **kwds))
  File "/usr/lib/python3.10/multiprocessing/pool.py", line 48, in mapstar
    return list(map(*args))
  File "/var/lib/juju/agents/unit-image-builder-operator-9520019e-0/charm/venv/tenacity/__init__.py", line 338, in wrapped_f
    return copy(f, *args, **kw)
  File "/var/lib/juju/agents/unit-image-builder-operator-9520019e-0/charm/venv/tenacity/__init__.py", line 477, in __call__
    do = self.iter(retry_state=retry_state)
  File "/var/lib/juju/agents/unit-image-builder-operator-9520019e-0/charm/venv/tenacity/__init__.py", line 378, in iter
    result = action(retry_state)
  File "/var/lib/juju/agents/unit-image-builder-operator-9520019e-0/charm/venv/tenacity/__init__.py", line 420, in exc_check
    raise retry_exc.reraise()
  File "/var/lib/juju/agents/unit-image-builder-operator-9520019e-0/charm/venv/tenacity/__init__.py", line 187, in reraise
    raise self.last_attempt.result()
  File "/usr/lib/python3.10/concurrent/futures/_base.py", line 451, in result
    return self.__get_result()
  File "/usr/lib/python3.10/concurrent/futures/_base.py", line 403, in __get_result
    raise self._exception
  File "/var/lib/juju/agents/unit-image-builder-operator-9520019e-0/charm/venv/tenacity/__init__.py", line 480, in __call__
    result = fn(*args, **kwargs)
  File "/var/lib/juju/agents/unit-image-builder-operator-9520019e-0/charm/src/builder.py", line 553, in _run
    raise BuilderRunError from exc
exceptions.BuilderRunError
"""

The above exception was the direct cause of the following exception:

Traceback (most recent call last):
  File "/var/lib/juju/agents/unit-image-builder-operator-9520019e-0/charm/./src/charm.py", line 339, in <module>
    ops.main.main(GithubRunnerImageBuilderCharm)
  File "/var/lib/juju/agents/unit-image-builder-operator-9520019e-0/charm/venv/ops/__init__.py", line 363, in main
    return _legacy_main.main(
  File "/var/lib/juju/agents/unit-image-builder-operator-9520019e-0/charm/venv/ops/main.py", line 39, in main
    return _main.main(charm_class=charm_class, use_juju_for_storage=use_juju_for_storage)
  File "/var/lib/juju/agents/unit-image-builder-operator-9520019e-0/charm/venv/ops/_main.py", line 507, in main
    manager.run()
  File "/var/lib/juju/agents/unit-image-builder-operator-9520019e-0/charm/venv/ops/_main.py", line 491, in run
    self._emit()
  File "/var/lib/juju/agents/unit-image-builder-operator-9520019e-0/charm/venv/ops/_main.py", line 426, in _emit
    self._emit_charm_event(self.dispatcher.event_name)
  File "/var/lib/juju/agents/unit-image-builder-operator-9520019e-0/charm/venv/ops/_main.py", line 470, in _emit_charm_event
    event_to_emit.emit(*args, **kwargs)
  File "/var/lib/juju/agents/unit-image-builder-operator-9520019e-0/charm/venv/ops/framework.py", line 337, in emit
    framework._emit(event)
  File "/var/lib/juju/agents/unit-image-builder-operator-9520019e-0/charm/venv/ops/framework.py", line 910, in _emit
    self._reemit(event_path)
  File "/var/lib/juju/agents/unit-image-builder-operator-9520019e-0/charm/venv/ops/framework.py", line 1028, in _reemit
    custom_handler(event)
  File "/var/lib/juju/agents/unit-image-builder-operator-9520019e-0/charm/src/charm_utils.py", line 68, in wrapper
    return method(instance, event)
  File "/var/lib/juju/agents/unit-image-builder-operator-9520019e-0/charm/./src/charm.py", line 163, in _on_run
    self._run()  # pragma: nocover
  File "/var/lib/juju/agents/unit-image-builder-operator-9520019e-0/charm/./src/charm.py", line 253, in _run
    cloud_images = builder.run(
  File "/var/lib/juju/agents/unit-image-builder-operator-9520019e-0/charm/src/builder.py", line 435, in run
    build_results = pool.map(_run, build_configs)
  File "/usr/lib/python3.10/multiprocessing/pool.py", line 367, in map
    return self._map_async(func, iterable, mapstar, chunksize).get()
  File "/usr/lib/python3.10/multiprocessing/pool.py", line 774, in get
    raise self._value
exceptions.BuilderRunError
unit-image-builder-operator-9520019e-0: 16:35:03 ERROR unit.image-builder-operator-9520019e/0.juju-log Image build failed, code: 1, out: , err: None, stdout: 
unit-image-builder-operator-9520019e-0: 16:35:09 ERROR unit.image-builder-operator-9520019e/0.juju-log Image build failed, code: 1, out: , err: None, stdout: 
unit-image-builder-operator-9520019e-0: 16:35:15 ERROR unit.image-builder-operator-9520019e/0.juju-log Image build failed, code: 1, out: , err: None, stdout: 
unit-image-builder-operator-9520019e-0: 16:35:25 ERROR unit.image-builder-operator-9520019e/0.juju-log Image build failed, code: 1, out: , err: None, stdout: 
unit-image-builder-operator-9520019e-0: 16:35:42 ERROR unit.image-builder-operator-9520019e/0.juju-log Image build failed, code: 1, out: , err: None, stdout: 
unit-image-builder-operator-9520019e-0: 16:35:42 ERROR unit.image-builder-operator-9520019e/0.juju-log Uncaught exception while in charm code:
multiprocessing.pool.RemoteTraceback: 
"""
Traceback (most recent call last):
  File "/var/lib/juju/agents/unit-image-builder-operator-9520019e-0/charm/src/builder.py", line 523, in _run
    stdout = subprocess.check_output(  # pylint: disable=unexpected-keyword-arg # nosec:B603
  File "/usr/lib/python3.10/subprocess.py", line 421, in check_output
    return run(*popenargs, stdout=PIPE, timeout=timeout, check=True,
  File "/usr/lib/python3.10/subprocess.py", line 526, in run
    raise CalledProcessError(retcode, process.args,
subprocess.CalledProcessError: Command '['/usr/bin/run-one', '/usr/bin/sudo', '--preserve-env', '/home/ubuntu/.local/bin/github-runner-image-builder', '--os-cloud', 'builder', 'run', 'image-builder-operator-9520019e-noble-x64', '--flavor', 'shared.xsmall', '--keep-revisions', '5', '--network', 'net_stg-ps7-github-runner-test-amd64', '--prefix', 'image-builder-operator-9520019e', '--upload-clouds', 'stg-ps7-github-runner-test-amd64_project_stg-ps7-github-runner-test-amd64', '--arch', 'x64', '--base-image', 'noble', '--script-url', 'https://raw.githubusercontent.com/canonical/github-runner-image-builder/refs/heads/main/tests/integration/testdata/test_script.sh', '--proxy', 'egress.ps7.internal:3128']' returned non-zero exit status 1.

The above exception was the direct cause of the following exception:

Traceback (most recent call last):
  File "/usr/lib/python3.10/multiprocessing/pool.py", line 125, in worker
    result = (True, func(*args, **kwds))
  File "/usr/lib/python3.10/multiprocessing/pool.py", line 48, in mapstar
    return list(map(*args))
  File "/var/lib/juju/agents/unit-image-builder-operator-9520019e-0/charm/venv/tenacity/__init__.py", line 338, in wrapped_f
    return copy(f, *args, **kw)
  File "/var/lib/juju/agents/unit-image-builder-operator-9520019e-0/charm/venv/tenacity/__init__.py", line 477, in __call__
    do = self.iter(retry_state=retry_state)
  File "/var/lib/juju/agents/unit-image-builder-operator-9520019e-0/charm/venv/tenacity/__init__.py", line 378, in iter
    result = action(retry_state)
  File "/var/lib/juju/agents/unit-image-builder-operator-9520019e-0/charm/venv/tenacity/__init__.py", line 420, in exc_check
    raise retry_exc.reraise()
  File "/var/lib/juju/agents/unit-image-builder-operator-9520019e-0/charm/venv/tenacity/__init__.py", line 187, in reraise
    raise self.last_attempt.result()
  File "/usr/lib/python3.10/concurrent/futures/_base.py", line 451, in result
    return self.__get_result()
  File "/usr/lib/python3.10/concurrent/futures/_base.py", line 403, in __get_result
    raise self._exception
  File "/var/lib/juju/agents/unit-image-builder-operator-9520019e-0/charm/venv/tenacity/__init__.py", line 480, in __call__
    result = fn(*args, **kwargs)
  File "/var/lib/juju/agents/unit-image-builder-operator-9520019e-0/charm/src/builder.py", line 553, in _run
    raise BuilderRunError from exc
exceptions.BuilderRunError
"""

The above exception was the direct cause of the following exception:

Traceback (most recent call last):
  File "/var/lib/juju/agents/unit-image-builder-operator-9520019e-0/charm/./src/charm.py", line 339, in <module>
    ops.main.main(GithubRunnerImageBuilderCharm)
  File "/var/lib/juju/agents/unit-image-builder-operator-9520019e-0/charm/venv/ops/__init__.py", line 363, in main
    return _legacy_main.main(
  File "/var/lib/juju/agents/unit-image-builder-operator-9520019e-0/charm/venv/ops/main.py", line 39, in main
    return _main.main(charm_class=charm_class, use_juju_for_storage=use_juju_for_storage)
  File "/var/lib/juju/agents/unit-image-builder-operator-9520019e-0/charm/venv/ops/_main.py", line 507, in main
    manager.run()
  File "/var/lib/juju/agents/unit-image-builder-operator-9520019e-0/charm/venv/ops/_main.py", line 491, in run
    self._emit()
  File "/var/lib/juju/agents/unit-image-builder-operator-9520019e-0/charm/venv/ops/_main.py", line 426, in _emit
    self._emit_charm_event(self.dispatcher.event_name)
  File "/var/lib/juju/agents/unit-image-builder-operator-9520019e-0/charm/venv/ops/_main.py", line 470, in _emit_charm_event
    event_to_emit.emit(*args, **kwargs)
  File "/var/lib/juju/agents/unit-image-builder-operator-9520019e-0/charm/venv/ops/framework.py", line 337, in emit
    framework._emit(event)
  File "/var/lib/juju/agents/unit-image-builder-operator-9520019e-0/charm/venv/ops/framework.py", line 910, in _emit
    self._reemit(event_path)
  File "/var/lib/juju/agents/unit-image-builder-operator-9520019e-0/charm/venv/ops/framework.py", line 1028, in _reemit
    custom_handler(event)
  File "/var/lib/juju/agents/unit-image-builder-operator-9520019e-0/charm/src/charm_utils.py", line 68, in wrapper
    return method(instance, event)
  File "/var/lib/juju/agents/unit-image-builder-operator-9520019e-0/charm/./src/charm.py", line 163, in _on_run
    self._run()  # pragma: nocover
  File "/var/lib/juju/agents/unit-image-builder-operator-9520019e-0/charm/./src/charm.py", line 253, in _run
    cloud_images = builder.run(
  File "/var/lib/juju/agents/unit-image-builder-operator-9520019e-0/charm/src/builder.py", line 435, in run
    build_results = pool.map(_run, build_configs)
  File "/usr/lib/python3.10/multiprocessing/pool.py", line 367, in map
    return self._map_async(func, iterable, mapstar, chunksize).get()
  File "/usr/lib/python3.10/multiprocessing/pool.py", line 774, in get
    raise self._value
exceptions.BuilderRunError
unit-image-builder-operator-9520019e-0: 16:36:02 ERROR unit.image-builder-operator-9520019e/0.juju-log Image build failed, code: 1, out: , err: None, stdout: 
unit-image-builder-operator-9520019e-0: 16:36:08 ERROR unit.image-builder-operator-9520019e/0.juju-log Image build failed, code: 1, out: , err: None, stdout: 
unit-image-builder-operator-9520019e-0: 16:36:15 ERROR unit.image-builder-operator-9520019e/0.juju-log Image build failed, code: 1, out: , err: None, stdout: 
unit-image-builder-operator-9520019e-0: 16:36:24 ERROR unit.image-builder-operator-9520019e/0.juju-log Image build failed, code: 1, out: , err: None, stdout: 
unit-image-builder-operator-9520019e-0: 16:36:41 ERROR unit.image-builder-operator-9520019e/0.juju-log Image build failed, code: 1, out: , err: None, stdout: 
unit-image-builder-operator-9520019e-0: 16:36:41 ERROR unit.image-builder-operator-9520019e/0.juju-log Uncaught exception while in charm code:
multiprocessing.pool.RemoteTraceback: 
"""
Traceback (most recent call last):
  File "/var/lib/juju/agents/unit-image-builder-operator-9520019e-0/charm/src/builder.py", line 523, in _run
    stdout = subprocess.check_output(  # pylint: disable=unexpected-keyword-arg # nosec:B603
  File "/usr/lib/python3.10/subprocess.py", line 421, in check_output
    return run(*popenargs, stdout=PIPE, timeout=timeout, check=True,
  File "/usr/lib/python3.10/subprocess.py", line 526, in run
    raise CalledProcessError(retcode, process.args,
subprocess.CalledProcessError: Command '['/usr/bin/run-one', '/usr/bin/sudo', '--preserve-env', '/home/ubuntu/.local/bin/github-runner-image-builder', '--os-cloud', 'builder', 'run', 'image-builder-operator-9520019e-noble-x64', '--flavor', 'shared.xsmall', '--keep-revisions', '5', '--network', 'net_stg-ps7-github-runner-test-amd64', '--prefix', 'image-builder-operator-9520019e', '--upload-clouds', 'stg-ps7-github-runner-test-amd64_project_stg-ps7-github-runner-test-amd64', '--arch', 'x64', '--base-image', 'noble', '--script-url', 'https://raw.githubusercontent.com/canonical/github-runner-image-builder/refs/heads/main/tests/integration/testdata/test_script.sh', '--proxy', 'egress.ps7.internal:3128']' returned non-zero exit status 1.

The above exception was the direct cause of the following exception:

Traceback (most recent call last):
  File "/usr/lib/python3.10/multiprocessing/pool.py", line 125, in worker
    result = (True, func(*args, **kwds))
  File "/usr/lib/python3.10/multiprocessing/pool.py", line 48, in mapstar
    return list(map(*args))
  File "/var/lib/juju/agents/unit-image-builder-operator-9520019e-0/charm/venv/tenacity/__init__.py", line 338, in wrapped_f
    return copy(f, *args, **kw)
  File "/var/lib/juju/agents/unit-image-builder-operator-9520019e-0/charm/venv/tenacity/__init__.py", line 477, in __call__
    do = self.iter(retry_state=retry_state)
  File "/var/lib/juju/agents/unit-image-builder-operator-9520019e-0/charm/venv/tenacity/__init__.py", line 378, in iter
    result = action(retry_state)
  File "/var/lib/juju/agents/unit-image-builder-operator-9520019e-0/charm/venv/tenacity/__init__.py", line 420, in exc_check
    raise retry_exc.reraise()
  File "/var/lib/juju/agents/unit-image-builder-operator-9520019e-0/charm/venv/tenacity/__init__.py", line 187, in reraise
    raise self.last_attempt.result()
  File "/usr/lib/python3.10/concurrent/futures/_base.py", line 451, in result
    return self.__get_result()
  File "/usr/lib/python3.10/concurrent/futures/_base.py", line 403, in __get_result
    raise self._exception
  File "/var/lib/juju/agents/unit-image-builder-operator-9520019e-0/charm/venv/tenacity/__init__.py", line 480, in __call__
    result = fn(*args, **kwargs)
  File "/var/lib/juju/agents/unit-image-builder-operator-9520019e-0/charm/src/builder.py", line 553, in _run
    raise BuilderRunError from exc
exceptions.BuilderRunError
"""

The above exception was the direct cause of the following exception:

Traceback (most recent call last):
  File "/var/lib/juju/agents/unit-image-builder-operator-9520019e-0/charm/./src/charm.py", line 339, in <module>
    ops.main.main(GithubRunnerImageBuilderCharm)
  File "/var/lib/juju/agents/unit-image-builder-operator-9520019e-0/charm/venv/ops/__init__.py", line 363, in main
    return _legacy_main.main(
  File "/var/lib/juju/agents/unit-image-builder-operator-9520019e-0/charm/venv/ops/main.py", line 39, in main
    return _main.main(charm_class=charm_class, use_juju_for_storage=use_juju_for_storage)
  File "/var/lib/juju/agents/unit-image-builder-operator-9520019e-0/charm/venv/ops/_main.py", line 507, in main
    manager.run()
  File "/var/lib/juju/agents/unit-image-builder-operator-9520019e-0/charm/venv/ops/_main.py", line 491, in run
    self._emit()
  File "/var/lib/juju/agents/unit-image-builder-operator-9520019e-0/charm/venv/ops/_main.py", line 426, in _emit
    self._emit_charm_event(self.dispatcher.event_name)
  File "/var/lib/juju/agents/unit-image-builder-operator-9520019e-0/charm/venv/ops/_main.py", line 470, in _emit_charm_event
    event_to_emit.emit(*args, **kwargs)
  File "/var/lib/juju/agents/unit-image-builder-operator-9520019e-0/charm/venv/ops/framework.py", line 337, in emit
    framework._emit(event)
  File "/var/lib/juju/agents/unit-image-builder-operator-9520019e-0/charm/venv/ops/framework.py", line 910, in _emit
    self._reemit(event_path)
  File "/var/lib/juju/agents/unit-image-builder-operator-9520019e-0/charm/venv/ops/framework.py", line 1028, in _reemit
    custom_handler(event)
  File "/var/lib/juju/agents/unit-image-builder-operator-9520019e-0/charm/src/charm_utils.py", line 68, in wrapper
    return method(instance, event)
  File "/var/lib/juju/agents/unit-image-builder-operator-9520019e-0/charm/./src/charm.py", line 163, in _on_run
    self._run()  # pragma: nocover
  File "/var/lib/juju/agents/unit-image-builder-operator-9520019e-0/charm/./src/charm.py", line 253, in _run
    cloud_images = builder.run(
  File "/var/lib/juju/agents/unit-image-builder-operator-9520019e-0/charm/src/builder.py", line 435, in run
    build_results = pool.map(_run, build_configs)
  File "/usr/lib/python3.10/multiprocessing/pool.py", line 367, in map
    return self._map_async(func, iterable, mapstar, chunksize).get()
  File "/usr/lib/python3.10/multiprocessing/pool.py", line 774, in get
    raise self._value
exceptions.BuilderRunError
unit-image-builder-operator-9520019e-0: 16:37:03 ERROR unit.image-builder-operator-9520019e/0.juju-log Image build failed, code: 1, out: , err: None, stdout: 
unit-image-builder-operator-9520019e-0: 16:37:09 ERROR unit.image-builder-operator-9520019e/0.juju-log Image build failed, code: 1, out: , err: None, stdout: 
unit-image-builder-operator-9520019e-0: 16:37:15 ERROR unit.image-builder-operator-9520019e/0.juju-log Image build failed, code: 1, out: , err: None, stdout: 
unit-image-builder-operator-9520019e-0: 16:37:24 ERROR unit.image-builder-operator-9520019e/0.juju-log Image build failed, code: 1, out: , err: None, stdout: 
unit-image-builder-operator-9520019e-0: 16:37:41 ERROR unit.image-builder-operator-9520019e/0.juju-log Image build failed, code: 1, out: , err: None, stdout: 
unit-image-builder-operator-9520019e-0: 16:37:41 ERROR unit.image-builder-operator-9520019e/0.juju-log Uncaught exception while in charm code:
multiprocessing.pool.RemoteTraceback: 
"""
Traceback (most recent call last):
  File "/var/lib/juju/agents/unit-image-builder-operator-9520019e-0/charm/src/builder.py", line 523, in _run
    stdout = subprocess.check_output(  # pylint: disable=unexpected-keyword-arg # nosec:B603
  File "/usr/lib/python3.10/subprocess.py", line 421, in check_output
    return run(*popenargs, stdout=PIPE, timeout=timeout, check=True,
  File "/usr/lib/python3.10/subprocess.py", line 526, in run
    raise CalledProcessError(retcode, process.args,
subprocess.CalledProcessError: Command '['/usr/bin/run-one', '/usr/bin/sudo', '--preserve-env', '/home/ubuntu/.local/bin/github-runner-image-builder', '--os-cloud', 'builder', 'run', 'image-builder-operator-9520019e-noble-x64', '--flavor', 'shared.xsmall', '--keep-revisions', '5', '--network', 'net_stg-ps7-github-runner-test-amd64', '--prefix', 'image-builder-operator-9520019e', '--upload-clouds', 'stg-ps7-github-runner-test-amd64_project_stg-ps7-github-runner-test-amd64', '--arch', 'x64', '--base-image', 'noble', '--script-url', 'https://raw.githubusercontent.com/canonical/github-runner-image-builder/refs/heads/main/tests/integration/testdata/test_script.sh', '--proxy', 'egress.ps7.internal:3128']' returned non-zero exit status 1.

The above exception was the direct cause of the following exception:

Traceback (most recent call last):
  File "/usr/lib/python3.10/multiprocessing/pool.py", line 125, in worker
    result = (True, func(*args, **kwds))
  File "/usr/lib/python3.10/multiprocessing/pool.py", line 48, in mapstar
    return list(map(*args))
  File "/var/lib/juju/agents/unit-image-builder-operator-9520019e-0/charm/venv/tenacity/__init__.py", line 338, in wrapped_f
    return copy(f, *args, **kw)
  File "/var/lib/juju/agents/unit-image-builder-operator-9520019e-0/charm/venv/tenacity/__init__.py", line 477, in __call__
    do = self.iter(retry_state=retry_state)
  File "/var/lib/juju/agents/unit-image-builder-operator-9520019e-0/charm/venv/tenacity/__init__.py", line 378, in iter
    result = action(retry_state)
  File "/var/lib/juju/agents/unit-image-builder-operator-9520019e-0/charm/venv/tenacity/__init__.py", line 420, in exc_check
    raise retry_exc.reraise()
  File "/var/lib/juju/agents/unit-image-builder-operator-9520019e-0/charm/venv/tenacity/__init__.py", line 187, in reraise
    raise self.last_attempt.result()
  File "/usr/lib/python3.10/concurrent/futures/_base.py", line 451, in result
    return self.__get_result()
  File "/usr/lib/python3.10/concurrent/futures/_base.py", line 403, in __get_result
    raise self._exception
  File "/var/lib/juju/agents/unit-image-builder-operator-9520019e-0/charm/venv/tenacity/__init__.py", line 480, in __call__
    result = fn(*args, **kwargs)
  File "/var/lib/juju/agents/unit-image-builder-operator-9520019e-0/charm/src/builder.py", line 553, in _run
    raise BuilderRunError from exc
exceptions.BuilderRunError
"""

The above exception was the direct cause of the following exception:

Traceback (most recent call last):
  File "/var/lib/juju/agents/unit-image-builder-operator-9520019e-0/charm/./src/charm.py", line 339, in <module>
    ops.main.main(GithubRunnerImageBuilderCharm)
  File "/var/lib/juju/agents/unit-image-builder-operator-9520019e-0/charm/venv/ops/__init__.py", line 363, in main
    return _legacy_main.main(
  File "/var/lib/juju/agents/unit-image-builder-operator-9520019e-0/charm/venv/ops/main.py", line 39, in main
    return _main.main(charm_class=charm_class, use_juju_for_storage=use_juju_for_storage)
  File "/var/lib/juju/agents/unit-image-builder-operator-9520019e-0/charm/venv/ops/_main.py", line 507, in main
    manager.run()
  File "/var/lib/juju/agents/unit-image-builder-operator-9520019e-0/charm/venv/ops/_main.py", line 491, in run
    self._emit()
  File "/var/lib/juju/agents/unit-image-builder-operator-9520019e-0/charm/venv/ops/_main.py", line 426, in _emit
    self._emit_charm_event(self.dispatcher.event_name)
  File "/var/lib/juju/agents/unit-image-builder-operator-9520019e-0/charm/venv/ops/_main.py", line 470, in _emit_charm_event
    event_to_emit.emit(*args, **kwargs)
  File "/var/lib/juju/agents/unit-image-builder-operator-9520019e-0/charm/venv/ops/framework.py", line 337, in emit
    framework._emit(event)
  File "/var/lib/juju/agents/unit-image-builder-operator-9520019e-0/charm/venv/ops/framework.py", line 910, in _emit
    self._reemit(event_path)
  File "/var/lib/juju/agents/unit-image-builder-operator-9520019e-0/charm/venv/ops/framework.py", line 1028, in _reemit
    custom_handler(event)
  File "/var/lib/juju/agents/unit-image-builder-operator-9520019e-0/charm/src/charm_utils.py", line 68, in wrapper
    return method(instance, event)
  File "/var/lib/juju/agents/unit-image-builder-operator-9520019e-0/charm/./src/charm.py", line 163, in _on_run
    self._run()  # pragma: nocover
  File "/var/lib/juju/agents/unit-image-builder-operator-9520019e-0/charm/./src/charm.py", line 253, in _run
    cloud_images = builder.run(
  File "/var/lib/juju/agents/unit-image-builder-operator-9520019e-0/charm/src/builder.py", line 435, in run
    build_results = pool.map(_run, build_configs)
  File "/usr/lib/python3.10/multiprocessing/pool.py", line 367, in map
    return self._map_async(func, iterable, mapstar, chunksize).get()
  File "/usr/lib/python3.10/multiprocessing/pool.py", line 774, in get
    raise self._value
exceptions.BuilderRunError
unit-image-builder-operator-9520019e-0: 16:38:02 ERROR unit.image-builder-operator-9520019e/0.juju-log Image build failed, code: 1, out: , err: None, stdout: 
unit-image-builder-operator-9520019e-0: 16:38:08 ERROR unit.image-builder-operator-9520019e/0.juju-log Image build failed, code: 1, out: , err: None, stdout: 
unit-image-builder-operator-9520019e-0: 16:38:14 ERROR unit.image-builder-operator-9520019e/0.juju-log Image build failed, code: 1, out: , err: None, stdout: 
unit-image-builder-operator-9520019e-0: 16:38:24 ERROR unit.image-builder-operator-9520019e/0.juju-log Image build failed, code: 1, out: , err: None, stdout: 
unit-image-builder-operator-9520019e-0: 16:38:41 ERROR unit.image-builder-operator-9520019e/0.juju-log Image build failed, code: 1, out: , err: None, stdout: 
unit-image-builder-operator-9520019e-0: 16:38:41 ERROR unit.image-builder-operator-9520019e/0.juju-log Uncaught exception while in charm code:
multiprocessing.pool.RemoteTraceback: 
"""
Traceback (most recent call last):
  File "/var/lib/juju/agents/unit-image-builder-operator-9520019e-0/charm/src/builder.py", line 523, in _run
    stdout = subprocess.check_output(  # pylint: disable=unexpected-keyword-arg # nosec:B603
  File "/usr/lib/python3.10/subprocess.py", line 421, in check_output
    return run(*popenargs, stdout=PIPE, timeout=timeout, check=True,
  File "/usr/lib/python3.10/subprocess.py", line 526, in run
    raise CalledProcessError(retcode, process.args,
subprocess.CalledProcessError: Command '['/usr/bin/run-one', '/usr/bin/sudo', '--preserve-env', '/home/ubuntu/.local/bin/github-runner-image-builder', '--os-cloud', 'builder', 'run', 'image-builder-operator-9520019e-noble-x64', '--flavor', 'shared.xsmall', '--keep-revisions', '5', '--network', 'net_stg-ps7-github-runner-test-amd64', '--prefix', 'image-builder-operator-9520019e', '--upload-clouds', 'stg-ps7-github-runner-test-amd64_project_stg-ps7-github-runner-test-amd64', '--arch', 'x64', '--base-image', 'noble', '--script-url', 'https://raw.githubusercontent.com/canonical/github-runner-image-builder/refs/heads/main/tests/integration/testdata/test_script.sh', '--proxy', 'egress.ps7.internal:3128']' returned non-zero exit status 1.

The above exception was the direct cause of the following exception:

Traceback (most recent call last):
  File "/usr/lib/python3.10/multiprocessing/pool.py", line 125, in worker
    result = (True, func(*args, **kwds))
  File "/usr/lib/python3.10/multiprocessing/pool.py", line 48, in mapstar
    return list(map(*args))
  File "/var/lib/juju/agents/unit-image-builder-operator-9520019e-0/charm/venv/tenacity/__init__.py", line 338, in wrapped_f
    return copy(f, *args, **kw)
  File "/var/lib/juju/agents/unit-image-builder-operator-9520019e-0/charm/venv/tenacity/__init__.py", line 477, in __call__
    do = self.iter(retry_state=retry_state)
  File "/var/lib/juju/agents/unit-image-builder-operator-9520019e-0/charm/venv/tenacity/__init__.py", line 378, in iter
    result = action(retry_state)
  File "/var/lib/juju/agents/unit-image-builder-operator-9520019e-0/charm/venv/tenacity/__init__.py", line 420, in exc_check
    raise retry_exc.reraise()
  File "/var/lib/juju/agents/unit-image-builder-operator-9520019e-0/charm/venv/tenacity/__init__.py", line 187, in reraise
    raise self.last_attempt.result()
  File "/usr/lib/python3.10/concurrent/futures/_base.py", line 451, in result
    return self.__get_result()
  File "/usr/lib/python3.10/concurrent/futures/_base.py", line 403, in __get_result
    raise self._exception
  File "/var/lib/juju/agents/unit-image-builder-operator-9520019e-0/charm/venv/tenacity/__init__.py", line 480, in __call__
    result = fn(*args, **kwargs)
  File "/var/lib/juju/agents/unit-image-builder-operator-9520019e-0/charm/src/builder.py", line 553, in _run
    raise BuilderRunError from exc
exceptions.BuilderRunError
"""

The above exception was the direct cause of the following exception:

Traceback (most recent call last):
  File "/var/lib/juju/agents/unit-image-builder-operator-9520019e-0/charm/./src/charm.py", line 339, in <module>
    ops.main.main(GithubRunnerImageBuilderCharm)
  File "/var/lib/juju/agents/unit-image-builder-operator-9520019e-0/charm/venv/ops/__init__.py", line 363, in main
    return _legacy_main.main(
  File "/var/lib/juju/agents/unit-image-builder-operator-9520019e-0/charm/venv/ops/main.py", line 39, in main
    return _main.main(charm_class=charm_class, use_juju_for_storage=use_juju_for_storage)
  File "/var/lib/juju/agents/unit-image-builder-operator-9520019e-0/charm/venv/ops/_main.py", line 507, in main
    manager.run()
  File "/var/lib/juju/agents/unit-image-builder-operator-9520019e-0/charm/venv/ops/_main.py", line 491, in run
    self._emit()
  File "/var/lib/juju/agents/unit-image-builder-operator-9520019e-0/charm/venv/ops/_main.py", line 426, in _emit
    self._emit_charm_event(self.dispatcher.event_name)
  File "/var/lib/juju/agents/unit-image-builder-operator-9520019e-0/charm/venv/ops/_main.py", line 470, in _emit_charm_event
    event_to_emit.emit(*args, **kwargs)
  File "/var/lib/juju/agents/unit-image-builder-operator-9520019e-0/charm/venv/ops/framework.py", line 337, in emit
    framework._emit(event)
  File "/var/lib/juju/agents/unit-image-builder-operator-9520019e-0/charm/venv/ops/framework.py", line 910, in _emit
    self._reemit(event_path)
  File "/var/lib/juju/agents/unit-image-builder-operator-9520019e-0/charm/venv/ops/framework.py", line 1028, in _reemit
    custom_handler(event)
  File "/var/lib/juju/agents/unit-image-builder-operator-9520019e-0/charm/src/charm_utils.py", line 68, in wrapper
    return method(instance, event)
  File "/var/lib/juju/agents/unit-image-builder-operator-9520019e-0/charm/./src/charm.py", line 163, in _on_run
    self._run()  # pragma: nocover
  File "/var/lib/juju/agents/unit-image-builder-operator-9520019e-0/charm/./src/charm.py", line 253, in _run
    cloud_images = builder.run(
  File "/var/lib/juju/agents/unit-image-builder-operator-9520019e-0/charm/src/builder.py", line 435, in run
    build_results = pool.map(_run, build_configs)
  File "/usr/lib/python3.10/multiprocessing/pool.py", line 367, in map
    return self._map_async(func, iterable, mapstar, chunksize).get()
  File "/usr/lib/python3.10/multiprocessing/pool.py", line 774, in get
    raise self._value
exceptions.BuilderRunError
unit-image-builder-operator-9520019e-0: 16:39:02 ERROR unit.image-builder-operator-9520019e/0.juju-log Image build failed, code: 1, out: , err: None, stdout: 
unit-image-builder-operator-9520019e-0: 16:39:09 ERROR unit.image-builder-operator-9520019e/0.juju-log Image build failed, code: 1, out: , err: None, stdout: 
unit-image-builder-operator-9520019e-0: 16:39:15 ERROR unit.image-builder-operator-9520019e/0.juju-log Image build failed, code: 1, out: , err: None, stdout: 
unit-image-builder-operator-9520019e-0: 16:39:24 ERROR unit.image-builder-operator-9520019e/0.juju-log Image build failed, code: 1, out: , err: None, stdout: 
unit-image-builder-operator-9520019e-0: 16:39:41 ERROR unit.image-builder-operator-9520019e/0.juju-log Image build failed, code: 1, out: , err: None, stdout: 
unit-image-builder-operator-9520019e-0: 16:39:41 ERROR unit.image-builder-operator-9520019e/0.juju-log Uncaught exception while in charm code:
multiprocessing.pool.RemoteTraceback: 
"""
Traceback (most recent call last):
  File "/var/lib/juju/agents/unit-image-builder-operator-9520019e-0/charm/src/builder.py", line 523, in _run
    stdout = subprocess.check_output(  # pylint: disable=unexpected-keyword-arg # nosec:B603
  File "/usr/lib/python3.10/subprocess.py", line 421, in check_output
    return run(*popenargs, stdout=PIPE, timeout=timeout, check=True,
  File "/usr/lib/python3.10/subprocess.py", line 526, in run
    raise CalledProcessError(retcode, process.args,
subprocess.CalledProcessError: Command '['/usr/bin/run-one', '/usr/bin/sudo', '--preserve-env', '/home/ubuntu/.local/bin/github-runner-image-builder', '--os-cloud', 'builder', 'run', 'image-builder-operator-9520019e-noble-x64', '--flavor', 'shared.xsmall', '--keep-revisions', '5', '--network', 'net_stg-ps7-github-runner-test-amd64', '--prefix', 'image-builder-operator-9520019e', '--upload-clouds', 'stg-ps7-github-runner-test-amd64_project_stg-ps7-github-runner-test-amd64', '--arch', 'x64', '--base-image', 'noble', '--script-url', 'https://raw.githubusercontent.com/canonical/github-runner-image-builder/refs/heads/main/tests/integration/testdata/test_script.sh', '--proxy', 'egress.ps7.internal:3128']' returned non-zero exit status 1.

The above exception was the direct cause of the following exception:

Traceback (most recent call last):
  File "/usr/lib/python3.10/multiprocessing/pool.py", line 125, in worker
    result = (True, func(*args, **kwds))
  File "/usr/lib/python3.10/multiprocessing/pool.py", line 48, in mapstar
    return list(map(*args))
  File "/var/lib/juju/agents/unit-image-builder-operator-9520019e-0/charm/venv/tenacity/__init__.py", line 338, in wrapped_f
    return copy(f, *args, **kw)
  File "/var/lib/juju/agents/unit-image-builder-operator-9520019e-0/charm/venv/tenacity/__init__.py", line 477, in __call__
    do = self.iter(retry_state=retry_state)
  File "/var/lib/juju/agents/unit-image-builder-operator-9520019e-0/charm/venv/tenacity/__init__.py", line 378, in iter
    result = action(retry_state)
  File "/var/lib/juju/agents/unit-image-builder-operator-9520019e-0/charm/venv/tenacity/__init__.py", line 420, in exc_check
    raise retry_exc.reraise()
  File "/var/lib/juju/agents/unit-image-builder-operator-9520019e-0/charm/venv/tenacity/__init__.py", line 187, in reraise
    raise self.last_attempt.result()
  File "/usr/lib/python3.10/concurrent/futures/_base.py", line 451, in result
    return self.__get_result()
  File "/usr/lib/python3.10/concurrent/futures/_base.py", line 403, in __get_result
    raise self._exception
  File "/var/lib/juju/agents/unit-image-builder-operator-9520019e-0/charm/venv/tenacity/__init__.py", line 480, in __call__
    result = fn(*args, **kwargs)
  File "/var/lib/juju/agents/unit-image-builder-operator-9520019e-0/charm/src/builder.py", line 553, in _run
    raise BuilderRunError from exc
exceptions.BuilderRunError
"""

The above exception was the direct cause of the following exception:

Traceback (most recent call last):
  File "/var/lib/juju/agents/unit-image-builder-operator-9520019e-0/charm/./src/charm.py", line 339, in <module>
    ops.main.main(GithubRunnerImageBuilderCharm)
  File "/var/lib/juju/agents/unit-image-builder-operator-9520019e-0/charm/venv/ops/__init__.py", line 363, in main
    return _legacy_main.main(
  File "/var/lib/juju/agents/unit-image-builder-operator-9520019e-0/charm/venv/ops/main.py", line 39, in main
    return _main.main(charm_class=charm_class, use_juju_for_storage=use_juju_for_storage)
  File "/var/lib/juju/agents/unit-image-builder-operator-9520019e-0/charm/venv/ops/_main.py", line 507, in main
    manager.run()
  File "/var/lib/juju/agents/unit-image-builder-operator-9520019e-0/charm/venv/ops/_main.py", line 491, in run
    self._emit()
  File "/var/lib/juju/agents/unit-image-builder-operator-9520019e-0/charm/venv/ops/_main.py", line 426, in _emit
    self._emit_charm_event(self.dispatcher.event_name)
  File "/var/lib/juju/agents/unit-image-builder-operator-9520019e-0/charm/venv/ops/_main.py", line 470, in _emit_charm_event
    event_to_emit.emit(*args, **kwargs)
  File "/var/lib/juju/agents/unit-image-builder-operator-9520019e-0/charm/venv/ops/framework.py", line 337, in emit
    framework._emit(event)
  File "/var/lib/juju/agents/unit-image-builder-operator-9520019e-0/charm/venv/ops/framework.py", line 910, in _emit
    self._reemit(event_path)
  File "/var/lib/juju/agents/unit-image-builder-operator-9520019e-0/charm/venv/ops/framework.py", line 1028, in _reemit
    custom_handler(event)
  File "/var/lib/juju/agents/unit-image-builder-operator-9520019e-0/charm/src/charm_utils.py", line 68, in wrapper
    return method(instance, event)
  File "/var/lib/juju/agents/unit-image-builder-operator-9520019e-0/charm/./src/charm.py", line 163, in _on_run
    self._run()  # pragma: nocover
  File "/var/lib/juju/agents/unit-image-builder-operator-9520019e-0/charm/./src/charm.py", line 253, in _run
    cloud_images = builder.run(
  File "/var/lib/juju/agents/unit-image-builder-operator-9520019e-0/charm/src/builder.py", line 435, in run
    build_results = pool.map(_run, build_configs)
  File "/usr/lib/python3.10/multiprocessing/pool.py", line 367, in map
    return self._map_async(func, iterable, mapstar, chunksize).get()
  File "/usr/lib/python3.10/multiprocessing/pool.py", line 774, in get
    raise self._value
exceptions.BuilderRunError
unit-image-builder-operator-9520019e-0: 16:40:04 ERROR unit.image-builder-operator-9520019e/0.juju-log Image build failed, code: 1, out: , err: None, stdout: 
unit-image-builder-operator-9520019e-0: 16:40:10 ERROR unit.image-builder-operator-9520019e/0.juju-log Image build failed, code: 1, out: , err: None, stdout: 
unit-image-builder-operator-9520019e-0: 16:40:16 ERROR unit.image-builder-operator-9520019e/0.juju-log Image build failed, code: 1, out: , err: None, stdout: 
unit-image-builder-operator-9520019e-0: 16:40:25 ERROR unit.image-builder-operator-9520019e/0.juju-log Image build failed, code: 1, out: , err: None, stdout: 
unit-image-builder-operator-9520019e-0: 16:40:42 ERROR unit.image-builder-operator-9520019e/0.juju-log Image build failed, code: 1, out: , err: None, stdout: 
unit-image-builder-operator-9520019e-0: 16:40:42 ERROR unit.image-builder-operator-9520019e/0.juju-log Uncaught exception while in charm code:
multiprocessing.pool.RemoteTraceback: 
"""
Traceback (most recent call last):
  File "/var/lib/juju/agents/unit-image-builder-operator-9520019e-0/charm/src/builder.py", line 523, in _run
    stdout = subprocess.check_output(  # pylint: disable=unexpected-keyword-arg # nosec:B603
  File "/usr/lib/python3.10/subprocess.py", line 421, in check_output
    return run(*popenargs, stdout=PIPE, timeout=timeout, check=True,
  File "/usr/lib/python3.10/subprocess.py", line 526, in run
    raise CalledProcessError(retcode, process.args,
subprocess.CalledProcessError: Command '['/usr/bin/run-one', '/usr/bin/sudo', '--preserve-env', '/home/ubuntu/.local/bin/github-runner-image-builder', '--os-cloud', 'builder', 'run', 'image-builder-operator-9520019e-noble-x64', '--flavor', 'shared.xsmall', '--keep-revisions', '5', '--network', 'net_stg-ps7-github-runner-test-amd64', '--prefix', 'image-builder-operator-9520019e', '--upload-clouds', 'stg-ps7-github-runner-test-amd64_project_stg-ps7-github-runner-test-amd64', '--arch', 'x64', '--base-image', 'noble', '--script-url', 'https://raw.githubusercontent.com/canonical/github-runner-image-builder/refs/heads/main/tests/integration/testdata/test_script.sh', '--proxy', 'egress.ps7.internal:3128']' returned non-zero exit status 1.

The above exception was the direct cause of the following exception:

Traceback (most recent call last):
  File "/usr/lib/python3.10/multiprocessing/pool.py", line 125, in worker
    result = (True, func(*args, **kwds))
  File "/usr/lib/python3.10/multiprocessing/pool.py", line 48, in mapstar
    return list(map(*args))
  File "/var/lib/juju/agents/unit-image-builder-operator-9520019e-0/charm/venv/tenacity/__init__.py", line 338, in wrapped_f
    return copy(f, *args, **kw)
  File "/var/lib/juju/agents/unit-image-builder-operator-9520019e-0/charm/venv/tenacity/__init__.py", line 477, in __call__
    do = self.iter(retry_state=retry_state)
  File "/var/lib/juju/agents/unit-image-builder-operator-9520019e-0/charm/venv/tenacity/__init__.py", line 378, in iter
    result = action(retry_state)
  File "/var/lib/juju/agents/unit-image-builder-operator-9520019e-0/charm/venv/tenacity/__init__.py", line 420, in exc_check
    raise retry_exc.reraise()
  File "/var/lib/juju/agents/unit-image-builder-operator-9520019e-0/charm/venv/tenacity/__init__.py", line 187, in reraise
    raise self.last_attempt.result()
  File "/usr/lib/python3.10/concurrent/futures/_base.py", line 451, in result
    return self.__get_result()
  File "/usr/lib/python3.10/concurrent/futures/_base.py", line 403, in __get_result
    raise self._exception
  File "/var/lib/juju/agents/unit-image-builder-operator-9520019e-0/charm/venv/tenacity/__init__.py", line 480, in __call__
    result = fn(*args, **kwargs)
  File "/var/lib/juju/agents/unit-image-builder-operator-9520019e-0/charm/src/builder.py", line 553, in _run
    raise BuilderRunError from exc
exceptions.BuilderRunError
"""

The above exception was the direct cause of the following exception:

Traceback (most recent call last):
  File "/var/lib/juju/agents/unit-image-builder-operator-9520019e-0/charm/./src/charm.py", line 339, in <module>
    ops.main.main(GithubRunnerImageBuilderCharm)
  File "/var/lib/juju/agents/unit-image-builder-operator-9520019e-0/charm/venv/ops/__init__.py", line 363, in main
    return _legacy_main.main(
  File "/var/lib/juju/agents/unit-image-builder-operator-9520019e-0/charm/venv/ops/main.py", line 39, in main
    return _main.main(charm_class=charm_class, use_juju_for_storage=use_juju_for_storage)
  File "/var/lib/juju/agents/unit-image-builder-operator-9520019e-0/charm/venv/ops/_main.py", line 507, in main
    manager.run()
  File "/var/lib/juju/agents/unit-image-builder-operator-9520019e-0/charm/venv/ops/_main.py", line 491, in run
    self._emit()
  File "/var/lib/juju/agents/unit-image-builder-operator-9520019e-0/charm/venv/ops/_main.py", line 426, in _emit
    self._emit_charm_event(self.dispatcher.event_name)
  File "/var/lib/juju/agents/unit-image-builder-operator-9520019e-0/charm/venv/ops/_main.py", line 470, in _emit_charm_event
    event_to_emit.emit(*args, **kwargs)
  File "/var/lib/juju/agents/unit-image-builder-operator-9520019e-0/charm/venv/ops/framework.py", line 337, in emit
    framework._emit(event)
  File "/var/lib/juju/agents/unit-image-builder-operator-9520019e-0/charm/venv/ops/framework.py", line 910, in _emit
    self._reemit(event_path)
  File "/var/lib/juju/agents/unit-image-builder-operator-9520019e-0/charm/venv/ops/framework.py", line 1028, in _reemit
    custom_handler(event)
  File "/var/lib/juju/agents/unit-image-builder-operator-9520019e-0/charm/src/charm_utils.py", line 68, in wrapper
    return method(instance, event)
  File "/var/lib/juju/agents/unit-image-builder-operator-9520019e-0/charm/./src/charm.py", line 163, in _on_run
    self._run()  # pragma: nocover
  File "/var/lib/juju/agents/unit-image-builder-operator-9520019e-0/charm/./src/charm.py", line 253, in _run
    cloud_images = builder.run(
  File "/var/lib/juju/agents/unit-image-builder-operator-9520019e-0/charm/src/builder.py", line 435, in run
    build_results = pool.map(_run, build_configs)
  File "/usr/lib/python3.10/multiprocessing/pool.py", line 367, in map
    return self._map_async(func, iterable, mapstar, chunksize).get()
  File "/usr/lib/python3.10/multiprocessing/pool.py", line 774, in get
    raise self._value
exceptions.BuilderRunError
unit-image-builder-operator-9520019e-0: 16:41:03 ERROR unit.image-builder-operator-9520019e/0.juju-log Image build failed, code: 1, out: , err: None, stdout: 
unit-image-builder-operator-9520019e-0: 16:41:09 ERROR unit.image-builder-operator-9520019e/0.juju-log Image build failed, code: 1, out: , err: None, stdout: 
unit-image-builder-operator-9520019e-0: 16:41:15 ERROR unit.image-builder-operator-9520019e/0.juju-log Image build failed, code: 1, out: , err: None, stdout: 
unit-image-builder-operator-9520019e-0: 16:41:24 ERROR unit.image-builder-operator-9520019e/0.juju-log Image build failed, code: 1, out: , err: None, stdout: 
unit-image-builder-operator-9520019e-0: 16:41:41 ERROR unit.image-builder-operator-9520019e/0.juju-log Image build failed, code: 1, out: , err: None, stdout: 
unit-image-builder-operator-9520019e-0: 16:41:41 ERROR unit.image-builder-operator-9520019e/0.juju-log Uncaught exception while in charm code:
multiprocessing.pool.RemoteTraceback: 
"""
Traceback (most recent call last):
  File "/var/lib/juju/agents/unit-image-builder-operator-9520019e-0/charm/src/builder.py", line 523, in _run
    stdout = subprocess.check_output(  # pylint: disable=unexpected-keyword-arg # nosec:B603
  File "/usr/lib/python3.10/subprocess.py", line 421, in check_output
    return run(*popenargs, stdout=PIPE, timeout=timeout, check=True,
  File "/usr/lib/python3.10/subprocess.py", line 526, in run
    raise CalledProcessError(retcode, process.args,
subprocess.CalledProcessError: Command '['/usr/bin/run-one', '/usr/bin/sudo', '--preserve-env', '/home/ubuntu/.local/bin/github-runner-image-builder', '--os-cloud', 'builder', 'run', 'image-builder-operator-9520019e-noble-x64', '--flavor', 'shared.xsmall', '--keep-revisions', '5', '--network', 'net_stg-ps7-github-runner-test-amd64', '--prefix', 'image-builder-operator-9520019e', '--upload-clouds', 'stg-ps7-github-runner-test-amd64_project_stg-ps7-github-runner-test-amd64', '--arch', 'x64', '--base-image', 'noble', '--script-url', 'https://raw.githubusercontent.com/canonical/github-runner-image-builder/refs/heads/main/tests/integration/testdata/test_script.sh', '--proxy', 'egress.ps7.internal:3128']' returned non-zero exit status 1.

The above exception was the direct cause of the following exception:

Traceback (most recent call last):
  File "/usr/lib/python3.10/multiprocessing/pool.py", line 125, in worker
    result = (True, func(*args, **kwds))
  File "/usr/lib/python3.10/multiprocessing/pool.py", line 48, in mapstar
    return list(map(*args))
  File "/var/lib/juju/agents/unit-image-builder-operator-9520019e-0/charm/venv/tenacity/__init__.py", line 338, in wrapped_f
    return copy(f, *args, **kw)
  File "/var/lib/juju/agents/unit-image-builder-operator-9520019e-0/charm/venv/tenacity/__init__.py", line 477, in __call__
    do = self.iter(retry_state=retry_state)
  File "/var/lib/juju/agents/unit-image-builder-operator-9520019e-0/charm/venv/tenacity/__init__.py", line 378, in iter
    result = action(retry_state)
  File "/var/lib/juju/agents/unit-image-builder-operator-9520019e-0/charm/venv/tenacity/__init__.py", line 420, in exc_check
    raise retry_exc.reraise()
  File "/var/lib/juju/agents/unit-image-builder-operator-9520019e-0/charm/venv/tenacity/__init__.py", line 187, in reraise
    raise self.last_attempt.result()
  File "/usr/lib/python3.10/concurrent/futures/_base.py", line 451, in result
    return self.__get_result()
  File "/usr/lib/python3.10/concurrent/futures/_base.py", line 403, in __get_result
    raise self._exception
  File "/var/lib/juju/agents/unit-image-builder-operator-9520019e-0/charm/venv/tenacity/__init__.py", line 480, in __call__
    result = fn(*args, **kwargs)
  File "/var/lib/juju/agents/unit-image-builder-operator-9520019e-0/charm/src/builder.py", line 553, in _run
    raise BuilderRunError from exc
exceptions.BuilderRunError
"""

The above exception was the direct cause of the following exception:

Traceback (most recent call last):
  File "/var/lib/juju/agents/unit-image-builder-operator-9520019e-0/charm/./src/charm.py", line 339, in <module>
    ops.main.main(GithubRunnerImageBuilderCharm)
  File "/var/lib/juju/agents/unit-image-builder-operator-9520019e-0/charm/venv/ops/__init__.py", line 363, in main
    return _legacy_main.main(
  File "/var/lib/juju/agents/unit-image-builder-operator-9520019e-0/charm/venv/ops/main.py", line 39, in main
    return _main.main(charm_class=charm_class, use_juju_for_storage=use_juju_for_storage)
  File "/var/lib/juju/agents/unit-image-builder-operator-9520019e-0/charm/venv/ops/_main.py", line 507, in main
    manager.run()
  File "/var/lib/juju/agents/unit-image-builder-operator-9520019e-0/charm/venv/ops/_main.py", line 491, in run
    self._emit()
  File "/var/lib/juju/agents/unit-image-builder-operator-9520019e-0/charm/venv/ops/_main.py", line 426, in _emit
    self._emit_charm_event(self.dispatcher.event_name)
  File "/var/lib/juju/agents/unit-image-builder-operator-9520019e-0/charm/venv/ops/_main.py", line 470, in _emit_charm_event
    event_to_emit.emit(*args, **kwargs)
  File "/var/lib/juju/agents/unit-image-builder-operator-9520019e-0/charm/venv/ops/framework.py", line 337, in emit
    framework._emit(event)
  File "/var/lib/juju/agents/unit-image-builder-operator-9520019e-0/charm/venv/ops/framework.py", line 910, in _emit
    self._reemit(event_path)
  File "/var/lib/juju/agents/unit-image-builder-operator-9520019e-0/charm/venv/ops/framework.py", line 1028, in _reemit
    custom_handler(event)
  File "/var/lib/juju/agents/unit-image-builder-operator-9520019e-0/charm/src/charm_utils.py", line 68, in wrapper
    return method(instance, event)
  File "/var/lib/juju/agents/unit-image-builder-operator-9520019e-0/charm/./src/charm.py", line 163, in _on_run
    self._run()  # pragma: nocover
  File "/var/lib/juju/agents/unit-image-builder-operator-9520019e-0/charm/./src/charm.py", line 253, in _run
    cloud_images = builder.run(
  File "/var/lib/juju/agents/unit-image-builder-operator-9520019e-0/charm/src/builder.py", line 435, in run
    build_results = pool.map(_run, build_configs)
  File "/usr/lib/python3.10/multiprocessing/pool.py", line 367, in map
    return self._map_async(func, iterable, mapstar, chunksize).get()
  File "/usr/lib/python3.10/multiprocessing/pool.py", line 774, in get
    raise self._value
exceptions.BuilderRunError
unit-image-builder-operator-9520019e-0: 16:42:03 ERROR unit.image-builder-operator-9520019e/0.juju-log Image build failed, code: 1, out: , err: None, stdout: 
unit-image-builder-operator-9520019e-0: 16:42:09 ERROR unit.image-builder-operator-9520019e/0.juju-log Image build failed, code: 1, out: , err: None, stdout: 
unit-image-builder-operator-9520019e-0: 16:42:15 ERROR unit.image-builder-operator-9520019e/0.juju-log Image build failed, code: 1, out: , err: None, stdout: 
unit-image-builder-operator-9520019e-0: 16:42:24 ERROR unit.image-builder-operator-9520019e/0.juju-log Image build failed, code: 1, out: , err: None, stdout: 
unit-image-builder-operator-9520019e-0: 16:42:42 ERROR unit.image-builder-operator-9520019e/0.juju-log Image build failed, code: 1, out: , err: None, stdout: 
unit-image-builder-operator-9520019e-0: 16:42:42 ERROR unit.image-builder-operator-9520019e/0.juju-log Uncaught exception while in charm code:
multiprocessing.pool.RemoteTraceback: 
"""
Traceback (most recent call last):
  File "/var/lib/juju/agents/unit-image-builder-operator-9520019e-0/charm/src/builder.py", line 523, in _run
    stdout = subprocess.check_output(  # pylint: disable=unexpected-keyword-arg # nosec:B603
  File "/usr/lib/python3.10/subprocess.py", line 421, in check_output
    return run(*popenargs, stdout=PIPE, timeout=timeout, check=True,
  File "/usr/lib/python3.10/subprocess.py", line 526, in run
    raise CalledProcessError(retcode, process.args,
subprocess.CalledProcessError: Command '['/usr/bin/run-one', '/usr/bin/sudo', '--preserve-env', '/home/ubuntu/.local/bin/github-runner-image-builder', '--os-cloud', 'builder', 'run', 'image-builder-operator-9520019e-noble-x64', '--flavor', 'shared.xsmall', '--keep-revisions', '5', '--network', 'net_stg-ps7-github-runner-test-amd64', '--prefix', 'image-builder-operator-9520019e', '--upload-clouds', 'stg-ps7-github-runner-test-amd64_project_stg-ps7-github-runner-test-amd64', '--arch', 'x64', '--base-image', 'noble', '--script-url', 'https://raw.githubusercontent.com/canonical/github-runner-image-builder/refs/heads/main/tests/integration/testdata/test_script.sh', '--proxy', 'egress.ps7.internal:3128']' returned non-zero exit status 1.

The above exception was the direct cause of the following exception:

Traceback (most recent call last):
  File "/usr/lib/python3.10/multiprocessing/pool.py", line 125, in worker
    result = (True, func(*args, **kwds))
  File "/usr/lib/python3.10/multiprocessing/pool.py", line 48, in mapstar
    return list(map(*args))
  File "/var/lib/juju/agents/unit-image-builder-operator-9520019e-0/charm/venv/tenacity/__init__.py", line 338, in wrapped_f
    return copy(f, *args, **kw)
  File "/var/lib/juju/agents/unit-image-builder-operator-9520019e-0/charm/venv/tenacity/__init__.py", line 477, in __call__
    do = self.iter(retry_state=retry_state)
  File "/var/lib/juju/agents/unit-image-builder-operator-9520019e-0/charm/venv/tenacity/__init__.py", line 378, in iter
    result = action(retry_state)
  File "/var/lib/juju/agents/unit-image-builder-operator-9520019e-0/charm/venv/tenacity/__init__.py", line 420, in exc_check
    raise retry_exc.reraise()
  File "/var/lib/juju/agents/unit-image-builder-operator-9520019e-0/charm/venv/tenacity/__init__.py", line 187, in reraise
    raise self.last_attempt.result()
  File "/usr/lib/python3.10/concurrent/futures/_base.py", line 451, in result
    return self.__get_result()
  File "/usr/lib/python3.10/concurrent/futures/_base.py", line 403, in __get_result
    raise self._exception
  File "/var/lib/juju/agents/unit-image-builder-operator-9520019e-0/charm/venv/tenacity/__init__.py", line 480, in __call__
    result = fn(*args, **kwargs)
  File "/var/lib/juju/agents/unit-image-builder-operator-9520019e-0/charm/src/builder.py", line 553, in _run
    raise BuilderRunError from exc
exceptions.BuilderRunError
"""

The above exception was the direct cause of the following exception:

Traceback (most recent call last):
  File "/var/lib/juju/agents/unit-image-builder-operator-9520019e-0/charm/./src/charm.py", line 339, in <module>
    ops.main.main(GithubRunnerImageBuilderCharm)
  File "/var/lib/juju/agents/unit-image-builder-operator-9520019e-0/charm/venv/ops/__init__.py", line 363, in main
    return _legacy_main.main(
  File "/var/lib/juju/agents/unit-image-builder-operator-9520019e-0/charm/venv/ops/main.py", line 39, in main
    return _main.main(charm_class=charm_class, use_juju_for_storage=use_juju_for_storage)
  File "/var/lib/juju/agents/unit-image-builder-operator-9520019e-0/charm/venv/ops/_main.py", line 507, in main
    manager.run()
  File "/var/lib/juju/agents/unit-image-builder-operator-9520019e-0/charm/venv/ops/_main.py", line 491, in run
    self._emit()
  File "/var/lib/juju/agents/unit-image-builder-operator-9520019e-0/charm/venv/ops/_main.py", line 426, in _emit
    self._emit_charm_event(self.dispatcher.event_name)
  File "/var/lib/juju/agents/unit-image-builder-operator-9520019e-0/charm/venv/ops/_main.py", line 470, in _emit_charm_event
    event_to_emit.emit(*args, **kwargs)
  File "/var/lib/juju/agents/unit-image-builder-operator-9520019e-0/charm/venv/ops/framework.py", line 337, in emit
    framework._emit(event)
  File "/var/lib/juju/agents/unit-image-builder-operator-9520019e-0/charm/venv/ops/framework.py", line 910, in _emit
    self._reemit(event_path)
  File "/var/lib/juju/agents/unit-image-builder-operator-9520019e-0/charm/venv/ops/framework.py", line 1028, in _reemit
    custom_handler(event)
  File "/var/lib/juju/agents/unit-image-builder-operator-9520019e-0/charm/src/charm_utils.py", line 68, in wrapper
    return method(instance, event)
  File "/var/lib/juju/agents/unit-image-builder-operator-9520019e-0/charm/./src/charm.py", line 163, in _on_run
    self._run()  # pragma: nocover
  File "/var/lib/juju/agents/unit-image-builder-operator-9520019e-0/charm/./src/charm.py", line 253, in _run
    cloud_images = builder.run(
  File "/var/lib/juju/agents/unit-image-builder-operator-9520019e-0/charm/src/builder.py", line 435, in run
    build_results = pool.map(_run, build_configs)
  File "/usr/lib/python3.10/multiprocessing/pool.py", line 367, in map
    return self._map_async(func, iterable, mapstar, chunksize).get()
  File "/usr/lib/python3.10/multiprocessing/pool.py", line 774, in get
    raise self._value
exceptions.BuilderRunError

[32mINFO    [0m pytest_operator.plugin:plugin.py:1039 Forgetting model main...
[32mINFO    [0m tests.integration.conftest:conftest.py:465 Cleaning up keypair.
[32mINFO    [0m tests.integration.conftest:conftest.py:467 Keypair deleted.