[32mINFO    [0m juju.model:__init__.py:3254 Waiting for model:
  image-builder-operator-810633d3/0 [executing] active: Building image.
[32mINFO    [0m juju.model:__init__.py:3254 Waiting for model:
  image-builder-operator-810633d3/0 [executing] active: Building image.
[32mINFO    [0m juju.model:__init__.py:3254 Waiting for model:
  image-builder-operator-810633d3/0 [executing] active: Building image.
[32mINFO    [0m juju.model:__init__.py:3254 Waiting for model:
  image-builder-operator-810633d3/0 [executing] active: Building image.
[32mINFO    [0m juju.model:__init__.py:3254 Waiting for model:
  image-builder-operator-810633d3/0 [executing] active: Building image.
[32mINFO    [0m juju.model:__init__.py:3254 Waiting for model:
  image-builder-operator-810633d3/0 [executing] active: Building image.
[32mINFO    [0m juju.model:__init__.py:3254 Waiting for model:
  image-builder-operator-810633d3/0 [executing] active: Building image.
[32mINFO    [0m juju.model:__init__.py:3254 Waiting for model:
  image-builder-operator-810633d3/0 [executing] active: Building image.
[32mINFO    [0m juju.model:__init__.py:3254 Waiting for model:
  image-builder-operator-810633d3/0 [idle] active:
[32mINFO    [0m tests.integration.conftest:conftest.py:158 Cleaning up test charm.
[32mINFO    [0m tests.integration.conftest:conftest.py:160 Test charm application test2-810633d3 removed.
[32mINFO    [0m tests.integration.conftest:conftest.py:142 Test charm application test-810633d3 removed.
[32mINFO    [0m pytest_operator.plugin:plugin.py:951 Model status:

Model            Controller           Cloud/Region         Version  SLA          Timestamp
test-charm-t42i  github-pr-9981e-lxd  localhost/localhost  3.6.11   unsupported  08:32:32Z

App                                            Version  Status   Scale  Charm                        Channel  Rev  Exposed  Message
grafana-agent-image-builder-operator-810633d3           blocked      1  grafana-agent                1/edge   603  no       Missing ['grafana-cloud-config']|['grafana-dashboards-provider']|['logging-consumer']|['send-remote-write'] for cos-a...
image-builder-operator-810633d3                         active       1  github-runner-image-builder             0  no       

Unit                                                Workload  Agent      Machine  Public address  Ports  Message
image-builder-operator-810633d3/0*                  active    executing  0        10.73.113.164          
  grafana-agent-image-builder-operator-810633d3/0*  blocked   executing           10.73.113.164          Missing ['grafana-cloud-config']|['grafana-dashboards-provider']|['logging-consumer']|['send-remote-write'] for cos-a...

Machine  State    Address        Inst id        Base          AZ             Message
0        started  10.73.113.164  juju-b38357-0  ubuntu@22.04  github-runner  Running

[32mINFO    [0m pytest_operator.plugin:plugin.py:957 Juju error logs:

machine-0: 07:37:53 ERROR juju.worker.dependency "lxd-container-provisioner" manifold worker returned unexpected error: container types not yet available
machine-0: 07:37:53 ERROR juju.worker.dependency "kvm-container-provisioner" manifold worker returned unexpected error: container types not yet available
unit-image-builder-operator-810633d3-0: 07:38:42 ERROR unit.image-builder-operator-810633d3/0.juju-log Pipx command failed, code: 1, out: None, err: None
machine-1: 07:45:14 ERROR juju.worker.dependency "lxd-container-provisioner" manifold worker returned unexpected error: container types not yet available
machine-1: 07:45:14 ERROR juju.worker.dependency "kvm-container-provisioner" manifold worker returned unexpected error: container types not yet available
unit-grafana-agent-image-builder-operator-810633d3-0: 08:01:18 ERROR juju.worker.dependency "uniter" manifold worker returned unexpected error: preparing operation "install ch:amd64/grafana-agent-603" for grafana-agent-image-builder-operator-810633d3/0: failed to download charm "ch:amd64/grafana-agent-603" from API server: download request with archiveSha256 length 0 not valid
machine-2: 08:02:44 ERROR juju.worker.dependency "kvm-container-provisioner" manifold worker returned unexpected error: container types not yet available
machine-2: 08:02:44 ERROR juju.worker.dependency "lxd-container-provisioner" manifold worker returned unexpected error: container types not yet available
unit-image-builder-operator-810633d3-0: 08:04:04 ERROR unit.image-builder-operator-810633d3/0.juju-log Image build failed, code: 1, out: , err: None, stdout: 
unit-image-builder-operator-810633d3-0: 08:04:11 ERROR unit.image-builder-operator-810633d3/0.juju-log Image build failed, code: 1, out: , err: None, stdout: 
unit-image-builder-operator-810633d3-0: 08:04:18 ERROR unit.image-builder-operator-810633d3/0.juju-log Image build failed, code: 1, out: , err: None, stdout: 
unit-image-builder-operator-810633d3-0: 08:04:28 ERROR unit.image-builder-operator-810633d3/0.juju-log Image build failed, code: 1, out: , err: None, stdout: 
unit-image-builder-operator-810633d3-0: 08:04:46 ERROR unit.image-builder-operator-810633d3/0.juju-log Image build failed, code: 1, out: , err: None, stdout: 
unit-image-builder-operator-810633d3-0: 08:04:46 ERROR unit.image-builder-operator-810633d3/0.juju-log Uncaught exception while in charm code:
multiprocessing.pool.RemoteTraceback: 
"""
Traceback (most recent call last):
  File "/var/lib/juju/agents/unit-image-builder-operator-810633d3-0/charm/src/builder.py", line 523, in _run
    stdout = subprocess.check_output(  # pylint: disable=unexpected-keyword-arg # nosec:B603
  File "/usr/lib/python3.10/subprocess.py", line 421, in check_output
    return run(*popenargs, stdout=PIPE, timeout=timeout, check=True,
  File "/usr/lib/python3.10/subprocess.py", line 526, in run
    raise CalledProcessError(retcode, process.args,
subprocess.CalledProcessError: Command '['/usr/bin/run-one', '/usr/bin/sudo', '--preserve-env', '/home/ubuntu/.local/bin/github-runner-image-builder', '--os-cloud', 'builder', 'run', 'image-builder-operator-810633d3-noble-x64', '--flavor', 'shared.xsmall', '--keep-revisions', '5', '--network', 'net_stg-ps7-github-runner-test-amd64', '--prefix', 'image-builder-operator-810633d3', '--upload-clouds', 'stg-ps7-github-runner-test-amd64_project_stg-ps7-github-runner-test-amd64', '--arch', 'x64', '--base-image', 'noble', '--script-url', 'https://raw.githubusercontent.com/canonical/github-runner-image-builder/refs/heads/main/tests/integration/testdata/test_script.sh', '--proxy', 'egress.ps7.internal:3128']' returned non-zero exit status 1.

The above exception was the direct cause of the following exception:

Traceback (most recent call last):
  File "/usr/lib/python3.10/multiprocessing/pool.py", line 125, in worker
    result = (True, func(*args, **kwds))
  File "/usr/lib/python3.10/multiprocessing/pool.py", line 48, in mapstar
    return list(map(*args))
  File "/var/lib/juju/agents/unit-image-builder-operator-810633d3-0/charm/venv/tenacity/__init__.py", line 338, in wrapped_f
    return copy(f, *args, **kw)
  File "/var/lib/juju/agents/unit-image-builder-operator-810633d3-0/charm/venv/tenacity/__init__.py", line 477, in __call__
    do = self.iter(retry_state=retry_state)
  File "/var/lib/juju/agents/unit-image-builder-operator-810633d3-0/charm/venv/tenacity/__init__.py", line 378, in iter
    result = action(retry_state)
  File "/var/lib/juju/agents/unit-image-builder-operator-810633d3-0/charm/venv/tenacity/__init__.py", line 420, in exc_check
    raise retry_exc.reraise()
  File "/var/lib/juju/agents/unit-image-builder-operator-810633d3-0/charm/venv/tenacity/__init__.py", line 187, in reraise
    raise self.last_attempt.result()
  File "/usr/lib/python3.10/concurrent/futures/_base.py", line 451, in result
    return self.__get_result()
  File "/usr/lib/python3.10/concurrent/futures/_base.py", line 403, in __get_result
    raise self._exception
  File "/var/lib/juju/agents/unit-image-builder-operator-810633d3-0/charm/venv/tenacity/__init__.py", line 480, in __call__
    result = fn(*args, **kwargs)
  File "/var/lib/juju/agents/unit-image-builder-operator-810633d3-0/charm/src/builder.py", line 553, in _run
    raise BuilderRunError from exc
exceptions.BuilderRunError
"""

The above exception was the direct cause of the following exception:

Traceback (most recent call last):
  File "/var/lib/juju/agents/unit-image-builder-operator-810633d3-0/charm/./src/charm.py", line 339, in <module>
    ops.main.main(GithubRunnerImageBuilderCharm)
  File "/var/lib/juju/agents/unit-image-builder-operator-810633d3-0/charm/venv/ops/__init__.py", line 363, in main
    return _legacy_main.main(
  File "/var/lib/juju/agents/unit-image-builder-operator-810633d3-0/charm/venv/ops/main.py", line 39, in main
    return _main.main(charm_class=charm_class, use_juju_for_storage=use_juju_for_storage)
  File "/var/lib/juju/agents/unit-image-builder-operator-810633d3-0/charm/venv/ops/_main.py", line 504, in main
    manager.run()
  File "/var/lib/juju/agents/unit-image-builder-operator-810633d3-0/charm/venv/ops/_main.py", line 488, in run
    self._emit()
  File "/var/lib/juju/agents/unit-image-builder-operator-810633d3-0/charm/venv/ops/_main.py", line 423, in _emit
    self._emit_charm_event(self.dispatcher.event_name)
  File "/var/lib/juju/agents/unit-image-builder-operator-810633d3-0/charm/venv/ops/_main.py", line 467, in _emit_charm_event
    event_to_emit.emit(*args, **kwargs)
  File "/var/lib/juju/agents/unit-image-builder-operator-810633d3-0/charm/venv/ops/framework.py", line 351, in emit
    framework._emit(event)
  File "/var/lib/juju/agents/unit-image-builder-operator-810633d3-0/charm/venv/ops/framework.py", line 924, in _emit
    self._reemit(event_path)
  File "/var/lib/juju/agents/unit-image-builder-operator-810633d3-0/charm/venv/ops/framework.py", line 1036, in _reemit
    custom_handler(event)
  File "/var/lib/juju/agents/unit-image-builder-operator-810633d3-0/charm/src/charm_utils.py", line 68, in wrapper
    return method(instance, event)
  File "/var/lib/juju/agents/unit-image-builder-operator-810633d3-0/charm/./src/charm.py", line 163, in _on_run
    self._run()  # pragma: nocover
  File "/var/lib/juju/agents/unit-image-builder-operator-810633d3-0/charm/./src/charm.py", line 253, in _run
    cloud_images = builder.run(
  File "/var/lib/juju/agents/unit-image-builder-operator-810633d3-0/charm/src/builder.py", line 435, in run
    build_results = pool.map(_run, build_configs)
  File "/usr/lib/python3.10/multiprocessing/pool.py", line 367, in map
    return self._map_async(func, iterable, mapstar, chunksize).get()
  File "/usr/lib/python3.10/multiprocessing/pool.py", line 774, in get
    raise self._value
exceptions.BuilderRunError
unit-image-builder-operator-810633d3-0: 08:05:04 ERROR unit.image-builder-operator-810633d3/0.juju-log Image build failed, code: 1, out: , err: None, stdout: 
unit-image-builder-operator-810633d3-0: 08:05:11 ERROR unit.image-builder-operator-810633d3/0.juju-log Image build failed, code: 1, out: , err: None, stdout: 
unit-image-builder-operator-810633d3-0: 08:05:18 ERROR unit.image-builder-operator-810633d3/0.juju-log Image build failed, code: 1, out: , err: None, stdout: 
unit-image-builder-operator-810633d3-0: 08:05:28 ERROR unit.image-builder-operator-810633d3/0.juju-log Image build failed, code: 1, out: , err: None, stdout: 
unit-image-builder-operator-810633d3-0: 08:05:46 ERROR unit.image-builder-operator-810633d3/0.juju-log Image build failed, code: 1, out: , err: None, stdout: 
unit-image-builder-operator-810633d3-0: 08:05:46 ERROR unit.image-builder-operator-810633d3/0.juju-log Uncaught exception while in charm code:
multiprocessing.pool.RemoteTraceback: 
"""
Traceback (most recent call last):
  File "/var/lib/juju/agents/unit-image-builder-operator-810633d3-0/charm/src/builder.py", line 523, in _run
    stdout = subprocess.check_output(  # pylint: disable=unexpected-keyword-arg # nosec:B603
  File "/usr/lib/python3.10/subprocess.py", line 421, in check_output
    return run(*popenargs, stdout=PIPE, timeout=timeout, check=True,
  File "/usr/lib/python3.10/subprocess.py", line 526, in run
    raise CalledProcessError(retcode, process.args,
subprocess.CalledProcessError: Command '['/usr/bin/run-one', '/usr/bin/sudo', '--preserve-env', '/home/ubuntu/.local/bin/github-runner-image-builder', '--os-cloud', 'builder', 'run', 'image-builder-operator-810633d3-noble-x64', '--flavor', 'shared.xsmall', '--keep-revisions', '5', '--network', 'net_stg-ps7-github-runner-test-amd64', '--prefix', 'image-builder-operator-810633d3', '--upload-clouds', 'stg-ps7-github-runner-test-amd64_project_stg-ps7-github-runner-test-amd64', '--arch', 'x64', '--base-image', 'noble', '--script-url', 'https://raw.githubusercontent.com/canonical/github-runner-image-builder/refs/heads/main/tests/integration/testdata/test_script.sh', '--proxy', 'egress.ps7.internal:3128']' returned non-zero exit status 1.

The above exception was the direct cause of the following exception:

Traceback (most recent call last):
  File "/usr/lib/python3.10/multiprocessing/pool.py", line 125, in worker
    result = (True, func(*args, **kwds))
  File "/usr/lib/python3.10/multiprocessing/pool.py", line 48, in mapstar
    return list(map(*args))
  File "/var/lib/juju/agents/unit-image-builder-operator-810633d3-0/charm/venv/tenacity/__init__.py", line 338, in wrapped_f
    return copy(f, *args, **kw)
  File "/var/lib/juju/agents/unit-image-builder-operator-810633d3-0/charm/venv/tenacity/__init__.py", line 477, in __call__
    do = self.iter(retry_state=retry_state)
  File "/var/lib/juju/agents/unit-image-builder-operator-810633d3-0/charm/venv/tenacity/__init__.py", line 378, in iter
    result = action(retry_state)
  File "/var/lib/juju/agents/unit-image-builder-operator-810633d3-0/charm/venv/tenacity/__init__.py", line 420, in exc_check
    raise retry_exc.reraise()
  File "/var/lib/juju/agents/unit-image-builder-operator-810633d3-0/charm/venv/tenacity/__init__.py", line 187, in reraise
    raise self.last_attempt.result()
  File "/usr/lib/python3.10/concurrent/futures/_base.py", line 451, in result
    return self.__get_result()
  File "/usr/lib/python3.10/concurrent/futures/_base.py", line 403, in __get_result
    raise self._exception
  File "/var/lib/juju/agents/unit-image-builder-operator-810633d3-0/charm/venv/tenacity/__init__.py", line 480, in __call__
    result = fn(*args, **kwargs)
  File "/var/lib/juju/agents/unit-image-builder-operator-810633d3-0/charm/src/builder.py", line 553, in _run
    raise BuilderRunError from exc
exceptions.BuilderRunError
"""

The above exception was the direct cause of the following exception:

Traceback (most recent call last):
  File "/var/lib/juju/agents/unit-image-builder-operator-810633d3-0/charm/./src/charm.py", line 339, in <module>
    ops.main.main(GithubRunnerImageBuilderCharm)
  File "/var/lib/juju/agents/unit-image-builder-operator-810633d3-0/charm/venv/ops/__init__.py", line 363, in main
    return _legacy_main.main(
  File "/var/lib/juju/agents/unit-image-builder-operator-810633d3-0/charm/venv/ops/main.py", line 39, in main
    return _main.main(charm_class=charm_class, use_juju_for_storage=use_juju_for_storage)
  File "/var/lib/juju/agents/unit-image-builder-operator-810633d3-0/charm/venv/ops/_main.py", line 504, in main
    manager.run()
  File "/var/lib/juju/agents/unit-image-builder-operator-810633d3-0/charm/venv/ops/_main.py", line 488, in run
    self._emit()
  File "/var/lib/juju/agents/unit-image-builder-operator-810633d3-0/charm/venv/ops/_main.py", line 423, in _emit
    self._emit_charm_event(self.dispatcher.event_name)
  File "/var/lib/juju/agents/unit-image-builder-operator-810633d3-0/charm/venv/ops/_main.py", line 467, in _emit_charm_event
    event_to_emit.emit(*args, **kwargs)
  File "/var/lib/juju/agents/unit-image-builder-operator-810633d3-0/charm/venv/ops/framework.py", line 351, in emit
    framework._emit(event)
  File "/var/lib/juju/agents/unit-image-builder-operator-810633d3-0/charm/venv/ops/framework.py", line 924, in _emit
    self._reemit(event_path)
  File "/var/lib/juju/agents/unit-image-builder-operator-810633d3-0/charm/venv/ops/framework.py", line 1036, in _reemit
    custom_handler(event)
  File "/var/lib/juju/agents/unit-image-builder-operator-810633d3-0/charm/src/charm_utils.py", line 68, in wrapper
    return method(instance, event)
  File "/var/lib/juju/agents/unit-image-builder-operator-810633d3-0/charm/./src/charm.py", line 163, in _on_run
    self._run()  # pragma: nocover
  File "/var/lib/juju/agents/unit-image-builder-operator-810633d3-0/charm/./src/charm.py", line 253, in _run
    cloud_images = builder.run(
  File "/var/lib/juju/agents/unit-image-builder-operator-810633d3-0/charm/src/builder.py", line 435, in run
    build_results = pool.map(_run, build_configs)
  File "/usr/lib/python3.10/multiprocessing/pool.py", line 367, in map
    return self._map_async(func, iterable, mapstar, chunksize).get()
  File "/usr/lib/python3.10/multiprocessing/pool.py", line 774, in get
    raise self._value
exceptions.BuilderRunError
unit-image-builder-operator-810633d3-0: 08:06:04 ERROR unit.image-builder-operator-810633d3/0.juju-log Image build failed, code: 1, out: , err: None, stdout: 
unit-image-builder-operator-810633d3-0: 08:06:12 ERROR unit.image-builder-operator-810633d3/0.juju-log Image build failed, code: 1, out: , err: None, stdout: 
unit-image-builder-operator-810633d3-0: 08:06:19 ERROR unit.image-builder-operator-810633d3/0.juju-log Image build failed, code: 1, out: , err: None, stdout: 
unit-image-builder-operator-810633d3-0: 08:06:29 ERROR unit.image-builder-operator-810633d3/0.juju-log Image build failed, code: 1, out: , err: None, stdout: 
unit-image-builder-operator-810633d3-0: 08:06:47 ERROR unit.image-builder-operator-810633d3/0.juju-log Image build failed, code: 1, out: , err: None, stdout: 
unit-image-builder-operator-810633d3-0: 08:06:48 ERROR unit.image-builder-operator-810633d3/0.juju-log Uncaught exception while in charm code:
multiprocessing.pool.RemoteTraceback: 
"""
Traceback (most recent call last):
  File "/var/lib/juju/agents/unit-image-builder-operator-810633d3-0/charm/src/builder.py", line 523, in _run
    stdout = subprocess.check_output(  # pylint: disable=unexpected-keyword-arg # nosec:B603
  File "/usr/lib/python3.10/subprocess.py", line 421, in check_output
    return run(*popenargs, stdout=PIPE, timeout=timeout, check=True,
  File "/usr/lib/python3.10/subprocess.py", line 526, in run
    raise CalledProcessError(retcode, process.args,
subprocess.CalledProcessError: Command '['/usr/bin/run-one', '/usr/bin/sudo', '--preserve-env', '/home/ubuntu/.local/bin/github-runner-image-builder', '--os-cloud', 'builder', 'run', 'image-builder-operator-810633d3-noble-x64', '--flavor', 'shared.xsmall', '--keep-revisions', '5', '--network', 'net_stg-ps7-github-runner-test-amd64', '--prefix', 'image-builder-operator-810633d3', '--upload-clouds', 'stg-ps7-github-runner-test-amd64_project_stg-ps7-github-runner-test-amd64', '--arch', 'x64', '--base-image', 'noble', '--script-url', 'https://raw.githubusercontent.com/canonical/github-runner-image-builder/refs/heads/main/tests/integration/testdata/test_script.sh', '--proxy', 'egress.ps7.internal:3128']' returned non-zero exit status 1.

The above exception was the direct cause of the following exception:

Traceback (most recent call last):
  File "/usr/lib/python3.10/multiprocessing/pool.py", line 125, in worker
    result = (True, func(*args, **kwds))
  File "/usr/lib/python3.10/multiprocessing/pool.py", line 48, in mapstar
    return list(map(*args))
  File "/var/lib/juju/agents/unit-image-builder-operator-810633d3-0/charm/venv/tenacity/__init__.py", line 338, in wrapped_f
    return copy(f, *args, **kw)
  File "/var/lib/juju/agents/unit-image-builder-operator-810633d3-0/charm/venv/tenacity/__init__.py", line 477, in __call__
    do = self.iter(retry_state=retry_state)
  File "/var/lib/juju/agents/unit-image-builder-operator-810633d3-0/charm/venv/tenacity/__init__.py", line 378, in iter
    result = action(retry_state)
  File "/var/lib/juju/agents/unit-image-builder-operator-810633d3-0/charm/venv/tenacity/__init__.py", line 420, in exc_check
    raise retry_exc.reraise()
  File "/var/lib/juju/agents/unit-image-builder-operator-810633d3-0/charm/venv/tenacity/__init__.py", line 187, in reraise
    raise self.last_attempt.result()
  File "/usr/lib/python3.10/concurrent/futures/_base.py", line 451, in result
    return self.__get_result()
  File "/usr/lib/python3.10/concurrent/futures/_base.py", line 403, in __get_result
    raise self._exception
  File "/var/lib/juju/agents/unit-image-builder-operator-810633d3-0/charm/venv/tenacity/__init__.py", line 480, in __call__
    result = fn(*args, **kwargs)
  File "/var/lib/juju/agents/unit-image-builder-operator-810633d3-0/charm/src/builder.py", line 553, in _run
    raise BuilderRunError from exc
exceptions.BuilderRunError
"""

The above exception was the direct cause of the following exception:

Traceback (most recent call last):
  File "/var/lib/juju/agents/unit-image-builder-operator-810633d3-0/charm/./src/charm.py", line 339, in <module>
    ops.main.main(GithubRunnerImageBuilderCharm)
  File "/var/lib/juju/agents/unit-image-builder-operator-810633d3-0/charm/venv/ops/__init__.py", line 363, in main
    return _legacy_main.main(
  File "/var/lib/juju/agents/unit-image-builder-operator-810633d3-0/charm/venv/ops/main.py", line 39, in main
    return _main.main(charm_class=charm_class, use_juju_for_storage=use_juju_for_storage)
  File "/var/lib/juju/agents/unit-image-builder-operator-810633d3-0/charm/venv/ops/_main.py", line 504, in main
    manager.run()
  File "/var/lib/juju/agents/unit-image-builder-operator-810633d3-0/charm/venv/ops/_main.py", line 488, in run
    self._emit()
  File "/var/lib/juju/agents/unit-image-builder-operator-810633d3-0/charm/venv/ops/_main.py", line 423, in _emit
    self._emit_charm_event(self.dispatcher.event_name)
  File "/var/lib/juju/agents/unit-image-builder-operator-810633d3-0/charm/venv/ops/_main.py", line 467, in _emit_charm_event
    event_to_emit.emit(*args, **kwargs)
  File "/var/lib/juju/agents/unit-image-builder-operator-810633d3-0/charm/venv/ops/framework.py", line 351, in emit
    framework._emit(event)
  File "/var/lib/juju/agents/unit-image-builder-operator-810633d3-0/charm/venv/ops/framework.py", line 924, in _emit
    self._reemit(event_path)
  File "/var/lib/juju/agents/unit-image-builder-operator-810633d3-0/charm/venv/ops/framework.py", line 1036, in _reemit
    custom_handler(event)
  File "/var/lib/juju/agents/unit-image-builder-operator-810633d3-0/charm/src/charm_utils.py", line 68, in wrapper
    return method(instance, event)
  File "/var/lib/juju/agents/unit-image-builder-operator-810633d3-0/charm/./src/charm.py", line 163, in _on_run
    self._run()  # pragma: nocover
  File "/var/lib/juju/agents/unit-image-builder-operator-810633d3-0/charm/./src/charm.py", line 253, in _run
    cloud_images = builder.run(
  File "/var/lib/juju/agents/unit-image-builder-operator-810633d3-0/charm/src/builder.py", line 435, in run
    build_results = pool.map(_run, build_configs)
  File "/usr/lib/python3.10/multiprocessing/pool.py", line 367, in map
    return self._map_async(func, iterable, mapstar, chunksize).get()
  File "/usr/lib/python3.10/multiprocessing/pool.py", line 774, in get
    raise self._value
exceptions.BuilderRunError
unit-image-builder-operator-810633d3-0: 08:07:03 ERROR unit.image-builder-operator-810633d3/0.juju-log Image build failed, code: 1, out: , err: None, stdout: 
unit-image-builder-operator-810633d3-0: 08:07:10 ERROR unit.image-builder-operator-810633d3/0.juju-log Image build failed, code: 1, out: , err: None, stdout: 
unit-image-builder-operator-810633d3-0: 08:07:17 ERROR unit.image-builder-operator-810633d3/0.juju-log Image build failed, code: 1, out: , err: None, stdout: 
unit-image-builder-operator-810633d3-0: 08:07:28 ERROR unit.image-builder-operator-810633d3/0.juju-log Image build failed, code: 1, out: , err: None, stdout: 
unit-image-builder-operator-810633d3-0: 08:07:46 ERROR unit.image-builder-operator-810633d3/0.juju-log Image build failed, code: 1, out: , err: None, stdout: 
unit-image-builder-operator-810633d3-0: 08:07:46 ERROR unit.image-builder-operator-810633d3/0.juju-log Uncaught exception while in charm code:
multiprocessing.pool.RemoteTraceback: 
"""
Traceback (most recent call last):
  File "/var/lib/juju/agents/unit-image-builder-operator-810633d3-0/charm/src/builder.py", line 523, in _run
    stdout = subprocess.check_output(  # pylint: disable=unexpected-keyword-arg # nosec:B603
  File "/usr/lib/python3.10/subprocess.py", line 421, in check_output
    return run(*popenargs, stdout=PIPE, timeout=timeout, check=True,
  File "/usr/lib/python3.10/subprocess.py", line 526, in run
    raise CalledProcessError(retcode, process.args,
subprocess.CalledProcessError: Command '['/usr/bin/run-one', '/usr/bin/sudo', '--preserve-env', '/home/ubuntu/.local/bin/github-runner-image-builder', '--os-cloud', 'builder', 'run', 'image-builder-operator-810633d3-noble-x64', '--flavor', 'shared.xsmall', '--keep-revisions', '5', '--network', 'net_stg-ps7-github-runner-test-amd64', '--prefix', 'image-builder-operator-810633d3', '--upload-clouds', 'stg-ps7-github-runner-test-amd64_project_stg-ps7-github-runner-test-amd64', '--arch', 'x64', '--base-image', 'noble', '--script-url', 'https://raw.githubusercontent.com/canonical/github-runner-image-builder/refs/heads/main/tests/integration/testdata/test_script.sh', '--proxy', 'egress.ps7.internal:3128']' returned non-zero exit status 1.

The above exception was the direct cause of the following exception:

Traceback (most recent call last):
  File "/usr/lib/python3.10/multiprocessing/pool.py", line 125, in worker
    result = (True, func(*args, **kwds))
  File "/usr/lib/python3.10/multiprocessing/pool.py", line 48, in mapstar
    return list(map(*args))
  File "/var/lib/juju/agents/unit-image-builder-operator-810633d3-0/charm/venv/tenacity/__init__.py", line 338, in wrapped_f
    return copy(f, *args, **kw)
  File "/var/lib/juju/agents/unit-image-builder-operator-810633d3-0/charm/venv/tenacity/__init__.py", line 477, in __call__
    do = self.iter(retry_state=retry_state)
  File "/var/lib/juju/agents/unit-image-builder-operator-810633d3-0/charm/venv/tenacity/__init__.py", line 378, in iter
    result = action(retry_state)
  File "/var/lib/juju/agents/unit-image-builder-operator-810633d3-0/charm/venv/tenacity/__init__.py", line 420, in exc_check
    raise retry_exc.reraise()
  File "/var/lib/juju/agents/unit-image-builder-operator-810633d3-0/charm/venv/tenacity/__init__.py", line 187, in reraise
    raise self.last_attempt.result()
  File "/usr/lib/python3.10/concurrent/futures/_base.py", line 451, in result
    return self.__get_result()
  File "/usr/lib/python3.10/concurrent/futures/_base.py", line 403, in __get_result
    raise self._exception
  File "/var/lib/juju/agents/unit-image-builder-operator-810633d3-0/charm/venv/tenacity/__init__.py", line 480, in __call__
    result = fn(*args, **kwargs)
  File "/var/lib/juju/agents/unit-image-builder-operator-810633d3-0/charm/src/builder.py", line 553, in _run
    raise BuilderRunError from exc
exceptions.BuilderRunError
"""

The above exception was the direct cause of the following exception:

Traceback (most recent call last):
  File "/var/lib/juju/agents/unit-image-builder-operator-810633d3-0/charm/./src/charm.py", line 339, in <module>
    ops.main.main(GithubRunnerImageBuilderCharm)
  File "/var/lib/juju/agents/unit-image-builder-operator-810633d3-0/charm/venv/ops/__init__.py", line 363, in main
    return _legacy_main.main(
  File "/var/lib/juju/agents/unit-image-builder-operator-810633d3-0/charm/venv/ops/main.py", line 39, in main
    return _main.main(charm_class=charm_class, use_juju_for_storage=use_juju_for_storage)
  File "/var/lib/juju/agents/unit-image-builder-operator-810633d3-0/charm/venv/ops/_main.py", line 504, in main
    manager.run()
  File "/var/lib/juju/agents/unit-image-builder-operator-810633d3-0/charm/venv/ops/_main.py", line 488, in run
    self._emit()
  File "/var/lib/juju/agents/unit-image-builder-operator-810633d3-0/charm/venv/ops/_main.py", line 423, in _emit
    self._emit_charm_event(self.dispatcher.event_name)
  File "/var/lib/juju/agents/unit-image-builder-operator-810633d3-0/charm/venv/ops/_main.py", line 467, in _emit_charm_event
    event_to_emit.emit(*args, **kwargs)
  File "/var/lib/juju/agents/unit-image-builder-operator-810633d3-0/charm/venv/ops/framework.py", line 351, in emit
    framework._emit(event)
  File "/var/lib/juju/agents/unit-image-builder-operator-810633d3-0/charm/venv/ops/framework.py", line 924, in _emit
    self._reemit(event_path)
  File "/var/lib/juju/agents/unit-image-builder-operator-810633d3-0/charm/venv/ops/framework.py", line 1036, in _reemit
    custom_handler(event)
  File "/var/lib/juju/agents/unit-image-builder-operator-810633d3-0/charm/src/charm_utils.py", line 68, in wrapper
    return method(instance, event)
  File "/var/lib/juju/agents/unit-image-builder-operator-810633d3-0/charm/./src/charm.py", line 163, in _on_run
    self._run()  # pragma: nocover
  File "/var/lib/juju/agents/unit-image-builder-operator-810633d3-0/charm/./src/charm.py", line 253, in _run
    cloud_images = builder.run(
  File "/var/lib/juju/agents/unit-image-builder-operator-810633d3-0/charm/src/builder.py", line 435, in run
    build_results = pool.map(_run, build_configs)
  File "/usr/lib/python3.10/multiprocessing/pool.py", line 367, in map
    return self._map_async(func, iterable, mapstar, chunksize).get()
  File "/usr/lib/python3.10/multiprocessing/pool.py", line 774, in get
    raise self._value
exceptions.BuilderRunError
unit-image-builder-operator-810633d3-0: 08:08:04 ERROR unit.image-builder-operator-810633d3/0.juju-log Image build failed, code: 1, out: , err: None, stdout: 
unit-image-builder-operator-810633d3-0: 08:08:11 ERROR unit.image-builder-operator-810633d3/0.juju-log Image build failed, code: 1, out: , err: None, stdout: 
unit-image-builder-operator-810633d3-0: 08:08:18 ERROR unit.image-builder-operator-810633d3/0.juju-log Image build failed, code: 1, out: , err: None, stdout: 
unit-image-builder-operator-810633d3-0: 08:08:28 ERROR unit.image-builder-operator-810633d3/0.juju-log Image build failed, code: 1, out: , err: None, stdout: 
unit-image-builder-operator-810633d3-0: 08:08:46 ERROR unit.image-builder-operator-810633d3/0.juju-log Image build failed, code: 1, out: , err: None, stdout: 
unit-image-builder-operator-810633d3-0: 08:08:46 ERROR unit.image-builder-operator-810633d3/0.juju-log Uncaught exception while in charm code:
multiprocessing.pool.RemoteTraceback: 
"""
Traceback (most recent call last):
  File "/var/lib/juju/agents/unit-image-builder-operator-810633d3-0/charm/src/builder.py", line 523, in _run
    stdout = subprocess.check_output(  # pylint: disable=unexpected-keyword-arg # nosec:B603
  File "/usr/lib/python3.10/subprocess.py", line 421, in check_output
    return run(*popenargs, stdout=PIPE, timeout=timeout, check=True,
  File "/usr/lib/python3.10/subprocess.py", line 526, in run
    raise CalledProcessError(retcode, process.args,
subprocess.CalledProcessError: Command '['/usr/bin/run-one', '/usr/bin/sudo', '--preserve-env', '/home/ubuntu/.local/bin/github-runner-image-builder', '--os-cloud', 'builder', 'run', 'image-builder-operator-810633d3-noble-x64', '--flavor', 'shared.xsmall', '--keep-revisions', '5', '--network', 'net_stg-ps7-github-runner-test-amd64', '--prefix', 'image-builder-operator-810633d3', '--upload-clouds', 'stg-ps7-github-runner-test-amd64_project_stg-ps7-github-runner-test-amd64', '--arch', 'x64', '--base-image', 'noble', '--script-url', 'https://raw.githubusercontent.com/canonical/github-runner-image-builder/refs/heads/main/tests/integration/testdata/test_script.sh', '--proxy', 'egress.ps7.internal:3128']' returned non-zero exit status 1.

The above exception was the direct cause of the following exception:

Traceback (most recent call last):
  File "/usr/lib/python3.10/multiprocessing/pool.py", line 125, in worker
    result = (True, func(*args, **kwds))
  File "/usr/lib/python3.10/multiprocessing/pool.py", line 48, in mapstar
    return list(map(*args))
  File "/var/lib/juju/agents/unit-image-builder-operator-810633d3-0/charm/venv/tenacity/__init__.py", line 338, in wrapped_f
    return copy(f, *args, **kw)
  File "/var/lib/juju/agents/unit-image-builder-operator-810633d3-0/charm/venv/tenacity/__init__.py", line 477, in __call__
    do = self.iter(retry_state=retry_state)
  File "/var/lib/juju/agents/unit-image-builder-operator-810633d3-0/charm/venv/tenacity/__init__.py", line 378, in iter
    result = action(retry_state)
  File "/var/lib/juju/agents/unit-image-builder-operator-810633d3-0/charm/venv/tenacity/__init__.py", line 420, in exc_check
    raise retry_exc.reraise()
  File "/var/lib/juju/agents/unit-image-builder-operator-810633d3-0/charm/venv/tenacity/__init__.py", line 187, in reraise
    raise self.last_attempt.result()
  File "/usr/lib/python3.10/concurrent/futures/_base.py", line 451, in result
    return self.__get_result()
  File "/usr/lib/python3.10/concurrent/futures/_base.py", line 403, in __get_result
    raise self._exception
  File "/var/lib/juju/agents/unit-image-builder-operator-810633d3-0/charm/venv/tenacity/__init__.py", line 480, in __call__
    result = fn(*args, **kwargs)
  File "/var/lib/juju/agents/unit-image-builder-operator-810633d3-0/charm/src/builder.py", line 553, in _run
    raise BuilderRunError from exc
exceptions.BuilderRunError
"""

The above exception was the direct cause of the following exception:

Traceback (most recent call last):
  File "/var/lib/juju/agents/unit-image-builder-operator-810633d3-0/charm/./src/charm.py", line 339, in <module>
    ops.main.main(GithubRunnerImageBuilderCharm)
  File "/var/lib/juju/agents/unit-image-builder-operator-810633d3-0/charm/venv/ops/__init__.py", line 363, in main
    return _legacy_main.main(
  File "/var/lib/juju/agents/unit-image-builder-operator-810633d3-0/charm/venv/ops/main.py", line 39, in main
    return _main.main(charm_class=charm_class, use_juju_for_storage=use_juju_for_storage)
  File "/var/lib/juju/agents/unit-image-builder-operator-810633d3-0/charm/venv/ops/_main.py", line 504, in main
    manager.run()
  File "/var/lib/juju/agents/unit-image-builder-operator-810633d3-0/charm/venv/ops/_main.py", line 488, in run
    self._emit()
  File "/var/lib/juju/agents/unit-image-builder-operator-810633d3-0/charm/venv/ops/_main.py", line 423, in _emit
    self._emit_charm_event(self.dispatcher.event_name)
  File "/var/lib/juju/agents/unit-image-builder-operator-810633d3-0/charm/venv/ops/_main.py", line 467, in _emit_charm_event
    event_to_emit.emit(*args, **kwargs)
  File "/var/lib/juju/agents/unit-image-builder-operator-810633d3-0/charm/venv/ops/framework.py", line 351, in emit
    framework._emit(event)
  File "/var/lib/juju/agents/unit-image-builder-operator-810633d3-0/charm/venv/ops/framework.py", line 924, in _emit
    self._reemit(event_path)
  File "/var/lib/juju/agents/unit-image-builder-operator-810633d3-0/charm/venv/ops/framework.py", line 1036, in _reemit
    custom_handler(event)
  File "/var/lib/juju/agents/unit-image-builder-operator-810633d3-0/charm/src/charm_utils.py", line 68, in wrapper
    return method(instance, event)
  File "/var/lib/juju/agents/unit-image-builder-operator-810633d3-0/charm/./src/charm.py", line 163, in _on_run
    self._run()  # pragma: nocover
  File "/var/lib/juju/agents/unit-image-builder-operator-810633d3-0/charm/./src/charm.py", line 253, in _run
    cloud_images = builder.run(
  File "/var/lib/juju/agents/unit-image-builder-operator-810633d3-0/charm/src/builder.py", line 435, in run
    build_results = pool.map(_run, build_configs)
  File "/usr/lib/python3.10/multiprocessing/pool.py", line 367, in map
    return self._map_async(func, iterable, mapstar, chunksize).get()
  File "/usr/lib/python3.10/multiprocessing/pool.py", line 774, in get
    raise self._value
exceptions.BuilderRunError
unit-image-builder-operator-810633d3-0: 08:09:04 ERROR unit.image-builder-operator-810633d3/0.juju-log Image build failed, code: 1, out: , err: None, stdout: 
unit-image-builder-operator-810633d3-0: 08:09:11 ERROR unit.image-builder-operator-810633d3/0.juju-log Image build failed, code: 1, out: , err: None, stdout: 
unit-image-builder-operator-810633d3-0: 08:09:19 ERROR unit.image-builder-operator-810633d3/0.juju-log Image build failed, code: 1, out: , err: None, stdout: 
unit-image-builder-operator-810633d3-0: 08:09:29 ERROR unit.image-builder-operator-810633d3/0.juju-log Image build failed, code: 1, out: , err: None, stdout: 
unit-image-builder-operator-810633d3-0: 08:09:47 ERROR unit.image-builder-operator-810633d3/0.juju-log Image build failed, code: 1, out: , err: None, stdout: 
unit-image-builder-operator-810633d3-0: 08:09:47 ERROR unit.image-builder-operator-810633d3/0.juju-log Uncaught exception while in charm code:
multiprocessing.pool.RemoteTraceback: 
"""
Traceback (most recent call last):
  File "/var/lib/juju/agents/unit-image-builder-operator-810633d3-0/charm/src/builder.py", line 523, in _run
    stdout = subprocess.check_output(  # pylint: disable=unexpected-keyword-arg # nosec:B603
  File "/usr/lib/python3.10/subprocess.py", line 421, in check_output
    return run(*popenargs, stdout=PIPE, timeout=timeout, check=True,
  File "/usr/lib/python3.10/subprocess.py", line 526, in run
    raise CalledProcessError(retcode, process.args,
subprocess.CalledProcessError: Command '['/usr/bin/run-one', '/usr/bin/sudo', '--preserve-env', '/home/ubuntu/.local/bin/github-runner-image-builder', '--os-cloud', 'builder', 'run', 'image-builder-operator-810633d3-noble-x64', '--flavor', 'shared.xsmall', '--keep-revisions', '5', '--network', 'net_stg-ps7-github-runner-test-amd64', '--prefix', 'image-builder-operator-810633d3', '--upload-clouds', 'stg-ps7-github-runner-test-amd64_project_stg-ps7-github-runner-test-amd64', '--arch', 'x64', '--base-image', 'noble', '--script-url', 'https://raw.githubusercontent.com/canonical/github-runner-image-builder/refs/heads/main/tests/integration/testdata/test_script.sh', '--proxy', 'egress.ps7.internal:3128']' returned non-zero exit status 1.

The above exception was the direct cause of the following exception:

Traceback (most recent call last):
  File "/usr/lib/python3.10/multiprocessing/pool.py", line 125, in worker
    result = (True, func(*args, **kwds))
  File "/usr/lib/python3.10/multiprocessing/pool.py", line 48, in mapstar
    return list(map(*args))
  File "/var/lib/juju/agents/unit-image-builder-operator-810633d3-0/charm/venv/tenacity/__init__.py", line 338, in wrapped_f
    return copy(f, *args, **kw)
  File "/var/lib/juju/agents/unit-image-builder-operator-810633d3-0/charm/venv/tenacity/__init__.py", line 477, in __call__
    do = self.iter(retry_state=retry_state)
  File "/var/lib/juju/agents/unit-image-builder-operator-810633d3-0/charm/venv/tenacity/__init__.py", line 378, in iter
    result = action(retry_state)
  File "/var/lib/juju/agents/unit-image-builder-operator-810633d3-0/charm/venv/tenacity/__init__.py", line 420, in exc_check
    raise retry_exc.reraise()
  File "/var/lib/juju/agents/unit-image-builder-operator-810633d3-0/charm/venv/tenacity/__init__.py", line 187, in reraise
    raise self.last_attempt.result()
  File "/usr/lib/python3.10/concurrent/futures/_base.py", line 451, in result
    return self.__get_result()
  File "/usr/lib/python3.10/concurrent/futures/_base.py", line 403, in __get_result
    raise self._exception
  File "/var/lib/juju/agents/unit-image-builder-operator-810633d3-0/charm/venv/tenacity/__init__.py", line 480, in __call__
    result = fn(*args, **kwargs)
  File "/var/lib/juju/agents/unit-image-builder-operator-810633d3-0/charm/src/builder.py", line 553, in _run
    raise BuilderRunError from exc
exceptions.BuilderRunError
"""

The above exception was the direct cause of the following exception:

Traceback (most recent call last):
  File "/var/lib/juju/agents/unit-image-builder-operator-810633d3-0/charm/./src/charm.py", line 339, in <module>
    ops.main.main(GithubRunnerImageBuilderCharm)
  File "/var/lib/juju/agents/unit-image-builder-operator-810633d3-0/charm/venv/ops/__init__.py", line 363, in main
    return _legacy_main.main(
  File "/var/lib/juju/agents/unit-image-builder-operator-810633d3-0/charm/venv/ops/main.py", line 39, in main
    return _main.main(charm_class=charm_class, use_juju_for_storage=use_juju_for_storage)
  File "/var/lib/juju/agents/unit-image-builder-operator-810633d3-0/charm/venv/ops/_main.py", line 504, in main
    manager.run()
  File "/var/lib/juju/agents/unit-image-builder-operator-810633d3-0/charm/venv/ops/_main.py", line 488, in run
    self._emit()
  File "/var/lib/juju/agents/unit-image-builder-operator-810633d3-0/charm/venv/ops/_main.py", line 423, in _emit
    self._emit_charm_event(self.dispatcher.event_name)
  File "/var/lib/juju/agents/unit-image-builder-operator-810633d3-0/charm/venv/ops/_main.py", line 467, in _emit_charm_event
    event_to_emit.emit(*args, **kwargs)
  File "/var/lib/juju/agents/unit-image-builder-operator-810633d3-0/charm/venv/ops/framework.py", line 351, in emit
    framework._emit(event)
  File "/var/lib/juju/agents/unit-image-builder-operator-810633d3-0/charm/venv/ops/framework.py", line 924, in _emit
    self._reemit(event_path)
  File "/var/lib/juju/agents/unit-image-builder-operator-810633d3-0/charm/venv/ops/framework.py", line 1036, in _reemit
    custom_handler(event)
  File "/var/lib/juju/agents/unit-image-builder-operator-810633d3-0/charm/src/charm_utils.py", line 68, in wrapper
    return method(instance, event)
  File "/var/lib/juju/agents/unit-image-builder-operator-810633d3-0/charm/./src/charm.py", line 163, in _on_run
    self._run()  # pragma: nocover
  File "/var/lib/juju/agents/unit-image-builder-operator-810633d3-0/charm/./src/charm.py", line 253, in _run
    cloud_images = builder.run(
  File "/var/lib/juju/agents/unit-image-builder-operator-810633d3-0/charm/src/builder.py", line 435, in run
    build_results = pool.map(_run, build_configs)
  File "/usr/lib/python3.10/multiprocessing/pool.py", line 367, in map
    return self._map_async(func, iterable, mapstar, chunksize).get()
  File "/usr/lib/python3.10/multiprocessing/pool.py", line 774, in get
    raise self._value
exceptions.BuilderRunError
unit-image-builder-operator-810633d3-0: 08:10:04 ERROR unit.image-builder-operator-810633d3/0.juju-log Image build failed, code: 1, out: , err: None, stdout: 
unit-image-builder-operator-810633d3-0: 08:10:11 ERROR unit.image-builder-operator-810633d3/0.juju-log Image build failed, code: 1, out: , err: None, stdout: 
unit-image-builder-operator-810633d3-0: 08:10:18 ERROR unit.image-builder-operator-810633d3/0.juju-log Image build failed, code: 1, out: , err: None, stdout: 
unit-image-builder-operator-810633d3-0: 08:10:28 ERROR unit.image-builder-operator-810633d3/0.juju-log Image build failed, code: 1, out: , err: None, stdout: 
unit-image-builder-operator-810633d3-0: 08:10:47 ERROR unit.image-builder-operator-810633d3/0.juju-log Image build failed, code: 1, out: , err: None, stdout: 
unit-image-builder-operator-810633d3-0: 08:10:47 ERROR unit.image-builder-operator-810633d3/0.juju-log Uncaught exception while in charm code:
multiprocessing.pool.RemoteTraceback: 
"""
Traceback (most recent call last):
  File "/var/lib/juju/agents/unit-image-builder-operator-810633d3-0/charm/src/builder.py", line 523, in _run
    stdout = subprocess.check_output(  # pylint: disable=unexpected-keyword-arg # nosec:B603
  File "/usr/lib/python3.10/subprocess.py", line 421, in check_output
    return run(*popenargs, stdout=PIPE, timeout=timeout, check=True,
  File "/usr/lib/python3.10/subprocess.py", line 526, in run
    raise CalledProcessError(retcode, process.args,
subprocess.CalledProcessError: Command '['/usr/bin/run-one', '/usr/bin/sudo', '--preserve-env', '/home/ubuntu/.local/bin/github-runner-image-builder', '--os-cloud', 'builder', 'run', 'image-builder-operator-810633d3-noble-x64', '--flavor', 'shared.xsmall', '--keep-revisions', '5', '--network', 'net_stg-ps7-github-runner-test-amd64', '--prefix', 'image-builder-operator-810633d3', '--upload-clouds', 'stg-ps7-github-runner-test-amd64_project_stg-ps7-github-runner-test-amd64', '--arch', 'x64', '--base-image', 'noble', '--script-url', 'https://raw.githubusercontent.com/canonical/github-runner-image-builder/refs/heads/main/tests/integration/testdata/test_script.sh', '--proxy', 'egress.ps7.internal:3128']' returned non-zero exit status 1.

The above exception was the direct cause of the following exception:

Traceback (most recent call last):
  File "/usr/lib/python3.10/multiprocessing/pool.py", line 125, in worker
    result = (True, func(*args, **kwds))
  File "/usr/lib/python3.10/multiprocessing/pool.py", line 48, in mapstar
    return list(map(*args))
  File "/var/lib/juju/agents/unit-image-builder-operator-810633d3-0/charm/venv/tenacity/__init__.py", line 338, in wrapped_f
    return copy(f, *args, **kw)
  File "/var/lib/juju/agents/unit-image-builder-operator-810633d3-0/charm/venv/tenacity/__init__.py", line 477, in __call__
    do = self.iter(retry_state=retry_state)
  File "/var/lib/juju/agents/unit-image-builder-operator-810633d3-0/charm/venv/tenacity/__init__.py", line 378, in iter
    result = action(retry_state)
  File "/var/lib/juju/agents/unit-image-builder-operator-810633d3-0/charm/venv/tenacity/__init__.py", line 420, in exc_check
    raise retry_exc.reraise()
  File "/var/lib/juju/agents/unit-image-builder-operator-810633d3-0/charm/venv/tenacity/__init__.py", line 187, in reraise
    raise self.last_attempt.result()
  File "/usr/lib/python3.10/concurrent/futures/_base.py", line 451, in result
    return self.__get_result()
  File "/usr/lib/python3.10/concurrent/futures/_base.py", line 403, in __get_result
    raise self._exception
  File "/var/lib/juju/agents/unit-image-builder-operator-810633d3-0/charm/venv/tenacity/__init__.py", line 480, in __call__
    result = fn(*args, **kwargs)
  File "/var/lib/juju/agents/unit-image-builder-operator-810633d3-0/charm/src/builder.py", line 553, in _run
    raise BuilderRunError from exc
exceptions.BuilderRunError
"""

The above exception was the direct cause of the following exception:

Traceback (most recent call last):
  File "/var/lib/juju/agents/unit-image-builder-operator-810633d3-0/charm/./src/charm.py", line 339, in <module>
    ops.main.main(GithubRunnerImageBuilderCharm)
  File "/var/lib/juju/agents/unit-image-builder-operator-810633d3-0/charm/venv/ops/__init__.py", line 363, in main
    return _legacy_main.main(
  File "/var/lib/juju/agents/unit-image-builder-operator-810633d3-0/charm/venv/ops/main.py", line 39, in main
    return _main.main(charm_class=charm_class, use_juju_for_storage=use_juju_for_storage)
  File "/var/lib/juju/agents/unit-image-builder-operator-810633d3-0/charm/venv/ops/_main.py", line 504, in main
    manager.run()
  File "/var/lib/juju/agents/unit-image-builder-operator-810633d3-0/charm/venv/ops/_main.py", line 488, in run
    self._emit()
  File "/var/lib/juju/agents/unit-image-builder-operator-810633d3-0/charm/venv/ops/_main.py", line 423, in _emit
    self._emit_charm_event(self.dispatcher.event_name)
  File "/var/lib/juju/agents/unit-image-builder-operator-810633d3-0/charm/venv/ops/_main.py", line 467, in _emit_charm_event
    event_to_emit.emit(*args, **kwargs)
  File "/var/lib/juju/agents/unit-image-builder-operator-810633d3-0/charm/venv/ops/framework.py", line 351, in emit
    framework._emit(event)
  File "/var/lib/juju/agents/unit-image-builder-operator-810633d3-0/charm/venv/ops/framework.py", line 924, in _emit
    self._reemit(event_path)
  File "/var/lib/juju/agents/unit-image-builder-operator-810633d3-0/charm/venv/ops/framework.py", line 1036, in _reemit
    custom_handler(event)
  File "/var/lib/juju/agents/unit-image-builder-operator-810633d3-0/charm/src/charm_utils.py", line 68, in wrapper
    return method(instance, event)
  File "/var/lib/juju/agents/unit-image-builder-operator-810633d3-0/charm/./src/charm.py", line 163, in _on_run
    self._run()  # pragma: nocover
  File "/var/lib/juju/agents/unit-image-builder-operator-810633d3-0/charm/./src/charm.py", line 253, in _run
    cloud_images = builder.run(
  File "/var/lib/juju/agents/unit-image-builder-operator-810633d3-0/charm/src/builder.py", line 435, in run
    build_results = pool.map(_run, build_configs)
  File "/usr/lib/python3.10/multiprocessing/pool.py", line 367, in map
    return self._map_async(func, iterable, mapstar, chunksize).get()
  File "/usr/lib/python3.10/multiprocessing/pool.py", line 774, in get
    raise self._value
exceptions.BuilderRunError
unit-image-builder-operator-810633d3-0: 08:11:03 ERROR unit.image-builder-operator-810633d3/0.juju-log Image build failed, code: 1, out: , err: None, stdout: 
unit-image-builder-operator-810633d3-0: 08:11:10 ERROR unit.image-builder-operator-810633d3/0.juju-log Image build failed, code: 1, out: , err: None, stdout: 
unit-image-builder-operator-810633d3-0: 08:11:18 ERROR unit.image-builder-operator-810633d3/0.juju-log Image build failed, code: 1, out: , err: None, stdout: 
unit-image-builder-operator-810633d3-0: 08:11:28 ERROR unit.image-builder-operator-810633d3/0.juju-log Image build failed, code: 1, out: , err: None, stdout: 
unit-image-builder-operator-810633d3-0: 08:11:46 ERROR unit.image-builder-operator-810633d3/0.juju-log Image build failed, code: 1, out: , err: None, stdout: 
unit-image-builder-operator-810633d3-0: 08:11:46 ERROR unit.image-builder-operator-810633d3/0.juju-log Uncaught exception while in charm code:
multiprocessing.pool.RemoteTraceback: 
"""
Traceback (most recent call last):
  File "/var/lib/juju/agents/unit-image-builder-operator-810633d3-0/charm/src/builder.py", line 523, in _run
    stdout = subprocess.check_output(  # pylint: disable=unexpected-keyword-arg # nosec:B603
  File "/usr/lib/python3.10/subprocess.py", line 421, in check_output
    return run(*popenargs, stdout=PIPE, timeout=timeout, check=True,
  File "/usr/lib/python3.10/subprocess.py", line 526, in run
    raise CalledProcessError(retcode, process.args,
subprocess.CalledProcessError: Command '['/usr/bin/run-one', '/usr/bin/sudo', '--preserve-env', '/home/ubuntu/.local/bin/github-runner-image-builder', '--os-cloud', 'builder', 'run', 'image-builder-operator-810633d3-noble-x64', '--flavor', 'shared.xsmall', '--keep-revisions', '5', '--network', 'net_stg-ps7-github-runner-test-amd64', '--prefix', 'image-builder-operator-810633d3', '--upload-clouds', 'stg-ps7-github-runner-test-amd64_project_stg-ps7-github-runner-test-amd64', '--arch', 'x64', '--base-image', 'noble', '--script-url', 'https://raw.githubusercontent.com/canonical/github-runner-image-builder/refs/heads/main/tests/integration/testdata/test_script.sh', '--proxy', 'egress.ps7.internal:3128']' returned non-zero exit status 1.

The above exception was the direct cause of the following exception:

Traceback (most recent call last):
  File "/usr/lib/python3.10/multiprocessing/pool.py", line 125, in worker
    result = (True, func(*args, **kwds))
  File "/usr/lib/python3.10/multiprocessing/pool.py", line 48, in mapstar
    return list(map(*args))
  File "/var/lib/juju/agents/unit-image-builder-operator-810633d3-0/charm/venv/tenacity/__init__.py", line 338, in wrapped_f
    return copy(f, *args, **kw)
  File "/var/lib/juju/agents/unit-image-builder-operator-810633d3-0/charm/venv/tenacity/__init__.py", line 477, in __call__
    do = self.iter(retry_state=retry_state)
  File "/var/lib/juju/agents/unit-image-builder-operator-810633d3-0/charm/venv/tenacity/__init__.py", line 378, in iter
    result = action(retry_state)
  File "/var/lib/juju/agents/unit-image-builder-operator-810633d3-0/charm/venv/tenacity/__init__.py", line 420, in exc_check
    raise retry_exc.reraise()
  File "/var/lib/juju/agents/unit-image-builder-operator-810633d3-0/charm/venv/tenacity/__init__.py", line 187, in reraise
    raise self.last_attempt.result()
  File "/usr/lib/python3.10/concurrent/futures/_base.py", line 451, in result
    return self.__get_result()
  File "/usr/lib/python3.10/concurrent/futures/_base.py", line 403, in __get_result
    raise self._exception
  File "/var/lib/juju/agents/unit-image-builder-operator-810633d3-0/charm/venv/tenacity/__init__.py", line 480, in __call__
    result = fn(*args, **kwargs)
  File "/var/lib/juju/agents/unit-image-builder-operator-810633d3-0/charm/src/builder.py", line 553, in _run
    raise BuilderRunError from exc
exceptions.BuilderRunError
"""

The above exception was the direct cause of the following exception:

Traceback (most recent call last):
  File "/var/lib/juju/agents/unit-image-builder-operator-810633d3-0/charm/./src/charm.py", line 339, in <module>
    ops.main.main(GithubRunnerImageBuilderCharm)
  File "/var/lib/juju/agents/unit-image-builder-operator-810633d3-0/charm/venv/ops/__init__.py", line 363, in main
    return _legacy_main.main(
  File "/var/lib/juju/agents/unit-image-builder-operator-810633d3-0/charm/venv/ops/main.py", line 39, in main
    return _main.main(charm_class=charm_class, use_juju_for_storage=use_juju_for_storage)
  File "/var/lib/juju/agents/unit-image-builder-operator-810633d3-0/charm/venv/ops/_main.py", line 504, in main
    manager.run()
  File "/var/lib/juju/agents/unit-image-builder-operator-810633d3-0/charm/venv/ops/_main.py", line 488, in run
    self._emit()
  File "/var/lib/juju/agents/unit-image-builder-operator-810633d3-0/charm/venv/ops/_main.py", line 423, in _emit
    self._emit_charm_event(self.dispatcher.event_name)
  File "/var/lib/juju/agents/unit-image-builder-operator-810633d3-0/charm/venv/ops/_main.py", line 467, in _emit_charm_event
    event_to_emit.emit(*args, **kwargs)
  File "/var/lib/juju/agents/unit-image-builder-operator-810633d3-0/charm/venv/ops/framework.py", line 351, in emit
    framework._emit(event)
  File "/var/lib/juju/agents/unit-image-builder-operator-810633d3-0/charm/venv/ops/framework.py", line 924, in _emit
    self._reemit(event_path)
  File "/var/lib/juju/agents/unit-image-builder-operator-810633d3-0/charm/venv/ops/framework.py", line 1036, in _reemit
    custom_handler(event)
  File "/var/lib/juju/agents/unit-image-builder-operator-810633d3-0/charm/src/charm_utils.py", line 68, in wrapper
    return method(instance, event)
  File "/var/lib/juju/agents/unit-image-builder-operator-810633d3-0/charm/./src/charm.py", line 163, in _on_run
    self._run()  # pragma: nocover
  File "/var/lib/juju/agents/unit-image-builder-operator-810633d3-0/charm/./src/charm.py", line 253, in _run
    cloud_images = builder.run(
  File "/var/lib/juju/agents/unit-image-builder-operator-810633d3-0/charm/src/builder.py", line 435, in run
    build_results = pool.map(_run, build_configs)
  File "/usr/lib/python3.10/multiprocessing/pool.py", line 367, in map
    return self._map_async(func, iterable, mapstar, chunksize).get()
  File "/usr/lib/python3.10/multiprocessing/pool.py", line 774, in get
    raise self._value
exceptions.BuilderRunError
unit-image-builder-operator-810633d3-0: 08:12:03 ERROR unit.image-builder-operator-810633d3/0.juju-log Image build failed, code: 1, out: , err: None, stdout: 
unit-image-builder-operator-810633d3-0: 08:12:10 ERROR unit.image-builder-operator-810633d3/0.juju-log Image build failed, code: 1, out: , err: None, stdout: 
unit-image-builder-operator-810633d3-0: 08:12:18 ERROR unit.image-builder-operator-810633d3/0.juju-log Image build failed, code: 1, out: , err: None, stdout: 
unit-image-builder-operator-810633d3-0: 08:12:28 ERROR unit.image-builder-operator-810633d3/0.juju-log Image build failed, code: 1, out: , err: None, stdout: 
unit-image-builder-operator-810633d3-0: 08:12:47 ERROR unit.image-builder-operator-810633d3/0.juju-log Image build failed, code: 1, out: , err: None, stdout: 
unit-image-builder-operator-810633d3-0: 08:12:47 ERROR unit.image-builder-operator-810633d3/0.juju-log Uncaught exception while in charm code:
multiprocessing.pool.RemoteTraceback: 
"""
Traceback (most recent call last):
  File "/var/lib/juju/agents/unit-image-builder-operator-810633d3-0/charm/src/builder.py", line 523, in _run
    stdout = subprocess.check_output(  # pylint: disable=unexpected-keyword-arg # nosec:B603
  File "/usr/lib/python3.10/subprocess.py", line 421, in check_output
    return run(*popenargs, stdout=PIPE, timeout=timeout, check=True,
  File "/usr/lib/python3.10/subprocess.py", line 526, in run
    raise CalledProcessError(retcode, process.args,
subprocess.CalledProcessError: Command '['/usr/bin/run-one', '/usr/bin/sudo', '--preserve-env', '/home/ubuntu/.local/bin/github-runner-image-builder', '--os-cloud', 'builder', 'run', 'image-builder-operator-810633d3-noble-x64', '--flavor', 'shared.xsmall', '--keep-revisions', '5', '--network', 'net_stg-ps7-github-runner-test-amd64', '--prefix', 'image-builder-operator-810633d3', '--upload-clouds', 'stg-ps7-github-runner-test-amd64_project_stg-ps7-github-runner-test-amd64', '--arch', 'x64', '--base-image', 'noble', '--script-url', 'https://raw.githubusercontent.com/canonical/github-runner-image-builder/refs/heads/main/tests/integration/testdata/test_script.sh', '--proxy', 'egress.ps7.internal:3128']' returned non-zero exit status 1.

The above exception was the direct cause of the following exception:

Traceback (most recent call last):
  File "/usr/lib/python3.10/multiprocessing/pool.py", line 125, in worker
    result = (True, func(*args, **kwds))
  File "/usr/lib/python3.10/multiprocessing/pool.py", line 48, in mapstar
    return list(map(*args))
  File "/var/lib/juju/agents/unit-image-builder-operator-810633d3-0/charm/venv/tenacity/__init__.py", line 338, in wrapped_f
    return copy(f, *args, **kw)
  File "/var/lib/juju/agents/unit-image-builder-operator-810633d3-0/charm/venv/tenacity/__init__.py", line 477, in __call__
    do = self.iter(retry_state=retry_state)
  File "/var/lib/juju/agents/unit-image-builder-operator-810633d3-0/charm/venv/tenacity/__init__.py", line 378, in iter
    result = action(retry_state)
  File "/var/lib/juju/agents/unit-image-builder-operator-810633d3-0/charm/venv/tenacity/__init__.py", line 420, in exc_check
    raise retry_exc.reraise()
  File "/var/lib/juju/agents/unit-image-builder-operator-810633d3-0/charm/venv/tenacity/__init__.py", line 187, in reraise
    raise self.last_attempt.result()
  File "/usr/lib/python3.10/concurrent/futures/_base.py", line 451, in result
    return self.__get_result()
  File "/usr/lib/python3.10/concurrent/futures/_base.py", line 403, in __get_result
    raise self._exception
  File "/var/lib/juju/agents/unit-image-builder-operator-810633d3-0/charm/venv/tenacity/__init__.py", line 480, in __call__
    result = fn(*args, **kwargs)
  File "/var/lib/juju/agents/unit-image-builder-operator-810633d3-0/charm/src/builder.py", line 553, in _run
    raise BuilderRunError from exc
exceptions.BuilderRunError
"""

The above exception was the direct cause of the following exception:

Traceback (most recent call last):
  File "/var/lib/juju/agents/unit-image-builder-operator-810633d3-0/charm/./src/charm.py", line 339, in <module>
    ops.main.main(GithubRunnerImageBuilderCharm)
  File "/var/lib/juju/agents/unit-image-builder-operator-810633d3-0/charm/venv/ops/__init__.py", line 363, in main
    return _legacy_main.main(
  File "/var/lib/juju/agents/unit-image-builder-operator-810633d3-0/charm/venv/ops/main.py", line 39, in main
    return _main.main(charm_class=charm_class, use_juju_for_storage=use_juju_for_storage)
  File "/var/lib/juju/agents/unit-image-builder-operator-810633d3-0/charm/venv/ops/_main.py", line 504, in main
    manager.run()
  File "/var/lib/juju/agents/unit-image-builder-operator-810633d3-0/charm/venv/ops/_main.py", line 488, in run
    self._emit()
  File "/var/lib/juju/agents/unit-image-builder-operator-810633d3-0/charm/venv/ops/_main.py", line 423, in _emit
    self._emit_charm_event(self.dispatcher.event_name)
  File "/var/lib/juju/agents/unit-image-builder-operator-810633d3-0/charm/venv/ops/_main.py", line 467, in _emit_charm_event
    event_to_emit.emit(*args, **kwargs)
  File "/var/lib/juju/agents/unit-image-builder-operator-810633d3-0/charm/venv/ops/framework.py", line 351, in emit
    framework._emit(event)
  File "/var/lib/juju/agents/unit-image-builder-operator-810633d3-0/charm/venv/ops/framework.py", line 924, in _emit
    self._reemit(event_path)
  File "/var/lib/juju/agents/unit-image-builder-operator-810633d3-0/charm/venv/ops/framework.py", line 1036, in _reemit
    custom_handler(event)
  File "/var/lib/juju/agents/unit-image-builder-operator-810633d3-0/charm/src/charm_utils.py", line 68, in wrapper
    return method(instance, event)
  File "/var/lib/juju/agents/unit-image-builder-operator-810633d3-0/charm/./src/charm.py", line 163, in _on_run
    self._run()  # pragma: nocover
  File "/var/lib/juju/agents/unit-image-builder-operator-810633d3-0/charm/./src/charm.py", line 253, in _run
    cloud_images = builder.run(
  File "/var/lib/juju/agents/unit-image-builder-operator-810633d3-0/charm/src/builder.py", line 435, in run
    build_results = pool.map(_run, build_configs)
  File "/usr/lib/python3.10/multiprocessing/pool.py", line 367, in map
    return self._map_async(func, iterable, mapstar, chunksize).get()
  File "/usr/lib/python3.10/multiprocessing/pool.py", line 774, in get
    raise self._value
exceptions.BuilderRunError
unit-image-builder-operator-810633d3-0: 08:13:04 ERROR unit.image-builder-operator-810633d3/0.juju-log Image build failed, code: 1, out: , err: None, stdout: 
unit-image-builder-operator-810633d3-0: 08:13:11 ERROR unit.image-builder-operator-810633d3/0.juju-log Image build failed, code: 1, out: , err: None, stdout: 
unit-image-builder-operator-810633d3-0: 08:13:18 ERROR unit.image-builder-operator-810633d3/0.juju-log Image build failed, code: 1, out: , err: None, stdout: 
unit-image-builder-operator-810633d3-0: 08:13:27 ERROR unit.image-builder-operator-810633d3/0.juju-log Image build failed, code: 1, out: , err: None, stdout: 
unit-image-builder-operator-810633d3-0: 08:13:45 ERROR unit.image-builder-operator-810633d3/0.juju-log Image build failed, code: 1, out: , err: None, stdout: 
unit-image-builder-operator-810633d3-0: 08:13:45 ERROR unit.image-builder-operator-810633d3/0.juju-log Uncaught exception while in charm code:
multiprocessing.pool.RemoteTraceback: 
"""
Traceback (most recent call last):
  File "/var/lib/juju/agents/unit-image-builder-operator-810633d3-0/charm/src/builder.py", line 523, in _run
    stdout = subprocess.check_output(  # pylint: disable=unexpected-keyword-arg # nosec:B603
  File "/usr/lib/python3.10/subprocess.py", line 421, in check_output
    return run(*popenargs, stdout=PIPE, timeout=timeout, check=True,
  File "/usr/lib/python3.10/subprocess.py", line 526, in run
    raise CalledProcessError(retcode, process.args,
subprocess.CalledProcessError: Command '['/usr/bin/run-one', '/usr/bin/sudo', '--preserve-env', '/home/ubuntu/.local/bin/github-runner-image-builder', '--os-cloud', 'builder', 'run', 'image-builder-operator-810633d3-noble-x64', '--flavor', 'shared.xsmall', '--keep-revisions', '5', '--network', 'net_stg-ps7-github-runner-test-amd64', '--prefix', 'image-builder-operator-810633d3', '--upload-clouds', 'stg-ps7-github-runner-test-amd64_project_stg-ps7-github-runner-test-amd64', '--arch', 'x64', '--base-image', 'noble', '--script-url', 'https://raw.githubusercontent.com/canonical/github-runner-image-builder/refs/heads/main/tests/integration/testdata/test_script.sh', '--proxy', 'egress.ps7.internal:3128']' returned non-zero exit status 1.

The above exception was the direct cause of the following exception:

Traceback (most recent call last):
  File "/usr/lib/python3.10/multiprocessing/pool.py", line 125, in worker
    result = (True, func(*args, **kwds))
  File "/usr/lib/python3.10/multiprocessing/pool.py", line 48, in mapstar
    return list(map(*args))
  File "/var/lib/juju/agents/unit-image-builder-operator-810633d3-0/charm/venv/tenacity/__init__.py", line 338, in wrapped_f
    return copy(f, *args, **kw)
  File "/var/lib/juju/agents/unit-image-builder-operator-810633d3-0/charm/venv/tenacity/__init__.py", line 477, in __call__
    do = self.iter(retry_state=retry_state)
  File "/var/lib/juju/agents/unit-image-builder-operator-810633d3-0/charm/venv/tenacity/__init__.py", line 378, in iter
    result = action(retry_state)
  File "/var/lib/juju/agents/unit-image-builder-operator-810633d3-0/charm/venv/tenacity/__init__.py", line 420, in exc_check
    raise retry_exc.reraise()
  File "/var/lib/juju/agents/unit-image-builder-operator-810633d3-0/charm/venv/tenacity/__init__.py", line 187, in reraise
    raise self.last_attempt.result()
  File "/usr/lib/python3.10/concurrent/futures/_base.py", line 451, in result
    return self.__get_result()
  File "/usr/lib/python3.10/concurrent/futures/_base.py", line 403, in __get_result
    raise self._exception
  File "/var/lib/juju/agents/unit-image-builder-operator-810633d3-0/charm/venv/tenacity/__init__.py", line 480, in __call__
    result = fn(*args, **kwargs)
  File "/var/lib/juju/agents/unit-image-builder-operator-810633d3-0/charm/src/builder.py", line 553, in _run
    raise BuilderRunError from exc
exceptions.BuilderRunError
"""

The above exception was the direct cause of the following exception:

Traceback (most recent call last):
  File "/var/lib/juju/agents/unit-image-builder-operator-810633d3-0/charm/./src/charm.py", line 339, in <module>
    ops.main.main(GithubRunnerImageBuilderCharm)
  File "/var/lib/juju/agents/unit-image-builder-operator-810633d3-0/charm/venv/ops/__init__.py", line 363, in main
    return _legacy_main.main(
  File "/var/lib/juju/agents/unit-image-builder-operator-810633d3-0/charm/venv/ops/main.py", line 39, in main
    return _main.main(charm_class=charm_class, use_juju_for_storage=use_juju_for_storage)
  File "/var/lib/juju/agents/unit-image-builder-operator-810633d3-0/charm/venv/ops/_main.py", line 504, in main
    manager.run()
  File "/var/lib/juju/agents/unit-image-builder-operator-810633d3-0/charm/venv/ops/_main.py", line 488, in run
    self._emit()
  File "/var/lib/juju/agents/unit-image-builder-operator-810633d3-0/charm/venv/ops/_main.py", line 423, in _emit
    self._emit_charm_event(self.dispatcher.event_name)
  File "/var/lib/juju/agents/unit-image-builder-operator-810633d3-0/charm/venv/ops/_main.py", line 467, in _emit_charm_event
    event_to_emit.emit(*args, **kwargs)
  File "/var/lib/juju/agents/unit-image-builder-operator-810633d3-0/charm/venv/ops/framework.py", line 351, in emit
    framework._emit(event)
  File "/var/lib/juju/agents/unit-image-builder-operator-810633d3-0/charm/venv/ops/framework.py", line 924, in _emit
    self._reemit(event_path)
  File "/var/lib/juju/agents/unit-image-builder-operator-810633d3-0/charm/venv/ops/framework.py", line 1036, in _reemit
    custom_handler(event)
  File "/var/lib/juju/agents/unit-image-builder-operator-810633d3-0/charm/src/charm_utils.py", line 68, in wrapper
    return method(instance, event)
  File "/var/lib/juju/agents/unit-image-builder-operator-810633d3-0/charm/./src/charm.py", line 163, in _on_run
    self._run()  # pragma: nocover
  File "/var/lib/juju/agents/unit-image-builder-operator-810633d3-0/charm/./src/charm.py", line 253, in _run
    cloud_images = builder.run(
  File "/var/lib/juju/agents/unit-image-builder-operator-810633d3-0/charm/src/builder.py", line 435, in run
    build_results = pool.map(_run, build_configs)
  File "/usr/lib/python3.10/multiprocessing/pool.py", line 367, in map
    return self._map_async(func, iterable, mapstar, chunksize).get()
  File "/usr/lib/python3.10/multiprocessing/pool.py", line 774, in get
    raise self._value
exceptions.BuilderRunError
unit-image-builder-operator-810633d3-0: 08:14:03 ERROR unit.image-builder-operator-810633d3/0.juju-log Image build failed, code: 1, out: , err: None, stdout: 
unit-image-builder-operator-810633d3-0: 08:14:10 ERROR unit.image-builder-operator-810633d3/0.juju-log Image build failed, code: 1, out: , err: None, stdout: 
unit-image-builder-operator-810633d3-0: 08:14:17 ERROR unit.image-builder-operator-810633d3/0.juju-log Image build failed, code: 1, out: , err: None, stdout: 
unit-image-builder-operator-810633d3-0: 08:14:28 ERROR unit.image-builder-operator-810633d3/0.juju-log Image build failed, code: 1, out: , err: None, stdout: 
unit-image-builder-operator-810633d3-0: 08:14:46 ERROR unit.image-builder-operator-810633d3/0.juju-log Image build failed, code: 1, out: , err: None, stdout: 
unit-image-builder-operator-810633d3-0: 08:14:46 ERROR unit.image-builder-operator-810633d3/0.juju-log Uncaught exception while in charm code:
multiprocessing.pool.RemoteTraceback: 
"""
Traceback (most recent call last):
  File "/var/lib/juju/agents/unit-image-builder-operator-810633d3-0/charm/src/builder.py", line 523, in _run
    stdout = subprocess.check_output(  # pylint: disable=unexpected-keyword-arg # nosec:B603
  File "/usr/lib/python3.10/subprocess.py", line 421, in check_output
    return run(*popenargs, stdout=PIPE, timeout=timeout, check=True,
  File "/usr/lib/python3.10/subprocess.py", line 526, in run
    raise CalledProcessError(retcode, process.args,
subprocess.CalledProcessError: Command '['/usr/bin/run-one', '/usr/bin/sudo', '--preserve-env', '/home/ubuntu/.local/bin/github-runner-image-builder', '--os-cloud', 'builder', 'run', 'image-builder-operator-810633d3-noble-x64', '--flavor', 'shared.xsmall', '--keep-revisions', '5', '--network', 'net_stg-ps7-github-runner-test-amd64', '--prefix', 'image-builder-operator-810633d3', '--upload-clouds', 'stg-ps7-github-runner-test-amd64_project_stg-ps7-github-runner-test-amd64', '--arch', 'x64', '--base-image', 'noble', '--script-url', 'https://raw.githubusercontent.com/canonical/github-runner-image-builder/refs/heads/main/tests/integration/testdata/test_script.sh', '--proxy', 'egress.ps7.internal:3128']' returned non-zero exit status 1.

The above exception was the direct cause of the following exception:

Traceback (most recent call last):
  File "/usr/lib/python3.10/multiprocessing/pool.py", line 125, in worker
    result = (True, func(*args, **kwds))
  File "/usr/lib/python3.10/multiprocessing/pool.py", line 48, in mapstar
    return list(map(*args))
  File "/var/lib/juju/agents/unit-image-builder-operator-810633d3-0/charm/venv/tenacity/__init__.py", line 338, in wrapped_f
    return copy(f, *args, **kw)
  File "/var/lib/juju/agents/unit-image-builder-operator-810633d3-0/charm/venv/tenacity/__init__.py", line 477, in __call__
    do = self.iter(retry_state=retry_state)
  File "/var/lib/juju/agents/unit-image-builder-operator-810633d3-0/charm/venv/tenacity/__init__.py", line 378, in iter
    result = action(retry_state)
  File "/var/lib/juju/agents/unit-image-builder-operator-810633d3-0/charm/venv/tenacity/__init__.py", line 420, in exc_check
    raise retry_exc.reraise()
  File "/var/lib/juju/agents/unit-image-builder-operator-810633d3-0/charm/venv/tenacity/__init__.py", line 187, in reraise
    raise self.last_attempt.result()
  File "/usr/lib/python3.10/concurrent/futures/_base.py", line 451, in result
    return self.__get_result()
  File "/usr/lib/python3.10/concurrent/futures/_base.py", line 403, in __get_result
    raise self._exception
  File "/var/lib/juju/agents/unit-image-builder-operator-810633d3-0/charm/venv/tenacity/__init__.py", line 480, in __call__
    result = fn(*args, **kwargs)
  File "/var/lib/juju/agents/unit-image-builder-operator-810633d3-0/charm/src/builder.py", line 553, in _run
    raise BuilderRunError from exc
exceptions.BuilderRunError
"""

The above exception was the direct cause of the following exception:

Traceback (most recent call last):
  File "/var/lib/juju/agents/unit-image-builder-operator-810633d3-0/charm/./src/charm.py", line 339, in <module>
    ops.main.main(GithubRunnerImageBuilderCharm)
  File "/var/lib/juju/agents/unit-image-builder-operator-810633d3-0/charm/venv/ops/__init__.py", line 363, in main
    return _legacy_main.main(
  File "/var/lib/juju/agents/unit-image-builder-operator-810633d3-0/charm/venv/ops/main.py", line 39, in main
    return _main.main(charm_class=charm_class, use_juju_for_storage=use_juju_for_storage)
  File "/var/lib/juju/agents/unit-image-builder-operator-810633d3-0/charm/venv/ops/_main.py", line 504, in main
    manager.run()
  File "/var/lib/juju/agents/unit-image-builder-operator-810633d3-0/charm/venv/ops/_main.py", line 488, in run
    self._emit()
  File "/var/lib/juju/agents/unit-image-builder-operator-810633d3-0/charm/venv/ops/_main.py", line 423, in _emit
    self._emit_charm_event(self.dispatcher.event_name)
  File "/var/lib/juju/agents/unit-image-builder-operator-810633d3-0/charm/venv/ops/_main.py", line 467, in _emit_charm_event
    event_to_emit.emit(*args, **kwargs)
  File "/var/lib/juju/agents/unit-image-builder-operator-810633d3-0/charm/venv/ops/framework.py", line 351, in emit
    framework._emit(event)
  File "/var/lib/juju/agents/unit-image-builder-operator-810633d3-0/charm/venv/ops/framework.py", line 924, in _emit
    self._reemit(event_path)
  File "/var/lib/juju/agents/unit-image-builder-operator-810633d3-0/charm/venv/ops/framework.py", line 1036, in _reemit
    custom_handler(event)
  File "/var/lib/juju/agents/unit-image-builder-operator-810633d3-0/charm/src/charm_utils.py", line 68, in wrapper
    return method(instance, event)
  File "/var/lib/juju/agents/unit-image-builder-operator-810633d3-0/charm/./src/charm.py", line 163, in _on_run
    self._run()  # pragma: nocover
  File "/var/lib/juju/agents/unit-image-builder-operator-810633d3-0/charm/./src/charm.py", line 253, in _run
    cloud_images = builder.run(
  File "/var/lib/juju/agents/unit-image-builder-operator-810633d3-0/charm/src/builder.py", line 435, in run
    build_results = pool.map(_run, build_configs)
  File "/usr/lib/python3.10/multiprocessing/pool.py", line 367, in map
    return self._map_async(func, iterable, mapstar, chunksize).get()
  File "/usr/lib/python3.10/multiprocessing/pool.py", line 774, in get
    raise self._value
exceptions.BuilderRunError
unit-image-builder-operator-810633d3-0: 08:15:04 ERROR unit.image-builder-operator-810633d3/0.juju-log Image build failed, code: 1, out: , err: None, stdout: 
unit-image-builder-operator-810633d3-0: 08:15:11 ERROR unit.image-builder-operator-810633d3/0.juju-log Image build failed, code: 1, out: , err: None, stdout: 
unit-image-builder-operator-810633d3-0: 08:15:20 ERROR unit.image-builder-operator-810633d3/0.juju-log Image build failed, code: 1, out: , err: None, stdout: 
unit-image-builder-operator-810633d3-0: 08:15:30 ERROR unit.image-builder-operator-810633d3/0.juju-log Image build failed, code: 1, out: , err: None, stdout: 
unit-image-builder-operator-810633d3-0: 08:15:48 ERROR unit.image-builder-operator-810633d3/0.juju-log Image build failed, code: 1, out: , err: None, stdout: 
unit-image-builder-operator-810633d3-0: 08:15:48 ERROR unit.image-builder-operator-810633d3/0.juju-log Uncaught exception while in charm code:
multiprocessing.pool.RemoteTraceback: 
"""
Traceback (most recent call last):
  File "/var/lib/juju/agents/unit-image-builder-operator-810633d3-0/charm/src/builder.py", line 523, in _run
    stdout = subprocess.check_output(  # pylint: disable=unexpected-keyword-arg # nosec:B603
  File "/usr/lib/python3.10/subprocess.py", line 421, in check_output
    return run(*popenargs, stdout=PIPE, timeout=timeout, check=True,
  File "/usr/lib/python3.10/subprocess.py", line 526, in run
    raise CalledProcessError(retcode, process.args,
subprocess.CalledProcessError: Command '['/usr/bin/run-one', '/usr/bin/sudo', '--preserve-env', '/home/ubuntu/.local/bin/github-runner-image-builder', '--os-cloud', 'builder', 'run', 'image-builder-operator-810633d3-noble-x64', '--flavor', 'shared.xsmall', '--keep-revisions', '5', '--network', 'net_stg-ps7-github-runner-test-amd64', '--prefix', 'image-builder-operator-810633d3', '--upload-clouds', 'stg-ps7-github-runner-test-amd64_project_stg-ps7-github-runner-test-amd64', '--arch', 'x64', '--base-image', 'noble', '--script-url', 'https://raw.githubusercontent.com/canonical/github-runner-image-builder/refs/heads/main/tests/integration/testdata/test_script.sh', '--proxy', 'egress.ps7.internal:3128']' returned non-zero exit status 1.

The above exception was the direct cause of the following exception:

Traceback (most recent call last):
  File "/usr/lib/python3.10/multiprocessing/pool.py", line 125, in worker
    result = (True, func(*args, **kwds))
  File "/usr/lib/python3.10/multiprocessing/pool.py", line 48, in mapstar
    return list(map(*args))
  File "/var/lib/juju/agents/unit-image-builder-operator-810633d3-0/charm/venv/tenacity/__init__.py", line 338, in wrapped_f
    return copy(f, *args, **kw)
  File "/var/lib/juju/agents/unit-image-builder-operator-810633d3-0/charm/venv/tenacity/__init__.py", line 477, in __call__
    do = self.iter(retry_state=retry_state)
  File "/var/lib/juju/agents/unit-image-builder-operator-810633d3-0/charm/venv/tenacity/__init__.py", line 378, in iter
    result = action(retry_state)
  File "/var/lib/juju/agents/unit-image-builder-operator-810633d3-0/charm/venv/tenacity/__init__.py", line 420, in exc_check
    raise retry_exc.reraise()
  File "/var/lib/juju/agents/unit-image-builder-operator-810633d3-0/charm/venv/tenacity/__init__.py", line 187, in reraise
    raise self.last_attempt.result()
  File "/usr/lib/python3.10/concurrent/futures/_base.py", line 451, in result
    return self.__get_result()
  File "/usr/lib/python3.10/concurrent/futures/_base.py", line 403, in __get_result
    raise self._exception
  File "/var/lib/juju/agents/unit-image-builder-operator-810633d3-0/charm/venv/tenacity/__init__.py", line 480, in __call__
    result = fn(*args, **kwargs)
  File "/var/lib/juju/agents/unit-image-builder-operator-810633d3-0/charm/src/builder.py", line 553, in _run
    raise BuilderRunError from exc
exceptions.BuilderRunError
"""

The above exception was the direct cause of the following exception:

Traceback (most recent call last):
  File "/var/lib/juju/agents/unit-image-builder-operator-810633d3-0/charm/./src/charm.py", line 339, in <module>
    ops.main.main(GithubRunnerImageBuilderCharm)
  File "/var/lib/juju/agents/unit-image-builder-operator-810633d3-0/charm/venv/ops/__init__.py", line 363, in main
    return _legacy_main.main(
  File "/var/lib/juju/agents/unit-image-builder-operator-810633d3-0/charm/venv/ops/main.py", line 39, in main
    return _main.main(charm_class=charm_class, use_juju_for_storage=use_juju_for_storage)
  File "/var/lib/juju/agents/unit-image-builder-operator-810633d3-0/charm/venv/ops/_main.py", line 504, in main
    manager.run()
  File "/var/lib/juju/agents/unit-image-builder-operator-810633d3-0/charm/venv/ops/_main.py", line 488, in run
    self._emit()
  File "/var/lib/juju/agents/unit-image-builder-operator-810633d3-0/charm/venv/ops/_main.py", line 423, in _emit
    self._emit_charm_event(self.dispatcher.event_name)
  File "/var/lib/juju/agents/unit-image-builder-operator-810633d3-0/charm/venv/ops/_main.py", line 467, in _emit_charm_event
    event_to_emit.emit(*args, **kwargs)
  File "/var/lib/juju/agents/unit-image-builder-operator-810633d3-0/charm/venv/ops/framework.py", line 351, in emit
    framework._emit(event)
  File "/var/lib/juju/agents/unit-image-builder-operator-810633d3-0/charm/venv/ops/framework.py", line 924, in _emit
    self._reemit(event_path)
  File "/var/lib/juju/agents/unit-image-builder-operator-810633d3-0/charm/venv/ops/framework.py", line 1036, in _reemit
    custom_handler(event)
  File "/var/lib/juju/agents/unit-image-builder-operator-810633d3-0/charm/src/charm_utils.py", line 68, in wrapper
    return method(instance, event)
  File "/var/lib/juju/agents/unit-image-builder-operator-810633d3-0/charm/./src/charm.py", line 163, in _on_run
    self._run()  # pragma: nocover
  File "/var/lib/juju/agents/unit-image-builder-operator-810633d3-0/charm/./src/charm.py", line 253, in _run
    cloud_images = builder.run(
  File "/var/lib/juju/agents/unit-image-builder-operator-810633d3-0/charm/src/builder.py", line 435, in run
    build_results = pool.map(_run, build_configs)
  File "/usr/lib/python3.10/multiprocessing/pool.py", line 367, in map
    return self._map_async(func, iterable, mapstar, chunksize).get()
  File "/usr/lib/python3.10/multiprocessing/pool.py", line 774, in get
    raise self._value
exceptions.BuilderRunError
unit-image-builder-operator-810633d3-0: 08:16:09 ERROR unit.image-builder-operator-810633d3/0.juju-log Image build failed, code: 1, out: , err: None, stdout: 
unit-image-builder-operator-810633d3-0: 08:16:17 ERROR unit.image-builder-operator-810633d3/0.juju-log Image build failed, code: 1, out: , err: None, stdout: 
unit-image-builder-operator-810633d3-0: 08:16:24 ERROR unit.image-builder-operator-810633d3/0.juju-log Image build failed, code: 1, out: , err: None, stdout: 
unit-image-builder-operator-810633d3-0: 08:16:36 ERROR unit.image-builder-operator-810633d3/0.juju-log Image build failed, code: 1, out: , err: None, stdout: 
unit-image-builder-operator-810633d3-0: 08:16:54 ERROR unit.image-builder-operator-810633d3/0.juju-log Image build failed, code: 1, out: , err: None, stdout: 
unit-image-builder-operator-810633d3-0: 08:16:54 ERROR unit.image-builder-operator-810633d3/0.juju-log Uncaught exception while in charm code:
multiprocessing.pool.RemoteTraceback: 
"""
Traceback (most recent call last):
  File "/var/lib/juju/agents/unit-image-builder-operator-810633d3-0/charm/src/builder.py", line 523, in _run
    stdout = subprocess.check_output(  # pylint: disable=unexpected-keyword-arg # nosec:B603
  File "/usr/lib/python3.10/subprocess.py", line 421, in check_output
    return run(*popenargs, stdout=PIPE, timeout=timeout, check=True,
  File "/usr/lib/python3.10/subprocess.py", line 526, in run
    raise CalledProcessError(retcode, process.args,
subprocess.CalledProcessError: Command '['/usr/bin/run-one', '/usr/bin/sudo', '--preserve-env', '/home/ubuntu/.local/bin/github-runner-image-builder', '--os-cloud', 'builder', 'run', 'image-builder-operator-810633d3-noble-x64', '--flavor', 'shared.xsmall', '--keep-revisions', '5', '--network', 'net_stg-ps7-github-runner-test-amd64', '--prefix', 'image-builder-operator-810633d3', '--upload-clouds', 'stg-ps7-github-runner-test-amd64_project_stg-ps7-github-runner-test-amd64', '--arch', 'x64', '--base-image', 'noble', '--script-url', 'https://raw.githubusercontent.com/canonical/github-runner-image-builder/refs/heads/main/tests/integration/testdata/test_script.sh', '--proxy', 'egress.ps7.internal:3128']' returned non-zero exit status 1.

The above exception was the direct cause of the following exception:

Traceback (most recent call last):
  File "/usr/lib/python3.10/multiprocessing/pool.py", line 125, in worker
    result = (True, func(*args, **kwds))
  File "/usr/lib/python3.10/multiprocessing/pool.py", line 48, in mapstar
    return list(map(*args))
  File "/var/lib/juju/agents/unit-image-builder-operator-810633d3-0/charm/venv/tenacity/__init__.py", line 338, in wrapped_f
    return copy(f, *args, **kw)
  File "/var/lib/juju/agents/unit-image-builder-operator-810633d3-0/charm/venv/tenacity/__init__.py", line 477, in __call__
    do = self.iter(retry_state=retry_state)
  File "/var/lib/juju/agents/unit-image-builder-operator-810633d3-0/charm/venv/tenacity/__init__.py", line 378, in iter
    result = action(retry_state)
  File "/var/lib/juju/agents/unit-image-builder-operator-810633d3-0/charm/venv/tenacity/__init__.py", line 420, in exc_check
    raise retry_exc.reraise()
  File "/var/lib/juju/agents/unit-image-builder-operator-810633d3-0/charm/venv/tenacity/__init__.py", line 187, in reraise
    raise self.last_attempt.result()
  File "/usr/lib/python3.10/concurrent/futures/_base.py", line 451, in result
    return self.__get_result()
  File "/usr/lib/python3.10/concurrent/futures/_base.py", line 403, in __get_result
    raise self._exception
  File "/var/lib/juju/agents/unit-image-builder-operator-810633d3-0/charm/venv/tenacity/__init__.py", line 480, in __call__
    result = fn(*args, **kwargs)
  File "/var/lib/juju/agents/unit-image-builder-operator-810633d3-0/charm/src/builder.py", line 553, in _run
    raise BuilderRunError from exc
exceptions.BuilderRunError
"""

The above exception was the direct cause of the following exception:

Traceback (most recent call last):
  File "/var/lib/juju/agents/unit-image-builder-operator-810633d3-0/charm/./src/charm.py", line 339, in <module>
    ops.main.main(GithubRunnerImageBuilderCharm)
  File "/var/lib/juju/agents/unit-image-builder-operator-810633d3-0/charm/venv/ops/__init__.py", line 363, in main
    return _legacy_main.main(
  File "/var/lib/juju/agents/unit-image-builder-operator-810633d3-0/charm/venv/ops/main.py", line 39, in main
    return _main.main(charm_class=charm_class, use_juju_for_storage=use_juju_for_storage)
  File "/var/lib/juju/agents/unit-image-builder-operator-810633d3-0/charm/venv/ops/_main.py", line 504, in main
    manager.run()
  File "/var/lib/juju/agents/unit-image-builder-operator-810633d3-0/charm/venv/ops/_main.py", line 488, in run
    self._emit()
  File "/var/lib/juju/agents/unit-image-builder-operator-810633d3-0/charm/venv/ops/_main.py", line 423, in _emit
    self._emit_charm_event(self.dispatcher.event_name)
  File "/var/lib/juju/agents/unit-image-builder-operator-810633d3-0/charm/venv/ops/_main.py", line 467, in _emit_charm_event
    event_to_emit.emit(*args, **kwargs)
  File "/var/lib/juju/agents/unit-image-builder-operator-810633d3-0/charm/venv/ops/framework.py", line 351, in emit
    framework._emit(event)
  File "/var/lib/juju/agents/unit-image-builder-operator-810633d3-0/charm/venv/ops/framework.py", line 924, in _emit
    self._reemit(event_path)
  File "/var/lib/juju/agents/unit-image-builder-operator-810633d3-0/charm/venv/ops/framework.py", line 1036, in _reemit
    custom_handler(event)
  File "/var/lib/juju/agents/unit-image-builder-operator-810633d3-0/charm/src/charm_utils.py", line 68, in wrapper
    return method(instance, event)
  File "/var/lib/juju/agents/unit-image-builder-operator-810633d3-0/charm/./src/charm.py", line 163, in _on_run
    self._run()  # pragma: nocover
  File "/var/lib/juju/agents/unit-image-builder-operator-810633d3-0/charm/./src/charm.py", line 253, in _run
    cloud_images = builder.run(
  File "/var/lib/juju/agents/unit-image-builder-operator-810633d3-0/charm/src/builder.py", line 435, in run
    build_results = pool.map(_run, build_configs)
  File "/usr/lib/python3.10/multiprocessing/pool.py", line 367, in map
    return self._map_async(func, iterable, mapstar, chunksize).get()
  File "/usr/lib/python3.10/multiprocessing/pool.py", line 774, in get
    raise self._value
exceptions.BuilderRunError
unit-image-builder-operator-810633d3-0: 08:17:03 ERROR unit.image-builder-operator-810633d3/0.juju-log Image build failed, code: 1, out: , err: None, stdout: 
unit-image-builder-operator-810633d3-0: 08:17:10 ERROR unit.image-builder-operator-810633d3/0.juju-log Image build failed, code: 1, out: , err: None, stdout: 
unit-image-builder-operator-810633d3-0: 08:17:16 ERROR unit.image-builder-operator-810633d3/0.juju-log Image build failed, code: 1, out: , err: None, stdout: 
unit-image-builder-operator-810633d3-0: 08:17:26 ERROR unit.image-builder-operator-810633d3/0.juju-log Image build failed, code: 1, out: , err: None, stdout: 

[32mINFO    [0m pytest_operator.plugin:plugin.py:1039 Forgetting model main...
[32mINFO    [0m tests.integration.conftest:conftest.py:465 Cleaning up keypair.
[32mINFO    [0m tests.integration.conftest:conftest.py:467 Keypair deleted.